[0.231s] DEBUG:colcon:Command line arguments: ['/usr/bin/colcon', 'build']
[0.231s] DEBUG:colcon:Parsed command line arguments: Namespace(log_base=None, log_level=None, verb_name='build', build_base='build', install_base='install', merge_install=False, symlink_install=False, test_result_base=None, continue_on_error=False, executor='parallel', parallel_workers=4, event_handlers=None, ignore_user_meta=False, metas=['./colcon.meta'], base_paths=['.'], packages_ignore=None, packages_ignore_regex=None, paths=None, packages_up_to=None, packages_up_to_regex=None, packages_above=None, packages_above_and_dependencies=None, packages_above_depth=None, packages_select_by_dep=None, packages_skip_by_dep=None, packages_skip_up_to=None, packages_select_build_failed=False, packages_skip_build_finished=False, packages_select_test_failures=False, packages_skip_test_passed=False, packages_select=None, packages_skip=None, packages_select_regex=None, packages_skip_regex=None, packages_start=None, packages_end=None, allow_overriding=[], cmake_args=None, cmake_target=None, cmake_target_skip_unavailable=False, cmake_clean_cache=False, cmake_clean_first=False, cmake_force_configure=False, ament_cmake_args=None, catkin_cmake_args=None, catkin_skip_building_tests=False, mixin_files=None, mixin=None, verb_parser=<colcon_mixin.mixin.mixin_argument.MixinArgumentDecorator object at 0x7576eb085040>, verb_extension=<colcon_core.verb.build.BuildVerb object at 0x7576eb17be60>, main=<bound method BuildVerb.main of <colcon_core.verb.build.BuildVerb object at 0x7576eb17be60>>, mixin_verb=('build',))
[0.308s] Level 1:colcon.colcon_core.package_discovery:discover_packages(colcon_meta) check parameters
[0.309s] Level 1:colcon.colcon_core.package_discovery:discover_packages(recursive) check parameters
[0.309s] Level 1:colcon.colcon_core.package_discovery:discover_packages(ignore) check parameters
[0.309s] Level 1:colcon.colcon_core.package_discovery:discover_packages(path) check parameters
[0.309s] Level 1:colcon.colcon_core.package_discovery:discover_packages(colcon_meta) discover
[0.310s] Level 1:colcon.colcon_core.package_discovery:discover_packages(recursive) discover
[0.310s] INFO:colcon.colcon_core.package_discovery:Crawling recursively for packages in '/home/tao-jazzy/ros2_ws'
[0.310s] Level 1:colcon.colcon_core.package_identification:_identify(.) by extensions ['ignore', 'ignore_ament_install']
[0.310s] Level 1:colcon.colcon_core.package_identification:_identify(.) by extension 'ignore'
[0.310s] Level 1:colcon.colcon_core.package_identification:_identify(.) by extension 'ignore_ament_install'
[0.310s] Level 1:colcon.colcon_core.package_identification:_identify(.) by extensions ['colcon_pkg']
[0.311s] Level 1:colcon.colcon_core.package_identification:_identify(.) by extension 'colcon_pkg'
[0.311s] Level 1:colcon.colcon_core.package_identification:_identify(.) by extensions ['colcon_meta']
[0.311s] Level 1:colcon.colcon_core.package_identification:_identify(.) by extension 'colcon_meta'
[0.311s] Level 1:colcon.colcon_core.package_identification:_identify(.) by extensions ['ros']
[0.311s] Level 1:colcon.colcon_core.package_identification:_identify(.) by extension 'ros'
[0.361s] Level 1:colcon.colcon_core.package_identification:_identify(.) by extensions ['cmake', 'python']
[0.361s] Level 1:colcon.colcon_core.package_identification:_identify(.) by extension 'cmake'
[0.362s] Level 1:colcon.colcon_core.package_identification:_identify(.) by extension 'python'
[0.362s] Level 1:colcon.colcon_core.package_identification:_identify(.) by extensions ['python_setup_py']
[0.362s] Level 1:colcon.colcon_core.package_identification:_identify(.) by extension 'python_setup_py'
[0.362s] Level 1:colcon.colcon_core.package_identification:_identify(build) by extensions ['ignore', 'ignore_ament_install']
[0.363s] Level 1:colcon.colcon_core.package_identification:_identify(build) by extension 'ignore'
[0.363s] Level 1:colcon.colcon_core.package_identification:_identify(build) ignored
[0.363s] Level 1:colcon.colcon_core.package_identification:_identify(install) by extensions ['ignore', 'ignore_ament_install']
[0.363s] Level 1:colcon.colcon_core.package_identification:_identify(install) by extension 'ignore'
[0.363s] Level 1:colcon.colcon_core.package_identification:_identify(install) ignored
[0.364s] Level 1:colcon.colcon_core.package_identification:_identify(log) by extensions ['ignore', 'ignore_ament_install']
[0.364s] Level 1:colcon.colcon_core.package_identification:_identify(log) by extension 'ignore'
[0.364s] Level 1:colcon.colcon_core.package_identification:_identify(log) ignored
[0.364s] Level 1:colcon.colcon_core.package_identification:_identify(src) by extensions ['ignore', 'ignore_ament_install']
[0.364s] Level 1:colcon.colcon_core.package_identification:_identify(src) by extension 'ignore'
[0.364s] Level 1:colcon.colcon_core.package_identification:_identify(src) by extension 'ignore_ament_install'
[0.364s] Level 1:colcon.colcon_core.package_identification:_identify(src) by extensions ['colcon_pkg']
[0.364s] Level 1:colcon.colcon_core.package_identification:_identify(src) by extension 'colcon_pkg'
[0.364s] Level 1:colcon.colcon_core.package_identification:_identify(src) by extensions ['colcon_meta']
[0.365s] Level 1:colcon.colcon_core.package_identification:_identify(src) by extension 'colcon_meta'
[0.365s] Level 1:colcon.colcon_core.package_identification:_identify(src) by extensions ['ros']
[0.365s] Level 1:colcon.colcon_core.package_identification:_identify(src) by extension 'ros'
[0.365s] Level 1:colcon.colcon_core.package_identification:_identify(src) by extensions ['cmake', 'python']
[0.365s] Level 1:colcon.colcon_core.package_identification:_identify(src) by extension 'cmake'
[0.365s] Level 1:colcon.colcon_core.package_identification:_identify(src) by extension 'python'
[0.365s] Level 1:colcon.colcon_core.package_identification:_identify(src) by extensions ['python_setup_py']
[0.365s] Level 1:colcon.colcon_core.package_identification:_identify(src) by extension 'python_setup_py'
[0.365s] Level 1:colcon.colcon_core.package_identification:_identify(src/py_pubsub) by extensions ['ignore', 'ignore_ament_install']
[0.366s] Level 1:colcon.colcon_core.package_identification:_identify(src/py_pubsub) by extension 'ignore'
[0.366s] Level 1:colcon.colcon_core.package_identification:_identify(src/py_pubsub) by extension 'ignore_ament_install'
[0.367s] Level 1:colcon.colcon_core.package_identification:_identify(src/py_pubsub) by extensions ['colcon_pkg']
[0.367s] Level 1:colcon.colcon_core.package_identification:_identify(src/py_pubsub) by extension 'colcon_pkg'
[0.367s] Level 1:colcon.colcon_core.package_identification:_identify(src/py_pubsub) by extensions ['colcon_meta']
[0.367s] Level 1:colcon.colcon_core.package_identification:_identify(src/py_pubsub) by extension 'colcon_meta'
[0.367s] Level 1:colcon.colcon_core.package_identification:_identify(src/py_pubsub) by extensions ['ros']
[0.367s] Level 1:colcon.colcon_core.package_identification:_identify(src/py_pubsub) by extension 'ros'
[0.372s] DEBUG:colcon.colcon_core.package_identification:Package 'src/py_pubsub' with type 'ros.ament_python' and name 'py_pubsub'
[0.372s] Level 1:colcon.colcon_core.package_identification:_identify(src/serial_motor_demo_msgs) by extensions ['ignore', 'ignore_ament_install']
[0.372s] Level 1:colcon.colcon_core.package_identification:_identify(src/serial_motor_demo_msgs) by extension 'ignore'
[0.372s] Level 1:colcon.colcon_core.package_identification:_identify(src/serial_motor_demo_msgs) by extension 'ignore_ament_install'
[0.373s] Level 1:colcon.colcon_core.package_identification:_identify(src/serial_motor_demo_msgs) by extensions ['colcon_pkg']
[0.373s] Level 1:colcon.colcon_core.package_identification:_identify(src/serial_motor_demo_msgs) by extension 'colcon_pkg'
[0.373s] Level 1:colcon.colcon_core.package_identification:_identify(src/serial_motor_demo_msgs) by extensions ['colcon_meta']
[0.373s] Level 1:colcon.colcon_core.package_identification:_identify(src/serial_motor_demo_msgs) by extension 'colcon_meta'
[0.373s] Level 1:colcon.colcon_core.package_identification:_identify(src/serial_motor_demo_msgs) by extensions ['ros']
[0.373s] Level 1:colcon.colcon_core.package_identification:_identify(src/serial_motor_demo_msgs) by extension 'ros'
[0.373s] DEBUG:colcon.colcon_core.package_identification:Package 'src/serial_motor_demo_msgs' with type 'ros.ament_cmake' and name 'serial_motor_demo_msgs'
[0.374s] Level 1:colcon.colcon_core.package_discovery:discover_packages(recursive) using defaults
[0.374s] Level 1:colcon.colcon_core.package_discovery:discover_packages(ignore) discover
[0.374s] Level 1:colcon.colcon_core.package_discovery:discover_packages(ignore) using defaults
[0.374s] Level 1:colcon.colcon_core.package_discovery:discover_packages(path) discover
[0.374s] Level 1:colcon.colcon_core.package_discovery:discover_packages(path) using defaults
[0.404s] Level 1:colcon.colcon_core.package_discovery:discover_packages(prefix_path) check parameters
[0.405s] Level 1:colcon.colcon_core.package_discovery:discover_packages(prefix_path) discover
[0.414s] DEBUG:colcon.colcon_installed_package_information.package_discovery:Found 285 installed packages in /opt/ros/jazzy
[0.415s] Level 1:colcon.colcon_core.package_discovery:discover_packages(prefix_path) using defaults
[0.477s] Level 5:colcon.colcon_core.verb:set package 'serial_motor_demo_msgs' build argument 'cmake_args' from command line to 'None'
[0.478s] Level 5:colcon.colcon_core.verb:set package 'serial_motor_demo_msgs' build argument 'cmake_target' from command line to 'None'
[0.478s] Level 5:colcon.colcon_core.verb:set package 'serial_motor_demo_msgs' build argument 'cmake_target_skip_unavailable' from command line to 'False'
[0.478s] Level 5:colcon.colcon_core.verb:set package 'serial_motor_demo_msgs' build argument 'cmake_clean_cache' from command line to 'False'
[0.478s] Level 5:colcon.colcon_core.verb:set package 'serial_motor_demo_msgs' build argument 'cmake_clean_first' from command line to 'False'
[0.478s] Level 5:colcon.colcon_core.verb:set package 'serial_motor_demo_msgs' build argument 'cmake_force_configure' from command line to 'False'
[0.478s] Level 5:colcon.colcon_core.verb:set package 'serial_motor_demo_msgs' build argument 'ament_cmake_args' from command line to 'None'
[0.478s] Level 5:colcon.colcon_core.verb:set package 'serial_motor_demo_msgs' build argument 'catkin_cmake_args' from command line to 'None'
[0.478s] Level 5:colcon.colcon_core.verb:set package 'serial_motor_demo_msgs' build argument 'catkin_skip_building_tests' from command line to 'False'
[0.478s] DEBUG:colcon.colcon_core.verb:Building package 'serial_motor_demo_msgs' with the following arguments: {'ament_cmake_args': None, 'build_base': '/home/tao-jazzy/ros2_ws/build/serial_motor_demo_msgs', 'catkin_cmake_args': None, 'catkin_skip_building_tests': False, 'cmake_args': None, 'cmake_clean_cache': False, 'cmake_clean_first': False, 'cmake_force_configure': False, 'cmake_target': None, 'cmake_target_skip_unavailable': False, 'install_base': '/home/tao-jazzy/ros2_ws/install/serial_motor_demo_msgs', 'merge_install': False, 'path': '/home/tao-jazzy/ros2_ws/src/serial_motor_demo_msgs', 'symlink_install': False, 'test_result_base': None}
[0.478s] Level 5:colcon.colcon_core.verb:set package 'py_pubsub' build argument 'cmake_args' from command line to 'None'
[0.478s] Level 5:colcon.colcon_core.verb:set package 'py_pubsub' build argument 'cmake_target' from command line to 'None'
[0.478s] Level 5:colcon.colcon_core.verb:set package 'py_pubsub' build argument 'cmake_target_skip_unavailable' from command line to 'False'
[0.479s] Level 5:colcon.colcon_core.verb:set package 'py_pubsub' build argument 'cmake_clean_cache' from command line to 'False'
[0.479s] Level 5:colcon.colcon_core.verb:set package 'py_pubsub' build argument 'cmake_clean_first' from command line to 'False'
[0.479s] Level 5:colcon.colcon_core.verb:set package 'py_pubsub' build argument 'cmake_force_configure' from command line to 'False'
[0.479s] Level 5:colcon.colcon_core.verb:set package 'py_pubsub' build argument 'ament_cmake_args' from command line to 'None'
[0.479s] Level 5:colcon.colcon_core.verb:set package 'py_pubsub' build argument 'catkin_cmake_args' from command line to 'None'
[0.479s] Level 5:colcon.colcon_core.verb:set package 'py_pubsub' build argument 'catkin_skip_building_tests' from command line to 'False'
[0.479s] DEBUG:colcon.colcon_core.verb:Building package 'py_pubsub' with the following arguments: {'ament_cmake_args': None, 'build_base': '/home/tao-jazzy/ros2_ws/build/py_pubsub', 'catkin_cmake_args': None, 'catkin_skip_building_tests': False, 'cmake_args': None, 'cmake_clean_cache': False, 'cmake_clean_first': False, 'cmake_force_configure': False, 'cmake_target': None, 'cmake_target_skip_unavailable': False, 'install_base': '/home/tao-jazzy/ros2_ws/install/py_pubsub', 'merge_install': False, 'path': '/home/tao-jazzy/ros2_ws/src/py_pubsub', 'symlink_install': False, 'test_result_base': None}
[0.479s] INFO:colcon.colcon_core.executor:Executing jobs using 'parallel' executor
[0.482s] DEBUG:colcon.colcon_parallel_executor.executor.parallel:run_until_complete
[0.483s] INFO:colcon.colcon_ros.task.ament_cmake.build:Building ROS package in '/home/tao-jazzy/ros2_ws/src/serial_motor_demo_msgs' with build type 'ament_cmake'
[0.483s] INFO:colcon.colcon_cmake.task.cmake.build:Building CMake package in '/home/tao-jazzy/ros2_ws/src/serial_motor_demo_msgs'
[0.501s] INFO:colcon.colcon_core.plugin_system:Skipping extension 'colcon_core.shell.bat': Not used on non-Windows systems
[0.501s] INFO:colcon.colcon_core.shell:Skip shell extension 'powershell' for command environment: Not usable outside of PowerShell
[0.502s] DEBUG:colcon.colcon_core.shell:Skip shell extension 'dsv' for command environment
[0.541s] DEBUG:colcon.colcon_core.event_handler.log_command:Invoking command in '/home/tao-jazzy/ros2_ws/build/serial_motor_demo_msgs': CMAKE_PREFIX_PATH=${CMAKE_PREFIX_PATH}:/opt/ros/jazzy DEBUGINFOD_URLS=https://debuginfod.ubuntu.com /usr/bin/cmake /home/tao-jazzy/ros2_ws/src/serial_motor_demo_msgs -DCMAKE_INSTALL_PREFIX=/home/tao-jazzy/ros2_ws/install/serial_motor_demo_msgs
[3.675s] DEBUG:colcon.colcon_core.event_handler.log_command:Invoked command in '/home/tao-jazzy/ros2_ws/build/serial_motor_demo_msgs' returned '0': CMAKE_PREFIX_PATH=${CMAKE_PREFIX_PATH}:/opt/ros/jazzy DEBUGINFOD_URLS=https://debuginfod.ubuntu.com /usr/bin/cmake /home/tao-jazzy/ros2_ws/src/serial_motor_demo_msgs -DCMAKE_INSTALL_PREFIX=/home/tao-jazzy/ros2_ws/install/serial_motor_demo_msgs
[3.676s] DEBUG:colcon.colcon_core.event_handler.log_command:Invoking command in '/home/tao-jazzy/ros2_ws/build/serial_motor_demo_msgs': CMAKE_PREFIX_PATH=${CMAKE_PREFIX_PATH}:/opt/ros/jazzy DEBUGINFOD_URLS=https://debuginfod.ubuntu.com /usr/bin/cmake --build /home/tao-jazzy/ros2_ws/build/serial_motor_demo_msgs -- -j4 -l4
[5.149s] DEBUG:colcon.colcon_core.event_handler.log_command:Invoked command in '/home/tao-jazzy/ros2_ws/build/serial_motor_demo_msgs' returned '0': CMAKE_PREFIX_PATH=${CMAKE_PREFIX_PATH}:/opt/ros/jazzy DEBUGINFOD_URLS=https://debuginfod.ubuntu.com /usr/bin/cmake --build /home/tao-jazzy/ros2_ws/build/serial_motor_demo_msgs -- -j4 -l4
[6.968s] DEBUG:colcon.colcon_core.event_handler.log_command:Invoking command in '/home/tao-jazzy/ros2_ws/build/serial_motor_demo_msgs': CMAKE_PREFIX_PATH=${CMAKE_PREFIX_PATH}:/opt/ros/jazzy DEBUGINFOD_URLS=https://debuginfod.ubuntu.com /usr/bin/cmake --install /home/tao-jazzy/ros2_ws/build/serial_motor_demo_msgs
[7.531s] Level 1:colcon.colcon_core.environment:create_environment_scripts_only(serial_motor_demo_msgs)
[7.534s] DEBUG:colcon.colcon_core.event_handler.log_command:Invoked command in '/home/tao-jazzy/ros2_ws/build/serial_motor_demo_msgs' returned '0': CMAKE_PREFIX_PATH=${CMAKE_PREFIX_PATH}:/opt/ros/jazzy DEBUGINFOD_URLS=https://debuginfod.ubuntu.com /usr/bin/cmake --install /home/tao-jazzy/ros2_ws/build/serial_motor_demo_msgs
[7.596s] Level 1:colcon.colcon_core.environment:checking '/home/tao-jazzy/ros2_ws/install/serial_motor_demo_msgs' for CMake module files
[7.598s] Level 1:colcon.colcon_core.environment:checking '/home/tao-jazzy/ros2_ws/install/serial_motor_demo_msgs' for CMake config files
[7.600s] Level 1:colcon.colcon_core.shell:create_environment_hook('serial_motor_demo_msgs', 'cmake_prefix_path')
[7.616s] INFO:colcon.colcon_core.shell:Creating environment hook '/home/tao-jazzy/ros2_ws/install/serial_motor_demo_msgs/share/serial_motor_demo_msgs/hook/cmake_prefix_path.ps1'
[7.622s] INFO:colcon.colcon_core.shell:Creating environment descriptor '/home/tao-jazzy/ros2_ws/install/serial_motor_demo_msgs/share/serial_motor_demo_msgs/hook/cmake_prefix_path.dsv'
[7.633s] INFO:colcon.colcon_core.shell:Creating environment hook '/home/tao-jazzy/ros2_ws/install/serial_motor_demo_msgs/share/serial_motor_demo_msgs/hook/cmake_prefix_path.sh'
[7.643s] Level 1:colcon.colcon_core.environment:checking '/home/tao-jazzy/ros2_ws/install/serial_motor_demo_msgs/lib'
[7.643s] Level 1:colcon.colcon_core.shell:create_environment_hook('serial_motor_demo_msgs', 'ld_library_path_lib')
[7.644s] INFO:colcon.colcon_core.shell:Creating environment hook '/home/tao-jazzy/ros2_ws/install/serial_motor_demo_msgs/share/serial_motor_demo_msgs/hook/ld_library_path_lib.ps1'
[7.645s] INFO:colcon.colcon_core.shell:Creating environment descriptor '/home/tao-jazzy/ros2_ws/install/serial_motor_demo_msgs/share/serial_motor_demo_msgs/hook/ld_library_path_lib.dsv'
[7.650s] INFO:colcon.colcon_core.shell:Creating environment hook '/home/tao-jazzy/ros2_ws/install/serial_motor_demo_msgs/share/serial_motor_demo_msgs/hook/ld_library_path_lib.sh'
[7.662s] Level 1:colcon.colcon_core.environment:checking '/home/tao-jazzy/ros2_ws/install/serial_motor_demo_msgs/bin'
[7.662s] Level 1:colcon.colcon_core.environment:checking '/home/tao-jazzy/ros2_ws/install/serial_motor_demo_msgs/lib/pkgconfig/serial_motor_demo_msgs.pc'
[7.665s] Level 1:colcon.colcon_core.environment:checking '/home/tao-jazzy/ros2_ws/install/serial_motor_demo_msgs/lib/python3.12/site-packages'
[7.665s] Level 1:colcon.colcon_core.shell:create_environment_hook('serial_motor_demo_msgs', 'pythonpath')
[7.666s] INFO:colcon.colcon_core.shell:Creating environment hook '/home/tao-jazzy/ros2_ws/install/serial_motor_demo_msgs/share/serial_motor_demo_msgs/hook/pythonpath.ps1'
[7.669s] INFO:colcon.colcon_core.shell:Creating environment descriptor '/home/tao-jazzy/ros2_ws/install/serial_motor_demo_msgs/share/serial_motor_demo_msgs/hook/pythonpath.dsv'
[7.674s] INFO:colcon.colcon_core.shell:Creating environment hook '/home/tao-jazzy/ros2_ws/install/serial_motor_demo_msgs/share/serial_motor_demo_msgs/hook/pythonpath.sh'
[7.684s] Level 1:colcon.colcon_core.environment:checking '/home/tao-jazzy/ros2_ws/install/serial_motor_demo_msgs/bin'
[7.685s] INFO:colcon.colcon_core.shell:Creating package script '/home/tao-jazzy/ros2_ws/install/serial_motor_demo_msgs/share/serial_motor_demo_msgs/package.ps1'
[7.692s] INFO:colcon.colcon_core.shell:Creating package descriptor '/home/tao-jazzy/ros2_ws/install/serial_motor_demo_msgs/share/serial_motor_demo_msgs/package.dsv'
[7.703s] INFO:colcon.colcon_core.shell:Creating package script '/home/tao-jazzy/ros2_ws/install/serial_motor_demo_msgs/share/serial_motor_demo_msgs/package.sh'
[7.724s] INFO:colcon.colcon_core.shell:Creating package script '/home/tao-jazzy/ros2_ws/install/serial_motor_demo_msgs/share/serial_motor_demo_msgs/package.bash'
[7.740s] INFO:colcon.colcon_core.shell:Creating package script '/home/tao-jazzy/ros2_ws/install/serial_motor_demo_msgs/share/serial_motor_demo_msgs/package.zsh'
[7.757s] Level 1:colcon.colcon_core.environment:create_file_with_runtime_dependencies(/home/tao-jazzy/ros2_ws/install/serial_motor_demo_msgs/share/colcon-core/packages/serial_motor_demo_msgs)
[10.572s] Level 1:colcon.colcon_core.environment:create_environment_scripts_only(serial_motor_demo_msgs)
[10.575s] Level 1:colcon.colcon_core.environment:checking '/home/tao-jazzy/ros2_ws/install/serial_motor_demo_msgs' for CMake module files
[10.580s] Level 1:colcon.colcon_core.environment:checking '/home/tao-jazzy/ros2_ws/install/serial_motor_demo_msgs' for CMake config files
[10.585s] Level 1:colcon.colcon_core.shell:create_environment_hook('serial_motor_demo_msgs', 'cmake_prefix_path')
[10.586s] INFO:colcon.colcon_core.shell:Creating environment hook '/home/tao-jazzy/ros2_ws/install/serial_motor_demo_msgs/share/serial_motor_demo_msgs/hook/cmake_prefix_path.ps1'
[10.604s] INFO:colcon.colcon_core.shell:Creating environment descriptor '/home/tao-jazzy/ros2_ws/install/serial_motor_demo_msgs/share/serial_motor_demo_msgs/hook/cmake_prefix_path.dsv'
[10.608s] INFO:colcon.colcon_core.shell:Creating environment hook '/home/tao-jazzy/ros2_ws/install/serial_motor_demo_msgs/share/serial_motor_demo_msgs/hook/cmake_prefix_path.sh'
[10.614s] Level 1:colcon.colcon_core.environment:checking '/home/tao-jazzy/ros2_ws/install/serial_motor_demo_msgs/lib'
[10.615s] Level 1:colcon.colcon_core.shell:create_environment_hook('serial_motor_demo_msgs', 'ld_library_path_lib')
[10.619s] INFO:colcon.colcon_core.shell:Creating environment hook '/home/tao-jazzy/ros2_ws/install/serial_motor_demo_msgs/share/serial_motor_demo_msgs/hook/ld_library_path_lib.ps1'
[10.624s] INFO:colcon.colcon_core.shell:Creating environment descriptor '/home/tao-jazzy/ros2_ws/install/serial_motor_demo_msgs/share/serial_motor_demo_msgs/hook/ld_library_path_lib.dsv'
[10.625s] INFO:colcon.colcon_core.shell:Creating environment hook '/home/tao-jazzy/ros2_ws/install/serial_motor_demo_msgs/share/serial_motor_demo_msgs/hook/ld_library_path_lib.sh'
[10.626s] Level 1:colcon.colcon_core.environment:checking '/home/tao-jazzy/ros2_ws/install/serial_motor_demo_msgs/bin'
[10.627s] Level 1:colcon.colcon_core.environment:checking '/home/tao-jazzy/ros2_ws/install/serial_motor_demo_msgs/lib/pkgconfig/serial_motor_demo_msgs.pc'
[10.628s] Level 1:colcon.colcon_core.environment:checking '/home/tao-jazzy/ros2_ws/install/serial_motor_demo_msgs/lib/python3.12/site-packages'
[10.628s] Level 1:colcon.colcon_core.shell:create_environment_hook('serial_motor_demo_msgs', 'pythonpath')
[10.629s] INFO:colcon.colcon_core.shell:Creating environment hook '/home/tao-jazzy/ros2_ws/install/serial_motor_demo_msgs/share/serial_motor_demo_msgs/hook/pythonpath.ps1'
[10.630s] INFO:colcon.colcon_core.shell:Creating environment descriptor '/home/tao-jazzy/ros2_ws/install/serial_motor_demo_msgs/share/serial_motor_demo_msgs/hook/pythonpath.dsv'
[10.656s] INFO:colcon.colcon_core.shell:Creating environment hook '/home/tao-jazzy/ros2_ws/install/serial_motor_demo_msgs/share/serial_motor_demo_msgs/hook/pythonpath.sh'
[10.690s] Level 1:colcon.colcon_core.environment:checking '/home/tao-jazzy/ros2_ws/install/serial_motor_demo_msgs/bin'
[10.691s] INFO:colcon.colcon_core.shell:Creating package script '/home/tao-jazzy/ros2_ws/install/serial_motor_demo_msgs/share/serial_motor_demo_msgs/package.ps1'
[10.711s] INFO:colcon.colcon_core.shell:Creating package descriptor '/home/tao-jazzy/ros2_ws/install/serial_motor_demo_msgs/share/serial_motor_demo_msgs/package.dsv'
[10.714s] INFO:colcon.colcon_core.shell:Creating package script '/home/tao-jazzy/ros2_ws/install/serial_motor_demo_msgs/share/serial_motor_demo_msgs/package.sh'
[10.718s] INFO:colcon.colcon_core.shell:Creating package script '/home/tao-jazzy/ros2_ws/install/serial_motor_demo_msgs/share/serial_motor_demo_msgs/package.bash'
[10.725s] INFO:colcon.colcon_core.shell:Creating package script '/home/tao-jazzy/ros2_ws/install/serial_motor_demo_msgs/share/serial_motor_demo_msgs/package.zsh'
[10.728s] Level 1:colcon.colcon_core.environment:create_file_with_runtime_dependencies(/home/tao-jazzy/ros2_ws/install/serial_motor_demo_msgs/share/colcon-core/packages/serial_motor_demo_msgs)
[10.731s] INFO:colcon.colcon_ros.task.ament_python.build:Building ROS package in '/home/tao-jazzy/ros2_ws/src/py_pubsub' with build type 'ament_python'
[10.731s] Level 1:colcon.colcon_core.shell:create_environment_hook('py_pubsub', 'ament_prefix_path')
[10.733s] INFO:colcon.colcon_core.shell:Creating environment hook '/home/tao-jazzy/ros2_ws/install/py_pubsub/share/py_pubsub/hook/ament_prefix_path.ps1'
[10.749s] INFO:colcon.colcon_core.shell:Creating environment descriptor '/home/tao-jazzy/ros2_ws/install/py_pubsub/share/py_pubsub/hook/ament_prefix_path.dsv'
[10.755s] INFO:colcon.colcon_core.shell:Creating environment hook '/home/tao-jazzy/ros2_ws/install/py_pubsub/share/py_pubsub/hook/ament_prefix_path.sh'
[10.783s] INFO:colcon.colcon_core.shell:Skip shell extension 'powershell' for command environment: Not usable outside of PowerShell
[10.783s] DEBUG:colcon.colcon_core.shell:Skip shell extension 'dsv' for command environment
[11.973s] INFO:colcon.colcon_core.task.python.build:Building Python package in '/home/tao-jazzy/ros2_ws/src/py_pubsub'
[11.975s] INFO:colcon.colcon_core.shell:Skip shell extension 'powershell' for command environment: Not usable outside of PowerShell
[11.975s] DEBUG:colcon.colcon_core.shell:Skip shell extension 'dsv' for command environment
[15.370s] DEBUG:colcon.colcon_core.event_handler.log_command:Invoking command in '/home/tao-jazzy/ros2_ws/build/py_pubsub': AMENT_PREFIX_PATH=/home/tao-jazzy/ros2_ws/install/serial_motor_demo_msgs:${AMENT_PREFIX_PATH} CMAKE_PREFIX_PATH=/home/tao-jazzy/ros2_ws/install/serial_motor_demo_msgs:${CMAKE_PREFIX_PATH} DEBUGINFOD_URLS=https://debuginfod.ubuntu.com LD_LIBRARY_PATH=/home/tao-jazzy/ros2_ws/install/serial_motor_demo_msgs/lib:${LD_LIBRARY_PATH} PYTHONPATH=/home/tao-jazzy/ros2_ws/build/py_pubsub/prefix_override:/usr/lib/python3/dist-packages/colcon_core/task/python/colcon_distutils_commands:/home/tao-jazzy/ros2_ws/install/py_pubsub/lib/python3.12/site-packages:/home/tao-jazzy/ros2_ws/install/serial_motor_demo_msgs/lib/python3.12/site-packages:${PYTHONPATH} /usr/bin/python3 -W ignore:setup.py install is deprecated setup.py develop --uninstall --editable --build-directory /home/tao-jazzy/ros2_ws/build/py_pubsub/build
[16.530s] DEBUG:colcon.colcon_core.event_handler.log_command:Invoked command in '/home/tao-jazzy/ros2_ws/build/py_pubsub' returned '0': AMENT_PREFIX_PATH=/home/tao-jazzy/ros2_ws/install/serial_motor_demo_msgs:${AMENT_PREFIX_PATH} CMAKE_PREFIX_PATH=/home/tao-jazzy/ros2_ws/install/serial_motor_demo_msgs:${CMAKE_PREFIX_PATH} DEBUGINFOD_URLS=https://debuginfod.ubuntu.com LD_LIBRARY_PATH=/home/tao-jazzy/ros2_ws/install/serial_motor_demo_msgs/lib:${LD_LIBRARY_PATH} PYTHONPATH=/home/tao-jazzy/ros2_ws/build/py_pubsub/prefix_override:/usr/lib/python3/dist-packages/colcon_core/task/python/colcon_distutils_commands:/home/tao-jazzy/ros2_ws/install/py_pubsub/lib/python3.12/site-packages:/home/tao-jazzy/ros2_ws/install/serial_motor_demo_msgs/lib/python3.12/site-packages:${PYTHONPATH} /usr/bin/python3 -W ignore:setup.py install is deprecated setup.py develop --uninstall --editable --build-directory /home/tao-jazzy/ros2_ws/build/py_pubsub/build
[16.540s] DEBUG:colcon.colcon_core.event_handler.log_command:Invoking command in '/home/tao-jazzy/ros2_ws/src/py_pubsub': AMENT_PREFIX_PATH=/home/tao-jazzy/ros2_ws/install/serial_motor_demo_msgs:${AMENT_PREFIX_PATH} CMAKE_PREFIX_PATH=/home/tao-jazzy/ros2_ws/install/serial_motor_demo_msgs:${CMAKE_PREFIX_PATH} DEBUGINFOD_URLS=https://debuginfod.ubuntu.com LD_LIBRARY_PATH=/home/tao-jazzy/ros2_ws/install/serial_motor_demo_msgs/lib:${LD_LIBRARY_PATH} PYTHONPATH=/home/tao-jazzy/ros2_ws/build/py_pubsub/prefix_override:/usr/lib/python3/dist-packages/colcon_core/task/python/colcon_distutils_commands:/home/tao-jazzy/ros2_ws/install/py_pubsub/lib/python3.12/site-packages:/home/tao-jazzy/ros2_ws/install/serial_motor_demo_msgs/lib/python3.12/site-packages:${PYTHONPATH} /usr/bin/python3 -W ignore:setup.py install is deprecated setup.py egg_info --egg-base ../../build/py_pubsub build --build-base /home/tao-jazzy/ros2_ws/build/py_pubsub/build install --record /home/tao-jazzy/ros2_ws/build/py_pubsub/install.log --single-version-externally-managed install_data --force
[17.711s] Level 1:colcon.colcon_core.environment:checking '/home/tao-jazzy/ros2_ws/install/py_pubsub' for CMake module files
[17.713s] DEBUG:colcon.colcon_core.event_handler.log_command:Invoked command in '/home/tao-jazzy/ros2_ws/src/py_pubsub' returned '0': AMENT_PREFIX_PATH=/home/tao-jazzy/ros2_ws/install/serial_motor_demo_msgs:${AMENT_PREFIX_PATH} CMAKE_PREFIX_PATH=/home/tao-jazzy/ros2_ws/install/serial_motor_demo_msgs:${CMAKE_PREFIX_PATH} DEBUGINFOD_URLS=https://debuginfod.ubuntu.com LD_LIBRARY_PATH=/home/tao-jazzy/ros2_ws/install/serial_motor_demo_msgs/lib:${LD_LIBRARY_PATH} PYTHONPATH=/home/tao-jazzy/ros2_ws/build/py_pubsub/prefix_override:/usr/lib/python3/dist-packages/colcon_core/task/python/colcon_distutils_commands:/home/tao-jazzy/ros2_ws/install/py_pubsub/lib/python3.12/site-packages:/home/tao-jazzy/ros2_ws/install/serial_motor_demo_msgs/lib/python3.12/site-packages:${PYTHONPATH} /usr/bin/python3 -W ignore:setup.py install is deprecated setup.py egg_info --egg-base ../../build/py_pubsub build --build-base /home/tao-jazzy/ros2_ws/build/py_pubsub/build install --record /home/tao-jazzy/ros2_ws/build/py_pubsub/install.log --single-version-externally-managed install_data --force
[17.714s] Level 1:colcon.colcon_core.environment:checking '/home/tao-jazzy/ros2_ws/install/py_pubsub' for CMake config files
[17.715s] Level 1:colcon.colcon_core.environment:checking '/home/tao-jazzy/ros2_ws/install/py_pubsub/lib'
[17.716s] Level 1:colcon.colcon_core.environment:checking '/home/tao-jazzy/ros2_ws/install/py_pubsub/bin'
[17.717s] Level 1:colcon.colcon_core.environment:checking '/home/tao-jazzy/ros2_ws/install/py_pubsub/lib/pkgconfig/py_pubsub.pc'
[17.718s] Level 1:colcon.colcon_core.environment:checking '/home/tao-jazzy/ros2_ws/install/py_pubsub/lib/python3.12/site-packages'
[17.718s] Level 1:colcon.colcon_core.shell:create_environment_hook('py_pubsub', 'pythonpath')
[17.719s] INFO:colcon.colcon_core.shell:Creating environment hook '/home/tao-jazzy/ros2_ws/install/py_pubsub/share/py_pubsub/hook/pythonpath.ps1'
[17.720s] INFO:colcon.colcon_core.shell:Creating environment descriptor '/home/tao-jazzy/ros2_ws/install/py_pubsub/share/py_pubsub/hook/pythonpath.dsv'
[17.723s] INFO:colcon.colcon_core.shell:Creating environment hook '/home/tao-jazzy/ros2_ws/install/py_pubsub/share/py_pubsub/hook/pythonpath.sh'
[17.726s] Level 1:colcon.colcon_core.environment:checking '/home/tao-jazzy/ros2_ws/install/py_pubsub/bin'
[17.726s] Level 1:colcon.colcon_core.environment:create_environment_scripts_only(py_pubsub)
[17.727s] INFO:colcon.colcon_core.shell:Creating package script '/home/tao-jazzy/ros2_ws/install/py_pubsub/share/py_pubsub/package.ps1'
[17.730s] INFO:colcon.colcon_core.shell:Creating package descriptor '/home/tao-jazzy/ros2_ws/install/py_pubsub/share/py_pubsub/package.dsv'
[17.732s] INFO:colcon.colcon_core.shell:Creating package script '/home/tao-jazzy/ros2_ws/install/py_pubsub/share/py_pubsub/package.sh'
[17.733s] INFO:colcon.colcon_core.shell:Creating package script '/home/tao-jazzy/ros2_ws/install/py_pubsub/share/py_pubsub/package.bash'
[17.734s] INFO:colcon.colcon_core.shell:Creating package script '/home/tao-jazzy/ros2_ws/install/py_pubsub/share/py_pubsub/package.zsh'
[17.737s] Level 1:colcon.colcon_core.environment:create_file_with_runtime_dependencies(/home/tao-jazzy/ros2_ws/install/py_pubsub/share/colcon-core/packages/py_pubsub)
[17.739s] DEBUG:colcon.colcon_parallel_executor.executor.parallel:closing loop
[17.740s] DEBUG:colcon.colcon_parallel_executor.executor.parallel:loop closed
[17.740s] DEBUG:colcon.colcon_parallel_executor.executor.parallel:run_until_complete finished with '0'
[17.741s] DEBUG:colcon.colcon_core.event_reactor:joining thread
[17.778s] INFO:colcon.colcon_core.plugin_system:Skipping extension 'colcon_notification.desktop_notification.terminal_notifier': Not used on non-Darwin systems
[17.778s] INFO:colcon.colcon_core.plugin_system:Skipping extension 'colcon_notification.desktop_notification.win32': Not used on non-Windows systems
[17.778s] INFO:colcon.colcon_notification.desktop_notification:Sending desktop notification using 'notify2'
[17.848s] DEBUG:colcon.colcon_core.event_reactor:joined thread
[17.849s] INFO:colcon.colcon_core.shell:Creating prefix script '/home/tao-jazzy/ros2_ws/install/local_setup.ps1'
[17.852s] INFO:colcon.colcon_core.shell:Creating prefix util module '/home/tao-jazzy/ros2_ws/install/_local_setup_util_ps1.py'
[17.856s] INFO:colcon.colcon_core.shell:Creating prefix chain script '/home/tao-jazzy/ros2_ws/install/setup.ps1'
[17.861s] INFO:colcon.colcon_core.shell:Creating prefix script '/home/tao-jazzy/ros2_ws/install/local_setup.sh'
[17.864s] INFO:colcon.colcon_core.shell:Creating prefix util module '/home/tao-jazzy/ros2_ws/install/_local_setup_util_sh.py'
[17.865s] INFO:colcon.colcon_core.shell:Creating prefix chain script '/home/tao-jazzy/ros2_ws/install/setup.sh'
[17.872s] INFO:colcon.colcon_core.shell:Creating prefix script '/home/tao-jazzy/ros2_ws/install/local_setup.bash'
[17.875s] INFO:colcon.colcon_core.shell:Creating prefix chain script '/home/tao-jazzy/ros2_ws/install/setup.bash'
[17.880s] INFO:colcon.colcon_core.shell:Creating prefix script '/home/tao-jazzy/ros2_ws/install/local_setup.zsh'
[17.883s] INFO:colcon.colcon_core.shell:Creating prefix chain script '/home/tao-jazzy/ros2_ws/install/setup.zsh'
