[1.838s] Invoking command in '/home/tao-jazzy/ros2_ws/src/py_pubsub': DEBUGINFOD_URLS=https://debuginfod.ubuntu.com PYTHONPATH=/home/tao-jazzy/ros2_ws/build/py_pubsub/prefix_override:/usr/lib/python3/dist-packages/colcon_core/task/python/colcon_distutils_commands:/home/tao-jazzy/ros2_ws/install/py_pubsub/lib/python3.12/site-packages:/home/tao-jazzy/ros2_ws/install/serial_motor_demo_msgs/lib/python3.12/site-packages:/home/tao-jazzy/ros2_ws/install/py_pubsub/lib/python3.12/site-packages:/opt/ros/jazzy/lib/python3.12/site-packages /usr/bin/python3 -W ignore:setup.py install is deprecated setup.py egg_info --egg-base ../../build/py_pubsub build --build-base /home/tao-jazzy/ros2_ws/build/py_pubsub/build install --record /home/tao-jazzy/ros2_ws/build/py_pubsub/install.log --single-version-externally-managed install_data
[2.147s] running egg_info
[2.173s] writing ../../build/py_pubsub/py_pubsub.egg-info/PKG-INFO
[2.173s] writing dependency_links to ../../build/py_pubsub/py_pubsub.egg-info/dependency_links.txt
[2.173s] writing entry points to ../../build/py_pubsub/py_pubsub.egg-info/entry_points.txt
[2.173s] writing requirements to ../../build/py_pubsub/py_pubsub.egg-info/requires.txt
[2.174s] writing top-level names to ../../build/py_pubsub/py_pubsub.egg-info/top_level.txt
[2.217s] reading manifest file '../../build/py_pubsub/py_pubsub.egg-info/SOURCES.txt'
[2.218s] adding license file 'LICENSE'
[2.219s] writing manifest file '../../build/py_pubsub/py_pubsub.egg-info/SOURCES.txt'
[2.219s] running build
[2.219s] running build_py
[2.220s] copying py_pubsub/publisher_member_function.py -> /home/tao-jazzy/ros2_ws/build/py_pubsub/build/lib/py_pubsub
[2.220s] running install
[2.228s] running install_lib
[2.248s] copying /home/tao-jazzy/ros2_ws/build/py_pubsub/build/lib/py_pubsub/publisher_member_function.py -> /home/tao-jazzy/ros2_ws/install/py_pubsub/lib/python3.12/site-packages/py_pubsub
[2.248s] byte-compiling /home/tao-jazzy/ros2_ws/install/py_pubsub/lib/python3.12/site-packages/py_pubsub/publisher_member_function.py to publisher_member_function.cpython-312.pyc
[2.253s] running install_data
[2.254s] running install_egg_info
[2.277s] removing '/home/tao-jazzy/ros2_ws/install/py_pubsub/lib/python3.12/site-packages/py_pubsub-0.0.0-py3.12.egg-info' (and everything under it)
[2.280s] Copying ../../build/py_pubsub/py_pubsub.egg-info to /home/tao-jazzy/ros2_ws/install/py_pubsub/lib/python3.12/site-packages/py_pubsub-0.0.0-py3.12.egg-info
[2.283s] running install_scripts
[2.441s] Installing drive_convert script to /home/tao-jazzy/ros2_ws/install/py_pubsub/lib/py_pubsub
[2.442s] writing list of installed files to '/home/tao-jazzy/ros2_ws/build/py_pubsub/install.log'
[2.480s] Invoked command in '/home/tao-jazzy/ros2_ws/src/py_pubsub' returned '0': DEBUGINFOD_URLS=https://debuginfod.ubuntu.com PYTHONPATH=/home/tao-jazzy/ros2_ws/build/py_pubsub/prefix_override:/usr/lib/python3/dist-packages/colcon_core/task/python/colcon_distutils_commands:/home/tao-jazzy/ros2_ws/install/py_pubsub/lib/python3.12/site-packages:/home/tao-jazzy/ros2_ws/install/serial_motor_demo_msgs/lib/python3.12/site-packages:/home/tao-jazzy/ros2_ws/install/py_pubsub/lib/python3.12/site-packages:/opt/ros/jazzy/lib/python3.12/site-packages /usr/bin/python3 -W ignore:setup.py install is deprecated setup.py egg_info --egg-base ../../build/py_pubsub build --build-base /home/tao-jazzy/ros2_ws/build/py_pubsub/build install --record /home/tao-jazzy/ros2_ws/build/py_pubsub/install.log --single-version-externally-managed install_data
