[1.151s] Invoking command in '/home/tao-jazzy/ros2_ws/build/py_pubsub': AMENT_PREFIX_PATH=/home/tao-jazzy/ros2_ws/install/serial_motor_demo_msgs:${AMENT_PREFIX_PATH} CMAKE_PREFIX_PATH=/home/tao-jazzy/ros2_ws/install/serial_motor_demo_msgs:${CMAKE_PREFIX_PATH} DEBUGINFOD_URLS=https://debuginfod.ubuntu.com LD_LIBRARY_PATH=/home/tao-jazzy/ros2_ws/install/serial_motor_demo_msgs/lib:${LD_LIBRARY_PATH} PYTHONPATH=/home/tao-jazzy/ros2_ws/build/py_pubsub/prefix_override:/usr/lib/python3/dist-packages/colcon_core/task/python/colcon_distutils_commands:/home/tao-jazzy/ros2_ws/install/py_pubsub/lib/python3.12/site-packages:/home/tao-jazzy/ros2_ws/install/serial_motor_demo_msgs/lib/python3.12/site-packages:${PYTHONPATH} /usr/bin/python3 -W ignore:setup.py install is deprecated setup.py develop --editable --build-directory /home/tao-jazzy/ros2_ws/build/py_pubsub/build --no-deps symlink_data --force
[1.557s] running develop
[1.560s] /usr/lib/python3/dist-packages/setuptools/command/develop.py:40: EasyInstallDeprecationWarning: easy_install command is deprecated.
[1.560s] !!
[1.560s] 
[1.560s]         ********************************************************************************
[1.560s]         Please avoid running ``setup.py`` and ``easy_install``.
[1.560s]         Instead, use pypa/build, pypa/installer or other
[1.560s]         standards-based tools.
[1.560s] 
[1.560s]         See https://github.com/pypa/setuptools/issues/917 for details.
[1.560s]         ********************************************************************************
[1.560s] 
[1.560s] !!
[1.560s]   easy_install.initialize_options(self)
[1.847s] running egg_info
[1.872s] writing py_pubsub.egg-info/PKG-INFO
[1.874s] writing dependency_links to py_pubsub.egg-info/dependency_links.txt
[1.874s] writing entry points to py_pubsub.egg-info/entry_points.txt
[1.874s] writing requirements to py_pubsub.egg-info/requires.txt
[1.874s] writing top-level names to py_pubsub.egg-info/top_level.txt
[1.926s] reading manifest file 'py_pubsub.egg-info/SOURCES.txt'
[1.927s] writing manifest file 'py_pubsub.egg-info/SOURCES.txt'
[1.957s] running build_ext
[1.957s] Creating /home/tao-jazzy/ros2_ws/install/py_pubsub/lib/python3.12/site-packages/py-pubsub.egg-link (link to .)
[1.959s] Installing drive_convert script to /home/tao-jazzy/ros2_ws/install/py_pubsub/lib/py_pubsub
[1.959s] 
[1.959s] Installed /home/tao-jazzy/ros2_ws/build/py_pubsub
[1.960s] running symlink_data
[1.960s] symbolically linking /home/tao-jazzy/ros2_ws/build/py_pubsub/resource/py_pubsub -> /home/tao-jazzy/ros2_ws/install/py_pubsub/share/ament_index/resource_index/packages
[1.960s] symbolically linking /home/tao-jazzy/ros2_ws/build/py_pubsub/package.xml -> /home/tao-jazzy/ros2_ws/install/py_pubsub/share/py_pubsub
[2.030s] Invoked command in '/home/tao-jazzy/ros2_ws/build/py_pubsub' returned '0': AMENT_PREFIX_PATH=/home/tao-jazzy/ros2_ws/install/serial_motor_demo_msgs:${AMENT_PREFIX_PATH} CMAKE_PREFIX_PATH=/home/tao-jazzy/ros2_ws/install/serial_motor_demo_msgs:${CMAKE_PREFIX_PATH} DEBUGINFOD_URLS=https://debuginfod.ubuntu.com LD_LIBRARY_PATH=/home/tao-jazzy/ros2_ws/install/serial_motor_demo_msgs/lib:${LD_LIBRARY_PATH} PYTHONPATH=/home/tao-jazzy/ros2_ws/build/py_pubsub/prefix_override:/usr/lib/python3/dist-packages/colcon_core/task/python/colcon_distutils_commands:/home/tao-jazzy/ros2_ws/install/py_pubsub/lib/python3.12/site-packages:/home/tao-jazzy/ros2_ws/install/serial_motor_demo_msgs/lib/python3.12/site-packages:${PYTHONPATH} /usr/bin/python3 -W ignore:setup.py install is deprecated setup.py develop --editable --build-directory /home/tao-jazzy/ros2_ws/build/py_pubsub/build --no-deps symlink_data --force
