[1.461s] Invoking command in '/home/tao-jazzy/ros2_ws/src/py_pubsub': DEBUGINFOD_URLS=https://debuginfod.ubuntu.com PYTHONPATH=/home/tao-jazzy/ros2_ws/build/py_pubsub/prefix_override:/usr/lib/python3/dist-packages/colcon_core/task/python/colcon_distutils_commands:/home/tao-jazzy/ros2_ws/install/py_pubsub/lib/python3.12/site-packages:/home/tao-jazzy/ros2_ws/install/serial_motor_demo_msgs/lib/python3.12/site-packages:/home/tao-jazzy/ros2_ws/install/py_pubsub/lib/python3.12/site-packages:/opt/ros/jazzy/lib/python3.12/site-packages /usr/bin/python3 -W ignore:setup.py install is deprecated setup.py egg_info --egg-base ../../build/py_pubsub build --build-base /home/tao-jazzy/ros2_ws/build/py_pubsub/build install --record /home/tao-jazzy/ros2_ws/build/py_pubsub/install.log --single-version-externally-managed install_data
[1.783s] running egg_info
[1.808s] writing ../../build/py_pubsub/py_pubsub.egg-info/PKG-INFO
[1.809s] writing dependency_links to ../../build/py_pubsub/py_pubsub.egg-info/dependency_links.txt
[1.809s] writing entry points to ../../build/py_pubsub/py_pubsub.egg-info/entry_points.txt
[1.809s] writing requirements to ../../build/py_pubsub/py_pubsub.egg-info/requires.txt
[1.809s] writing top-level names to ../../build/py_pubsub/py_pubsub.egg-info/top_level.txt
[1.860s] reading manifest file '../../build/py_pubsub/py_pubsub.egg-info/SOURCES.txt'
[1.860s] adding license file 'LICENSE'
[1.862s] writing manifest file '../../build/py_pubsub/py_pubsub.egg-info/SOURCES.txt'
[1.863s] running build
[1.863s] running build_py
[1.865s] running install
[1.873s] running install_lib
[1.897s] running install_data
[1.898s] running install_egg_info
[1.920s] removing '/home/tao-jazzy/ros2_ws/install/py_pubsub/lib/python3.12/site-packages/py_pubsub-0.0.0-py3.12.egg-info' (and everything under it)
[1.922s] Copying ../../build/py_pubsub/py_pubsub.egg-info to /home/tao-jazzy/ros2_ws/install/py_pubsub/lib/python3.12/site-packages/py_pubsub-0.0.0-py3.12.egg-info
[1.922s] running install_scripts
[2.076s] Installing drive_convert script to /home/tao-jazzy/ros2_ws/install/py_pubsub/lib/py_pubsub
[2.076s] writing list of installed files to '/home/tao-jazzy/ros2_ws/build/py_pubsub/install.log'
[2.120s] Invoked command in '/home/tao-jazzy/ros2_ws/src/py_pubsub' returned '0': DEBUGINFOD_URLS=https://debuginfod.ubuntu.com PYTHONPATH=/home/tao-jazzy/ros2_ws/build/py_pubsub/prefix_override:/usr/lib/python3/dist-packages/colcon_core/task/python/colcon_distutils_commands:/home/tao-jazzy/ros2_ws/install/py_pubsub/lib/python3.12/site-packages:/home/tao-jazzy/ros2_ws/install/serial_motor_demo_msgs/lib/python3.12/site-packages:/home/tao-jazzy/ros2_ws/install/py_pubsub/lib/python3.12/site-packages:/opt/ros/jazzy/lib/python3.12/site-packages /usr/bin/python3 -W ignore:setup.py install is deprecated setup.py egg_info --egg-base ../../build/py_pubsub build --build-base /home/tao-jazzy/ros2_ws/build/py_pubsub/build install --record /home/tao-jazzy/ros2_ws/build/py_pubsub/install.log --single-version-externally-managed install_data
