[0.088s] DEBUG:colcon:Command line arguments: ['/usr/bin/colcon', 'build']
[0.088s] DEBUG:colcon:Parsed command line arguments: Namespace(log_base=None, log_level=None, verb_name='build', build_base='build', install_base='install', merge_install=False, symlink_install=False, test_result_base=None, continue_on_error=False, executor='parallel', parallel_workers=4, event_handlers=None, ignore_user_meta=False, metas=['./colcon.meta'], base_paths=['.'], packages_ignore=None, packages_ignore_regex=None, paths=None, packages_up_to=None, packages_up_to_regex=None, packages_above=None, packages_above_and_dependencies=None, packages_above_depth=None, packages_select_by_dep=None, packages_skip_by_dep=None, packages_skip_up_to=None, packages_select_build_failed=False, packages_skip_build_finished=False, packages_select_test_failures=False, packages_skip_test_passed=False, packages_select=None, packages_skip=None, packages_select_regex=None, packages_skip_regex=None, packages_start=None, packages_end=None, allow_overriding=[], cmake_args=None, cmake_target=None, cmake_target_skip_unavailable=False, cmake_clean_cache=False, cmake_clean_first=False, cmake_force_configure=False, ament_cmake_args=None, catkin_cmake_args=None, catkin_skip_building_tests=False, mixin_files=None, mixin=None, verb_parser=<colcon_mixin.mixin.mixin_argument.MixinArgumentDecorator object at 0x7ebfe0881340>, verb_extension=<colcon_core.verb.build.BuildVerb object at 0x7ebfe09a82c0>, main=<bound method BuildVerb.main of <colcon_core.verb.build.BuildVerb object at 0x7ebfe09a82c0>>, mixin_verb=('build',))
[0.121s] Level 1:colcon.colcon_core.package_discovery:discover_packages(colcon_meta) check parameters
[0.121s] Level 1:colcon.colcon_core.package_discovery:discover_packages(recursive) check parameters
[0.121s] Level 1:colcon.colcon_core.package_discovery:discover_packages(ignore) check parameters
[0.121s] Level 1:colcon.colcon_core.package_discovery:discover_packages(path) check parameters
[0.122s] Level 1:colcon.colcon_core.package_discovery:discover_packages(colcon_meta) discover
[0.122s] Level 1:colcon.colcon_core.package_discovery:discover_packages(recursive) discover
[0.122s] INFO:colcon.colcon_core.package_discovery:Crawling recursively for packages in '/home/tao-jazzy/ros2_ws'
[0.122s] Level 1:colcon.colcon_core.package_identification:_identify(.) by extensions ['ignore', 'ignore_ament_install']
[0.122s] Level 1:colcon.colcon_core.package_identification:_identify(.) by extension 'ignore'
[0.122s] Level 1:colcon.colcon_core.package_identification:_identify(.) by extension 'ignore_ament_install'
[0.122s] Level 1:colcon.colcon_core.package_identification:_identify(.) by extensions ['colcon_pkg']
[0.122s] Level 1:colcon.colcon_core.package_identification:_identify(.) by extension 'colcon_pkg'
[0.122s] Level 1:colcon.colcon_core.package_identification:_identify(.) by extensions ['colcon_meta']
[0.122s] Level 1:colcon.colcon_core.package_identification:_identify(.) by extension 'colcon_meta'
[0.122s] Level 1:colcon.colcon_core.package_identification:_identify(.) by extensions ['ros']
[0.122s] Level 1:colcon.colcon_core.package_identification:_identify(.) by extension 'ros'
[0.145s] Level 1:colcon.colcon_core.package_identification:_identify(.) by extensions ['cmake', 'python']
[0.145s] Level 1:colcon.colcon_core.package_identification:_identify(.) by extension 'cmake'
[0.146s] Level 1:colcon.colcon_core.package_identification:_identify(.) by extension 'python'
[0.146s] Level 1:colcon.colcon_core.package_identification:_identify(.) by extensions ['python_setup_py']
[0.146s] Level 1:colcon.colcon_core.package_identification:_identify(.) by extension 'python_setup_py'
[0.146s] Level 1:colcon.colcon_core.package_identification:_identify(build) by extensions ['ignore', 'ignore_ament_install']
[0.146s] Level 1:colcon.colcon_core.package_identification:_identify(build) by extension 'ignore'
[0.146s] Level 1:colcon.colcon_core.package_identification:_identify(build) ignored
[0.146s] Level 1:colcon.colcon_core.package_identification:_identify(install) by extensions ['ignore', 'ignore_ament_install']
[0.146s] Level 1:colcon.colcon_core.package_identification:_identify(install) by extension 'ignore'
[0.146s] Level 1:colcon.colcon_core.package_identification:_identify(install) ignored
[0.146s] Level 1:colcon.colcon_core.package_identification:_identify(log) by extensions ['ignore', 'ignore_ament_install']
[0.146s] Level 1:colcon.colcon_core.package_identification:_identify(log) by extension 'ignore'
[0.146s] Level 1:colcon.colcon_core.package_identification:_identify(log) ignored
[0.147s] Level 1:colcon.colcon_core.package_identification:_identify(src) by extensions ['ignore', 'ignore_ament_install']
[0.147s] Level 1:colcon.colcon_core.package_identification:_identify(src) by extension 'ignore'
[0.147s] Level 1:colcon.colcon_core.package_identification:_identify(src) by extension 'ignore_ament_install'
[0.147s] Level 1:colcon.colcon_core.package_identification:_identify(src) by extensions ['colcon_pkg']
[0.147s] Level 1:colcon.colcon_core.package_identification:_identify(src) by extension 'colcon_pkg'
[0.147s] Level 1:colcon.colcon_core.package_identification:_identify(src) by extensions ['colcon_meta']
[0.147s] Level 1:colcon.colcon_core.package_identification:_identify(src) by extension 'colcon_meta'
[0.147s] Level 1:colcon.colcon_core.package_identification:_identify(src) by extensions ['ros']
[0.147s] Level 1:colcon.colcon_core.package_identification:_identify(src) by extension 'ros'
[0.147s] Level 1:colcon.colcon_core.package_identification:_identify(src) by extensions ['cmake', 'python']
[0.147s] Level 1:colcon.colcon_core.package_identification:_identify(src) by extension 'cmake'
[0.147s] Level 1:colcon.colcon_core.package_identification:_identify(src) by extension 'python'
[0.147s] Level 1:colcon.colcon_core.package_identification:_identify(src) by extensions ['python_setup_py']
[0.147s] Level 1:colcon.colcon_core.package_identification:_identify(src) by extension 'python_setup_py'
[0.147s] Level 1:colcon.colcon_core.package_identification:_identify(src/py_pubsub) by extensions ['ignore', 'ignore_ament_install']
[0.147s] Level 1:colcon.colcon_core.package_identification:_identify(src/py_pubsub) by extension 'ignore'
[0.147s] Level 1:colcon.colcon_core.package_identification:_identify(src/py_pubsub) by extension 'ignore_ament_install'
[0.147s] Level 1:colcon.colcon_core.package_identification:_identify(src/py_pubsub) by extensions ['colcon_pkg']
[0.147s] Level 1:colcon.colcon_core.package_identification:_identify(src/py_pubsub) by extension 'colcon_pkg'
[0.147s] Level 1:colcon.colcon_core.package_identification:_identify(src/py_pubsub) by extensions ['colcon_meta']
[0.147s] Level 1:colcon.colcon_core.package_identification:_identify(src/py_pubsub) by extension 'colcon_meta'
[0.147s] Level 1:colcon.colcon_core.package_identification:_identify(src/py_pubsub) by extensions ['ros']
[0.147s] Level 1:colcon.colcon_core.package_identification:_identify(src/py_pubsub) by extension 'ros'
[0.150s] DEBUG:colcon.colcon_core.package_identification:Package 'src/py_pubsub' with type 'ros.ament_python' and name 'py_pubsub'
[0.150s] Level 1:colcon.colcon_core.package_identification:_identify(src/serial_motor_demo_msgs) by extensions ['ignore', 'ignore_ament_install']
[0.150s] Level 1:colcon.colcon_core.package_identification:_identify(src/serial_motor_demo_msgs) by extension 'ignore'
[0.150s] Level 1:colcon.colcon_core.package_identification:_identify(src/serial_motor_demo_msgs) by extension 'ignore_ament_install'
[0.150s] Level 1:colcon.colcon_core.package_identification:_identify(src/serial_motor_demo_msgs) by extensions ['colcon_pkg']
[0.150s] Level 1:colcon.colcon_core.package_identification:_identify(src/serial_motor_demo_msgs) by extension 'colcon_pkg'
[0.150s] Level 1:colcon.colcon_core.package_identification:_identify(src/serial_motor_demo_msgs) by extensions ['colcon_meta']
[0.150s] Level 1:colcon.colcon_core.package_identification:_identify(src/serial_motor_demo_msgs) by extension 'colcon_meta'
[0.150s] Level 1:colcon.colcon_core.package_identification:_identify(src/serial_motor_demo_msgs) by extensions ['ros']
[0.150s] Level 1:colcon.colcon_core.package_identification:_identify(src/serial_motor_demo_msgs) by extension 'ros'
[0.151s] DEBUG:colcon.colcon_core.package_identification:Package 'src/serial_motor_demo_msgs' with type 'ros.ament_cmake' and name 'serial_motor_demo_msgs'
[0.151s] Level 1:colcon.colcon_core.package_discovery:discover_packages(recursive) using defaults
[0.151s] Level 1:colcon.colcon_core.package_discovery:discover_packages(ignore) discover
[0.151s] Level 1:colcon.colcon_core.package_discovery:discover_packages(ignore) using defaults
[0.151s] Level 1:colcon.colcon_core.package_discovery:discover_packages(path) discover
[0.151s] Level 1:colcon.colcon_core.package_discovery:discover_packages(path) using defaults
[0.166s] Level 1:colcon.colcon_core.package_discovery:discover_packages(prefix_path) check parameters
[0.167s] Level 1:colcon.colcon_core.package_discovery:discover_packages(prefix_path) discover
[0.168s] DEBUG:colcon.colcon_installed_package_information.package_discovery:Found 2 installed packages in /home/tao-jazzy/ros2_ws/install
[0.169s] DEBUG:colcon.colcon_installed_package_information.package_discovery:Found 285 installed packages in /opt/ros/jazzy
[0.170s] Level 1:colcon.colcon_core.package_discovery:discover_packages(prefix_path) using defaults
[0.204s] Level 5:colcon.colcon_core.verb:set package 'serial_motor_demo_msgs' build argument 'cmake_args' from command line to 'None'
[0.204s] Level 5:colcon.colcon_core.verb:set package 'serial_motor_demo_msgs' build argument 'cmake_target' from command line to 'None'
[0.204s] Level 5:colcon.colcon_core.verb:set package 'serial_motor_demo_msgs' build argument 'cmake_target_skip_unavailable' from command line to 'False'
[0.204s] Level 5:colcon.colcon_core.verb:set package 'serial_motor_demo_msgs' build argument 'cmake_clean_cache' from command line to 'False'
[0.204s] Level 5:colcon.colcon_core.verb:set package 'serial_motor_demo_msgs' build argument 'cmake_clean_first' from command line to 'False'
[0.204s] Level 5:colcon.colcon_core.verb:set package 'serial_motor_demo_msgs' build argument 'cmake_force_configure' from command line to 'False'
[0.204s] Level 5:colcon.colcon_core.verb:set package 'serial_motor_demo_msgs' build argument 'ament_cmake_args' from command line to 'None'
[0.204s] Level 5:colcon.colcon_core.verb:set package 'serial_motor_demo_msgs' build argument 'catkin_cmake_args' from command line to 'None'
[0.204s] Level 5:colcon.colcon_core.verb:set package 'serial_motor_demo_msgs' build argument 'catkin_skip_building_tests' from command line to 'False'
[0.204s] DEBUG:colcon.colcon_core.verb:Building package 'serial_motor_demo_msgs' with the following arguments: {'ament_cmake_args': None, 'build_base': '/home/tao-jazzy/ros2_ws/build/serial_motor_demo_msgs', 'catkin_cmake_args': None, 'catkin_skip_building_tests': False, 'cmake_args': None, 'cmake_clean_cache': False, 'cmake_clean_first': False, 'cmake_force_configure': False, 'cmake_target': None, 'cmake_target_skip_unavailable': False, 'install_base': '/home/tao-jazzy/ros2_ws/install/serial_motor_demo_msgs', 'merge_install': False, 'path': '/home/tao-jazzy/ros2_ws/src/serial_motor_demo_msgs', 'symlink_install': False, 'test_result_base': None}
[0.204s] Level 5:colcon.colcon_core.verb:set package 'py_pubsub' build argument 'cmake_args' from command line to 'None'
[0.205s] Level 5:colcon.colcon_core.verb:set package 'py_pubsub' build argument 'cmake_target' from command line to 'None'
[0.205s] Level 5:colcon.colcon_core.verb:set package 'py_pubsub' build argument 'cmake_target_skip_unavailable' from command line to 'False'
[0.205s] Level 5:colcon.colcon_core.verb:set package 'py_pubsub' build argument 'cmake_clean_cache' from command line to 'False'
[0.205s] Level 5:colcon.colcon_core.verb:set package 'py_pubsub' build argument 'cmake_clean_first' from command line to 'False'
[0.205s] Level 5:colcon.colcon_core.verb:set package 'py_pubsub' build argument 'cmake_force_configure' from command line to 'False'
[0.205s] Level 5:colcon.colcon_core.verb:set package 'py_pubsub' build argument 'ament_cmake_args' from command line to 'None'
[0.205s] Level 5:colcon.colcon_core.verb:set package 'py_pubsub' build argument 'catkin_cmake_args' from command line to 'None'
[0.205s] Level 5:colcon.colcon_core.verb:set package 'py_pubsub' build argument 'catkin_skip_building_tests' from command line to 'False'
[0.205s] DEBUG:colcon.colcon_core.verb:Building package 'py_pubsub' with the following arguments: {'ament_cmake_args': None, 'build_base': '/home/tao-jazzy/ros2_ws/build/py_pubsub', 'catkin_cmake_args': None, 'catkin_skip_building_tests': False, 'cmake_args': None, 'cmake_clean_cache': False, 'cmake_clean_first': False, 'cmake_force_configure': False, 'cmake_target': None, 'cmake_target_skip_unavailable': False, 'install_base': '/home/tao-jazzy/ros2_ws/install/py_pubsub', 'merge_install': False, 'path': '/home/tao-jazzy/ros2_ws/src/py_pubsub', 'symlink_install': False, 'test_result_base': None}
[0.205s] INFO:colcon.colcon_core.executor:Executing jobs using 'parallel' executor
[0.208s] DEBUG:colcon.colcon_parallel_executor.executor.parallel:run_until_complete
[0.208s] INFO:colcon.colcon_ros.task.ament_cmake.build:Building ROS package in '/home/tao-jazzy/ros2_ws/src/serial_motor_demo_msgs' with build type 'ament_cmake'
[0.209s] INFO:colcon.colcon_cmake.task.cmake.build:Building CMake package in '/home/tao-jazzy/ros2_ws/src/serial_motor_demo_msgs'
[0.211s] INFO:colcon.colcon_core.plugin_system:Skipping extension 'colcon_core.shell.bat': Not used on non-Windows systems
[0.211s] INFO:colcon.colcon_core.shell:Skip shell extension 'powershell' for command environment: Not usable outside of PowerShell
[0.211s] DEBUG:colcon.colcon_core.shell:Skip shell extension 'dsv' for command environment
[0.228s] DEBUG:colcon.colcon_core.event_handler.log_command:Invoking command in '/home/tao-jazzy/ros2_ws/build/serial_motor_demo_msgs': CMAKE_PREFIX_PATH=${CMAKE_PREFIX_PATH}:/home/tao-jazzy/ros2_ws/install/py_pubsub:/opt/ros/jazzy DEBUGINFOD_URLS=https://debuginfod.ubuntu.com /usr/bin/cmake --build /home/tao-jazzy/ros2_ws/build/serial_motor_demo_msgs -- -j4 -l4
[1.065s] DEBUG:colcon.colcon_core.event_handler.log_command:Invoked command in '/home/tao-jazzy/ros2_ws/build/serial_motor_demo_msgs' returned '0': CMAKE_PREFIX_PATH=${CMAKE_PREFIX_PATH}:/home/tao-jazzy/ros2_ws/install/py_pubsub:/opt/ros/jazzy DEBUGINFOD_URLS=https://debuginfod.ubuntu.com /usr/bin/cmake --build /home/tao-jazzy/ros2_ws/build/serial_motor_demo_msgs -- -j4 -l4
[1.569s] DEBUG:colcon.colcon_core.event_handler.log_command:Invoking command in '/home/tao-jazzy/ros2_ws/build/serial_motor_demo_msgs': CMAKE_PREFIX_PATH=${CMAKE_PREFIX_PATH}:/home/tao-jazzy/ros2_ws/install/py_pubsub:/opt/ros/jazzy DEBUGINFOD_URLS=https://debuginfod.ubuntu.com /usr/bin/cmake --install /home/tao-jazzy/ros2_ws/build/serial_motor_demo_msgs
[1.731s] Level 1:colcon.colcon_core.environment:create_environment_scripts_only(serial_motor_demo_msgs)
[1.733s] Level 1:colcon.colcon_core.environment:checking '/home/tao-jazzy/ros2_ws/install/serial_motor_demo_msgs' for CMake module files
[1.734s] Level 1:colcon.colcon_core.environment:checking '/home/tao-jazzy/ros2_ws/install/serial_motor_demo_msgs' for CMake config files
[1.734s] Level 1:colcon.colcon_core.shell:create_environment_hook('serial_motor_demo_msgs', 'cmake_prefix_path')
[1.734s] INFO:colcon.colcon_core.shell:Creating environment hook '/home/tao-jazzy/ros2_ws/install/serial_motor_demo_msgs/share/serial_motor_demo_msgs/hook/cmake_prefix_path.ps1'
[1.735s] INFO:colcon.colcon_core.shell:Creating environment descriptor '/home/tao-jazzy/ros2_ws/install/serial_motor_demo_msgs/share/serial_motor_demo_msgs/hook/cmake_prefix_path.dsv'
[1.743s] DEBUG:colcon.colcon_core.event_handler.log_command:Invoked command in '/home/tao-jazzy/ros2_ws/build/serial_motor_demo_msgs' returned '0': CMAKE_PREFIX_PATH=${CMAKE_PREFIX_PATH}:/home/tao-jazzy/ros2_ws/install/py_pubsub:/opt/ros/jazzy DEBUGINFOD_URLS=https://debuginfod.ubuntu.com /usr/bin/cmake --install /home/tao-jazzy/ros2_ws/build/serial_motor_demo_msgs
[1.744s] INFO:colcon.colcon_core.shell:Creating environment hook '/home/tao-jazzy/ros2_ws/install/serial_motor_demo_msgs/share/serial_motor_demo_msgs/hook/cmake_prefix_path.sh'
[1.745s] Level 1:colcon.colcon_core.environment:checking '/home/tao-jazzy/ros2_ws/install/serial_motor_demo_msgs/lib'
[1.745s] Level 1:colcon.colcon_core.shell:create_environment_hook('serial_motor_demo_msgs', 'ld_library_path_lib')
[1.745s] INFO:colcon.colcon_core.shell:Creating environment hook '/home/tao-jazzy/ros2_ws/install/serial_motor_demo_msgs/share/serial_motor_demo_msgs/hook/ld_library_path_lib.ps1'
[1.746s] INFO:colcon.colcon_core.shell:Creating environment descriptor '/home/tao-jazzy/ros2_ws/install/serial_motor_demo_msgs/share/serial_motor_demo_msgs/hook/ld_library_path_lib.dsv'
[1.746s] INFO:colcon.colcon_core.shell:Creating environment hook '/home/tao-jazzy/ros2_ws/install/serial_motor_demo_msgs/share/serial_motor_demo_msgs/hook/ld_library_path_lib.sh'
[1.757s] Level 1:colcon.colcon_core.environment:checking '/home/tao-jazzy/ros2_ws/install/serial_motor_demo_msgs/bin'
[1.757s] Level 1:colcon.colcon_core.environment:checking '/home/tao-jazzy/ros2_ws/install/serial_motor_demo_msgs/lib/pkgconfig/serial_motor_demo_msgs.pc'
[1.758s] Level 1:colcon.colcon_core.environment:checking '/home/tao-jazzy/ros2_ws/install/serial_motor_demo_msgs/lib/python3.12/site-packages'
[1.758s] Level 1:colcon.colcon_core.shell:create_environment_hook('serial_motor_demo_msgs', 'pythonpath')
[1.758s] INFO:colcon.colcon_core.shell:Creating environment hook '/home/tao-jazzy/ros2_ws/install/serial_motor_demo_msgs/share/serial_motor_demo_msgs/hook/pythonpath.ps1'
[1.759s] INFO:colcon.colcon_core.shell:Creating environment descriptor '/home/tao-jazzy/ros2_ws/install/serial_motor_demo_msgs/share/serial_motor_demo_msgs/hook/pythonpath.dsv'
[1.759s] INFO:colcon.colcon_core.shell:Creating environment hook '/home/tao-jazzy/ros2_ws/install/serial_motor_demo_msgs/share/serial_motor_demo_msgs/hook/pythonpath.sh'
[1.760s] Level 1:colcon.colcon_core.environment:checking '/home/tao-jazzy/ros2_ws/install/serial_motor_demo_msgs/bin'
[1.762s] INFO:colcon.colcon_core.shell:Creating package script '/home/tao-jazzy/ros2_ws/install/serial_motor_demo_msgs/share/serial_motor_demo_msgs/package.ps1'
[1.763s] INFO:colcon.colcon_core.shell:Creating package descriptor '/home/tao-jazzy/ros2_ws/install/serial_motor_demo_msgs/share/serial_motor_demo_msgs/package.dsv'
[1.765s] INFO:colcon.colcon_core.shell:Creating package script '/home/tao-jazzy/ros2_ws/install/serial_motor_demo_msgs/share/serial_motor_demo_msgs/package.sh'
[1.765s] INFO:colcon.colcon_core.shell:Creating package script '/home/tao-jazzy/ros2_ws/install/serial_motor_demo_msgs/share/serial_motor_demo_msgs/package.bash'
[1.766s] INFO:colcon.colcon_core.shell:Creating package script '/home/tao-jazzy/ros2_ws/install/serial_motor_demo_msgs/share/serial_motor_demo_msgs/package.zsh'
[1.783s] Level 1:colcon.colcon_core.environment:create_file_with_runtime_dependencies(/home/tao-jazzy/ros2_ws/install/serial_motor_demo_msgs/share/colcon-core/packages/serial_motor_demo_msgs)
[2.472s] Level 1:colcon.colcon_core.environment:create_environment_scripts_only(serial_motor_demo_msgs)
[2.473s] Level 1:colcon.colcon_core.environment:checking '/home/tao-jazzy/ros2_ws/install/serial_motor_demo_msgs' for CMake module files
[2.483s] Level 1:colcon.colcon_core.environment:checking '/home/tao-jazzy/ros2_ws/install/serial_motor_demo_msgs' for CMake config files
[2.484s] Level 1:colcon.colcon_core.shell:create_environment_hook('serial_motor_demo_msgs', 'cmake_prefix_path')
[2.485s] INFO:colcon.colcon_core.shell:Creating environment hook '/home/tao-jazzy/ros2_ws/install/serial_motor_demo_msgs/share/serial_motor_demo_msgs/hook/cmake_prefix_path.ps1'
[2.485s] INFO:colcon.colcon_core.shell:Creating environment descriptor '/home/tao-jazzy/ros2_ws/install/serial_motor_demo_msgs/share/serial_motor_demo_msgs/hook/cmake_prefix_path.dsv'
[2.489s] INFO:colcon.colcon_core.shell:Creating environment hook '/home/tao-jazzy/ros2_ws/install/serial_motor_demo_msgs/share/serial_motor_demo_msgs/hook/cmake_prefix_path.sh'
[2.490s] Level 1:colcon.colcon_core.environment:checking '/home/tao-jazzy/ros2_ws/install/serial_motor_demo_msgs/lib'
[2.491s] Level 1:colcon.colcon_core.shell:create_environment_hook('serial_motor_demo_msgs', 'ld_library_path_lib')
[2.493s] INFO:colcon.colcon_core.shell:Creating environment hook '/home/tao-jazzy/ros2_ws/install/serial_motor_demo_msgs/share/serial_motor_demo_msgs/hook/ld_library_path_lib.ps1'
[2.495s] INFO:colcon.colcon_core.shell:Creating environment descriptor '/home/tao-jazzy/ros2_ws/install/serial_motor_demo_msgs/share/serial_motor_demo_msgs/hook/ld_library_path_lib.dsv'
[2.497s] INFO:colcon.colcon_core.shell:Creating environment hook '/home/tao-jazzy/ros2_ws/install/serial_motor_demo_msgs/share/serial_motor_demo_msgs/hook/ld_library_path_lib.sh'
[2.499s] Level 1:colcon.colcon_core.environment:checking '/home/tao-jazzy/ros2_ws/install/serial_motor_demo_msgs/bin'
[2.499s] Level 1:colcon.colcon_core.environment:checking '/home/tao-jazzy/ros2_ws/install/serial_motor_demo_msgs/lib/pkgconfig/serial_motor_demo_msgs.pc'
[2.500s] Level 1:colcon.colcon_core.environment:checking '/home/tao-jazzy/ros2_ws/install/serial_motor_demo_msgs/lib/python3.12/site-packages'
[2.500s] Level 1:colcon.colcon_core.shell:create_environment_hook('serial_motor_demo_msgs', 'pythonpath')
[2.501s] INFO:colcon.colcon_core.shell:Creating environment hook '/home/tao-jazzy/ros2_ws/install/serial_motor_demo_msgs/share/serial_motor_demo_msgs/hook/pythonpath.ps1'
[2.502s] INFO:colcon.colcon_core.shell:Creating environment descriptor '/home/tao-jazzy/ros2_ws/install/serial_motor_demo_msgs/share/serial_motor_demo_msgs/hook/pythonpath.dsv'
[2.503s] INFO:colcon.colcon_core.shell:Creating environment hook '/home/tao-jazzy/ros2_ws/install/serial_motor_demo_msgs/share/serial_motor_demo_msgs/hook/pythonpath.sh'
[2.504s] Level 1:colcon.colcon_core.environment:checking '/home/tao-jazzy/ros2_ws/install/serial_motor_demo_msgs/bin'
[2.504s] INFO:colcon.colcon_core.shell:Creating package script '/home/tao-jazzy/ros2_ws/install/serial_motor_demo_msgs/share/serial_motor_demo_msgs/package.ps1'
[2.505s] INFO:colcon.colcon_core.shell:Creating package descriptor '/home/tao-jazzy/ros2_ws/install/serial_motor_demo_msgs/share/serial_motor_demo_msgs/package.dsv'
[2.506s] INFO:colcon.colcon_core.shell:Creating package script '/home/tao-jazzy/ros2_ws/install/serial_motor_demo_msgs/share/serial_motor_demo_msgs/package.sh'
[2.507s] INFO:colcon.colcon_core.shell:Creating package script '/home/tao-jazzy/ros2_ws/install/serial_motor_demo_msgs/share/serial_motor_demo_msgs/package.bash'
[2.509s] INFO:colcon.colcon_core.shell:Creating package script '/home/tao-jazzy/ros2_ws/install/serial_motor_demo_msgs/share/serial_motor_demo_msgs/package.zsh'
[2.510s] Level 1:colcon.colcon_core.environment:create_file_with_runtime_dependencies(/home/tao-jazzy/ros2_ws/install/serial_motor_demo_msgs/share/colcon-core/packages/serial_motor_demo_msgs)
[2.511s] INFO:colcon.colcon_ros.task.ament_python.build:Building ROS package in '/home/tao-jazzy/ros2_ws/src/py_pubsub' with build type 'ament_python'
[2.511s] Level 1:colcon.colcon_core.shell:create_environment_hook('py_pubsub', 'ament_prefix_path')
[2.512s] INFO:colcon.colcon_core.shell:Creating environment hook '/home/tao-jazzy/ros2_ws/install/py_pubsub/share/py_pubsub/hook/ament_prefix_path.ps1'
[2.514s] INFO:colcon.colcon_core.shell:Creating environment descriptor '/home/tao-jazzy/ros2_ws/install/py_pubsub/share/py_pubsub/hook/ament_prefix_path.dsv'
[2.514s] INFO:colcon.colcon_core.shell:Creating environment hook '/home/tao-jazzy/ros2_ws/install/py_pubsub/share/py_pubsub/hook/ament_prefix_path.sh'
[2.515s] INFO:colcon.colcon_core.shell:Skip shell extension 'powershell' for command environment: Not usable outside of PowerShell
[2.516s] DEBUG:colcon.colcon_core.shell:Skip shell extension 'dsv' for command environment
[3.001s] INFO:colcon.colcon_core.task.python.build:Building Python package in '/home/tao-jazzy/ros2_ws/src/py_pubsub'
[3.001s] INFO:colcon.colcon_core.shell:Skip shell extension 'powershell' for command environment: Not usable outside of PowerShell
[3.001s] DEBUG:colcon.colcon_core.shell:Skip shell extension 'dsv' for command environment
[3.941s] DEBUG:colcon.colcon_core.event_handler.log_command:Invoking command in '/home/tao-jazzy/ros2_ws/src/py_pubsub': DEBUGINFOD_URLS=https://debuginfod.ubuntu.com PYTHONPATH=/home/tao-jazzy/ros2_ws/build/py_pubsub/prefix_override:/usr/lib/python3/dist-packages/colcon_core/task/python/colcon_distutils_commands:/home/tao-jazzy/ros2_ws/install/py_pubsub/lib/python3.12/site-packages:/home/tao-jazzy/ros2_ws/install/serial_motor_demo_msgs/lib/python3.12/site-packages:/home/tao-jazzy/ros2_ws/install/py_pubsub/lib/python3.12/site-packages:/opt/ros/jazzy/lib/python3.12/site-packages /usr/bin/python3 -W ignore:setup.py install is deprecated setup.py egg_info --egg-base ../../build/py_pubsub build --build-base /home/tao-jazzy/ros2_ws/build/py_pubsub/build install --record /home/tao-jazzy/ros2_ws/build/py_pubsub/install.log --single-version-externally-managed install_data
[4.672s] Level 1:colcon.colcon_core.environment:checking '/home/tao-jazzy/ros2_ws/install/py_pubsub' for CMake module files
[4.674s] DEBUG:colcon.colcon_core.event_handler.log_command:Invoked command in '/home/tao-jazzy/ros2_ws/src/py_pubsub' returned '0': DEBUGINFOD_URLS=https://debuginfod.ubuntu.com PYTHONPATH=/home/tao-jazzy/ros2_ws/build/py_pubsub/prefix_override:/usr/lib/python3/dist-packages/colcon_core/task/python/colcon_distutils_commands:/home/tao-jazzy/ros2_ws/install/py_pubsub/lib/python3.12/site-packages:/home/tao-jazzy/ros2_ws/install/serial_motor_demo_msgs/lib/python3.12/site-packages:/home/tao-jazzy/ros2_ws/install/py_pubsub/lib/python3.12/site-packages:/opt/ros/jazzy/lib/python3.12/site-packages /usr/bin/python3 -W ignore:setup.py install is deprecated setup.py egg_info --egg-base ../../build/py_pubsub build --build-base /home/tao-jazzy/ros2_ws/build/py_pubsub/build install --record /home/tao-jazzy/ros2_ws/build/py_pubsub/install.log --single-version-externally-managed install_data
[4.675s] Level 1:colcon.colcon_core.environment:checking '/home/tao-jazzy/ros2_ws/install/py_pubsub' for CMake config files
[4.676s] Level 1:colcon.colcon_core.environment:checking '/home/tao-jazzy/ros2_ws/install/py_pubsub/lib'
[4.676s] Level 1:colcon.colcon_core.environment:checking '/home/tao-jazzy/ros2_ws/install/py_pubsub/bin'
[4.676s] Level 1:colcon.colcon_core.environment:checking '/home/tao-jazzy/ros2_ws/install/py_pubsub/lib/pkgconfig/py_pubsub.pc'
[4.676s] Level 1:colcon.colcon_core.environment:checking '/home/tao-jazzy/ros2_ws/install/py_pubsub/lib/python3.12/site-packages'
[4.676s] Level 1:colcon.colcon_core.shell:create_environment_hook('py_pubsub', 'pythonpath')
[4.677s] INFO:colcon.colcon_core.shell:Creating environment hook '/home/tao-jazzy/ros2_ws/install/py_pubsub/share/py_pubsub/hook/pythonpath.ps1'
[4.678s] INFO:colcon.colcon_core.shell:Creating environment descriptor '/home/tao-jazzy/ros2_ws/install/py_pubsub/share/py_pubsub/hook/pythonpath.dsv'
[4.679s] INFO:colcon.colcon_core.shell:Creating environment hook '/home/tao-jazzy/ros2_ws/install/py_pubsub/share/py_pubsub/hook/pythonpath.sh'
[4.680s] Level 1:colcon.colcon_core.environment:checking '/home/tao-jazzy/ros2_ws/install/py_pubsub/bin'
[4.680s] Level 1:colcon.colcon_core.environment:create_environment_scripts_only(py_pubsub)
[4.681s] INFO:colcon.colcon_core.shell:Creating package script '/home/tao-jazzy/ros2_ws/install/py_pubsub/share/py_pubsub/package.ps1'
[4.682s] INFO:colcon.colcon_core.shell:Creating package descriptor '/home/tao-jazzy/ros2_ws/install/py_pubsub/share/py_pubsub/package.dsv'
[4.683s] INFO:colcon.colcon_core.shell:Creating package script '/home/tao-jazzy/ros2_ws/install/py_pubsub/share/py_pubsub/package.sh'
[4.684s] INFO:colcon.colcon_core.shell:Creating package script '/home/tao-jazzy/ros2_ws/install/py_pubsub/share/py_pubsub/package.bash'
[4.685s] INFO:colcon.colcon_core.shell:Creating package script '/home/tao-jazzy/ros2_ws/install/py_pubsub/share/py_pubsub/package.zsh'
[4.686s] Level 1:colcon.colcon_core.environment:create_file_with_runtime_dependencies(/home/tao-jazzy/ros2_ws/install/py_pubsub/share/colcon-core/packages/py_pubsub)
[4.687s] DEBUG:colcon.colcon_parallel_executor.executor.parallel:closing loop
[4.687s] DEBUG:colcon.colcon_parallel_executor.executor.parallel:loop closed
[4.688s] DEBUG:colcon.colcon_parallel_executor.executor.parallel:run_until_complete finished with '0'
[4.688s] DEBUG:colcon.colcon_core.event_reactor:joining thread
[4.696s] INFO:colcon.colcon_core.plugin_system:Skipping extension 'colcon_notification.desktop_notification.terminal_notifier': Not used on non-Darwin systems
[4.697s] INFO:colcon.colcon_core.plugin_system:Skipping extension 'colcon_notification.desktop_notification.win32': Not used on non-Windows systems
[4.697s] INFO:colcon.colcon_notification.desktop_notification:Sending desktop notification using 'notify2'
[4.738s] DEBUG:colcon.colcon_core.event_reactor:joined thread
[4.738s] INFO:colcon.colcon_core.shell:Creating prefix script '/home/tao-jazzy/ros2_ws/install/local_setup.ps1'
[4.744s] INFO:colcon.colcon_core.shell:Creating prefix util module '/home/tao-jazzy/ros2_ws/install/_local_setup_util_ps1.py'
[4.751s] INFO:colcon.colcon_core.shell:Creating prefix chain script '/home/tao-jazzy/ros2_ws/install/setup.ps1'
[4.762s] INFO:colcon.colcon_core.shell:Creating prefix script '/home/tao-jazzy/ros2_ws/install/local_setup.sh'
[4.763s] INFO:colcon.colcon_core.shell:Creating prefix util module '/home/tao-jazzy/ros2_ws/install/_local_setup_util_sh.py'
[4.765s] INFO:colcon.colcon_core.shell:Creating prefix chain script '/home/tao-jazzy/ros2_ws/install/setup.sh'
[4.766s] INFO:colcon.colcon_core.shell:Creating prefix script '/home/tao-jazzy/ros2_ws/install/local_setup.bash'
[4.767s] INFO:colcon.colcon_core.shell:Creating prefix chain script '/home/tao-jazzy/ros2_ws/install/setup.bash'
[4.768s] INFO:colcon.colcon_core.shell:Creating prefix script '/home/tao-jazzy/ros2_ws/install/local_setup.zsh'
[4.769s] INFO:colcon.colcon_core.shell:Creating prefix chain script '/home/tao-jazzy/ros2_ws/install/setup.zsh'
