[2.698s] Invoking command in '/home/tao-jazzy/ros2_ws/src/py_pubsub': DEBUGINFOD_URLS=https://debuginfod.ubuntu.com PYTHONPATH=/home/tao-jazzy/ros2_ws/build/py_pubsub/prefix_override:/usr/lib/python3/dist-packages/colcon_core/task/python/colcon_distutils_commands:/home/tao-jazzy/ros2_ws/install/py_pubsub/lib/python3.12/site-packages:${PYTHONPATH} /usr/bin/python3 -W ignore:setup.py install is deprecated setup.py egg_info --egg-base ../../build/py_pubsub build --build-base /home/tao-jazzy/ros2_ws/build/py_pubsub/build install --record /home/tao-jazzy/ros2_ws/build/py_pubsub/install.log --single-version-externally-managed install_data
[3.149s] running egg_info
[3.151s] creating ../../build/py_pubsub/py_pubsub.egg-info
[3.183s] writing ../../build/py_pubsub/py_pubsub.egg-info/PKG-INFO
[3.185s] writing dependency_links to ../../build/py_pubsub/py_pubsub.egg-info/dependency_links.txt
[3.185s] writing requirements to ../../build/py_pubsub/py_pubsub.egg-info/requires.txt
[3.185s] writing top-level names to ../../build/py_pubsub/py_pubsub.egg-info/top_level.txt
[3.185s] writing manifest file '../../build/py_pubsub/py_pubsub.egg-info/SOURCES.txt'
[3.260s] reading manifest file '../../build/py_pubsub/py_pubsub.egg-info/SOURCES.txt'
[3.260s] adding license file 'LICENSE'
[3.262s] writing manifest file '../../build/py_pubsub/py_pubsub.egg-info/SOURCES.txt'
[3.263s] running build
[3.263s] running build_py
[3.264s] creating /home/tao-jazzy/ros2_ws/build/py_pubsub/build
[3.267s] creating /home/tao-jazzy/ros2_ws/build/py_pubsub/build/lib
[3.267s] creating /home/tao-jazzy/ros2_ws/build/py_pubsub/build/lib/py_pubsub
[3.267s] copying py_pubsub/publisher_member_function.py -> /home/tao-jazzy/ros2_ws/build/py_pubsub/build/lib/py_pubsub
[3.267s] copying py_pubsub/__init__.py -> /home/tao-jazzy/ros2_ws/build/py_pubsub/build/lib/py_pubsub
[3.267s] running install
[3.277s] running install_lib
[3.319s] creating /home/tao-jazzy/ros2_ws/install/py_pubsub/lib/python3.12/site-packages/py_pubsub
[3.320s] copying /home/tao-jazzy/ros2_ws/build/py_pubsub/build/lib/py_pubsub/publisher_member_function.py -> /home/tao-jazzy/ros2_ws/install/py_pubsub/lib/python3.12/site-packages/py_pubsub
[3.320s] copying /home/tao-jazzy/ros2_ws/build/py_pubsub/build/lib/py_pubsub/__init__.py -> /home/tao-jazzy/ros2_ws/install/py_pubsub/lib/python3.12/site-packages/py_pubsub
[3.320s] byte-compiling /home/tao-jazzy/ros2_ws/install/py_pubsub/lib/python3.12/site-packages/py_pubsub/publisher_member_function.py to publisher_member_function.cpython-312.pyc
[3.326s] byte-compiling /home/tao-jazzy/ros2_ws/install/py_pubsub/lib/python3.12/site-packages/py_pubsub/__init__.py to __init__.cpython-312.pyc
[3.326s] running install_data
[3.326s] creating /home/tao-jazzy/ros2_ws/install/py_pubsub/share/ament_index
[3.327s] creating /home/tao-jazzy/ros2_ws/install/py_pubsub/share/ament_index/resource_index
[3.330s] creating /home/tao-jazzy/ros2_ws/install/py_pubsub/share/ament_index/resource_index/packages
[3.331s] copying resource/py_pubsub -> /home/tao-jazzy/ros2_ws/install/py_pubsub/share/ament_index/resource_index/packages
[3.331s] copying package.xml -> /home/tao-jazzy/ros2_ws/install/py_pubsub/share/py_pubsub
[3.331s] running install_egg_info
[3.381s] Copying ../../build/py_pubsub/py_pubsub.egg-info to /home/tao-jazzy/ros2_ws/install/py_pubsub/lib/python3.12/site-packages/py_pubsub-0.0.0-py3.12.egg-info
[3.383s] running install_scripts
[3.690s] writing list of installed files to '/home/tao-jazzy/ros2_ws/build/py_pubsub/install.log'
