[4.291s] Invoking command in '/home/tao-jazzy/ros2_ws/src/py_pubsub': DEBUGINFOD_URLS=https://debuginfod.ubuntu.com PYTHONPATH=/home/tao-jazzy/ros2_ws/build/py_pubsub/prefix_override:/usr/lib/python3/dist-packages/colcon_core/task/python/colcon_distutils_commands:/home/tao-jazzy/ros2_ws/install/py_pubsub/lib/python3.12/site-packages:${PYTHONPATH} /usr/bin/python3 -W ignore:setup.py install is deprecated setup.py egg_info --egg-base ../../build/py_pubsub build --build-base /home/tao-jazzy/ros2_ws/build/py_pubsub/build install --record /home/tao-jazzy/ros2_ws/build/py_pubsub/install.log --single-version-externally-managed install_data
[4.682s] running egg_info
[4.786s] writing ../../build/py_pubsub/py_pubsub.egg-info/PKG-INFO
[4.788s] writing dependency_links to ../../build/py_pubsub/py_pubsub.egg-info/dependency_links.txt
[4.793s] writing requirements to ../../build/py_pubsub/py_pubsub.egg-info/requires.txt
[4.794s] writing top-level names to ../../build/py_pubsub/py_pubsub.egg-info/top_level.txt
[4.948s] reading manifest file '../../build/py_pubsub/py_pubsub.egg-info/SOURCES.txt'
[4.953s] adding license file 'LICENSE'
[4.959s] writing manifest file '../../build/py_pubsub/py_pubsub.egg-info/SOURCES.txt'
[4.959s] running build
[4.960s] running build_py
[4.964s] running install
[5.001s] running install_lib
[5.054s] running install_data
[5.055s] running install_egg_info
[5.091s] removing '/home/tao-jazzy/ros2_ws/install/py_pubsub/lib/python3.12/site-packages/py_pubsub-0.0.0-py3.12.egg-info' (and everything under it)
[5.093s] Copying ../../build/py_pubsub/py_pubsub.egg-info to /home/tao-jazzy/ros2_ws/install/py_pubsub/lib/python3.12/site-packages/py_pubsub-0.0.0-py3.12.egg-info
[5.094s] running install_scripts
[5.245s] writing list of installed files to '/home/tao-jazzy/ros2_ws/build/py_pubsub/install.log'
[5.295s] Invoked command in '/home/tao-jazzy/ros2_ws/src/py_pubsub' returned '0': DEBUGINFOD_URLS=https://debuginfod.ubuntu.com PYTHONPATH=/home/tao-jazzy/ros2_ws/build/py_pubsub/prefix_override:/usr/lib/python3/dist-packages/colcon_core/task/python/colcon_distutils_commands:/home/tao-jazzy/ros2_ws/install/py_pubsub/lib/python3.12/site-packages:${PYTHONPATH} /usr/bin/python3 -W ignore:setup.py install is deprecated setup.py egg_info --egg-base ../../build/py_pubsub build --build-base /home/tao-jazzy/ros2_ws/build/py_pubsub/build install --record /home/tao-jazzy/ros2_ws/build/py_pubsub/install.log --single-version-externally-managed install_data
