[2.718s] Invoking command in '/home/tao-jazzy/ros2_ws/build/py_pubsub': DEBUGINFOD_URLS=https://debuginfod.ubuntu.com PYTHONPATH=/home/tao-jazzy/ros2_ws/build/py_pubsub/prefix_override:/usr/lib/python3/dist-packages/colcon_core/task/python/colcon_distutils_commands:/home/tao-jazzy/ros2_ws/install/py_pubsub/lib/python3.12/site-packages:${PYTHONPATH} /usr/bin/python3 -W ignore:setup.py install is deprecated setup.py develop --uninstall --editable --build-directory /home/tao-jazzy/ros2_ws/build/py_pubsub/build
[3.104s] running develop
[3.107s] /usr/lib/python3/dist-packages/setuptools/command/develop.py:40: EasyInstallDeprecationWarning: easy_install command is deprecated.
[3.108s] !!
[3.108s] 
[3.108s]         ********************************************************************************
[3.108s]         Please avoid running ``setup.py`` and ``easy_install``.
[3.108s]         Instead, use pypa/build, pypa/installer or other
[3.108s]         standards-based tools.
[3.108s] 
[3.108s]         See https://github.com/pypa/setuptools/issues/917 for details.
[3.108s]         ********************************************************************************
[3.108s] 
[3.108s] !!
[3.108s]   easy_install.initialize_options(self)
[3.377s] Removing /home/tao-jazzy/ros2_ws/install/py_pubsub/lib/python3.12/site-packages/py-pubsub.egg-link (link to .)
[3.430s] Invoked command in '/home/tao-jazzy/ros2_ws/build/py_pubsub' returned '0': DEBUGINFOD_URLS=https://debuginfod.ubuntu.com PYTHONPATH=/home/tao-jazzy/ros2_ws/build/py_pubsub/prefix_override:/usr/lib/python3/dist-packages/colcon_core/task/python/colcon_distutils_commands:/home/tao-jazzy/ros2_ws/install/py_pubsub/lib/python3.12/site-packages:${PYTHONPATH} /usr/bin/python3 -W ignore:setup.py install is deprecated setup.py develop --uninstall --editable --build-directory /home/tao-jazzy/ros2_ws/build/py_pubsub/build
[3.434s] Invoking command in '/home/tao-jazzy/ros2_ws/src/py_pubsub': DEBUGINFOD_URLS=https://debuginfod.ubuntu.com PYTHONPATH=/home/tao-jazzy/ros2_ws/build/py_pubsub/prefix_override:/usr/lib/python3/dist-packages/colcon_core/task/python/colcon_distutils_commands:/home/tao-jazzy/ros2_ws/install/py_pubsub/lib/python3.12/site-packages:${PYTHONPATH} /usr/bin/python3 -W ignore:setup.py install is deprecated setup.py egg_info --egg-base ../../build/py_pubsub build --build-base /home/tao-jazzy/ros2_ws/build/py_pubsub/build install --record /home/tao-jazzy/ros2_ws/build/py_pubsub/install.log --single-version-externally-managed install_data --force
[3.830s] running egg_info
[3.865s] writing ../../build/py_pubsub/py_pubsub.egg-info/PKG-INFO
[3.868s] writing dependency_links to ../../build/py_pubsub/py_pubsub.egg-info/dependency_links.txt
[3.868s] writing requirements to ../../build/py_pubsub/py_pubsub.egg-info/requires.txt
[3.868s] writing top-level names to ../../build/py_pubsub/py_pubsub.egg-info/top_level.txt
[3.925s] reading manifest file '../../build/py_pubsub/py_pubsub.egg-info/SOURCES.txt'
[3.927s] adding license file 'LICENSE'
[3.927s] writing manifest file '../../build/py_pubsub/py_pubsub.egg-info/SOURCES.txt'
[3.928s] running build
[3.928s] running build_py
[3.928s] copying py_pubsub/publisher_member_function.py -> /home/tao-jazzy/ros2_ws/build/py_pubsub/build/lib/py_pubsub
[3.928s] running install
[3.935s] running install_lib
[3.964s] creating /home/tao-jazzy/ros2_ws/install/py_pubsub/lib/python3.12/site-packages/py_pubsub
[3.965s] copying /home/tao-jazzy/ros2_ws/build/py_pubsub/build/lib/py_pubsub/publisher_member_function.py -> /home/tao-jazzy/ros2_ws/install/py_pubsub/lib/python3.12/site-packages/py_pubsub
[3.965s] copying /home/tao-jazzy/ros2_ws/build/py_pubsub/build/lib/py_pubsub/__init__.py -> /home/tao-jazzy/ros2_ws/install/py_pubsub/lib/python3.12/site-packages/py_pubsub
[3.966s] byte-compiling /home/tao-jazzy/ros2_ws/install/py_pubsub/lib/python3.12/site-packages/py_pubsub/publisher_member_function.py to publisher_member_function.cpython-312.pyc
[3.966s] byte-compiling /home/tao-jazzy/ros2_ws/install/py_pubsub/lib/python3.12/site-packages/py_pubsub/__init__.py to __init__.cpython-312.pyc
[3.966s] running install_data
[3.966s] error: can't copy 'resource/py_pubsub': doesn't exist or not a regular file
[4.001s] Invoked command in '/home/tao-jazzy/ros2_ws/src/py_pubsub' returned '1': DEBUGINFOD_URLS=https://debuginfod.ubuntu.com PYTHONPATH=/home/tao-jazzy/ros2_ws/build/py_pubsub/prefix_override:/usr/lib/python3/dist-packages/colcon_core/task/python/colcon_distutils_commands:/home/tao-jazzy/ros2_ws/install/py_pubsub/lib/python3.12/site-packages:${PYTHONPATH} /usr/bin/python3 -W ignore:setup.py install is deprecated setup.py egg_info --egg-base ../../build/py_pubsub build --build-base /home/tao-jazzy/ros2_ws/build/py_pubsub/build install --record /home/tao-jazzy/ros2_ws/build/py_pubsub/install.log --single-version-externally-managed install_data --force
