[0.024s] Invoking command in '/home/tao-jazzy/ros2_ws/build/cpp_pubsub': CMAKE_PREFIX_PATH=${CMAKE_PREFIX_PATH}:/opt/ros/jazzy DEBUGINFOD_URLS=https://debuginfod.ubuntu.com /usr/bin/cmake /home/tao-jazzy/ros2_ws/src/cpp_pubsub -DAMENT_CMAKE_SYMLINK_INSTALL=1 -DCMAKE_INSTALL_PREFIX=/home/tao-jazzy/ros2_ws/install/cpp_pubsub
[0.086s] -- Found ament_cmake: 2.5.2 (/opt/ros/jazzy/share/ament_cmake/cmake)
[0.418s] -- Override CMake install command with custom implementation using symlinks instead of copying resources
[0.480s] -- Found rclcpp: 28.1.3 (/opt/ros/jazzy/share/rclcpp/cmake)
[0.547s] -- Found rosidl_generator_c: 4.6.3 (/opt/ros/jazzy/share/rosidl_generator_c/cmake)
[0.605s] -- Found rosidl_generator_cpp: 4.6.3 (/opt/ros/jazzy/share/rosidl_generator_cpp/cmake)
[0.642s] -- Using all available rosidl_typesupport_c: rosidl_typesupport_fastrtps_c;rosidl_typesupport_introspection_c
[0.662s] -- Using all available rosidl_typesupport_cpp: rosidl_typesupport_fastrtps_cpp;rosidl_typesupport_introspection_cpp
[0.798s] -- Found rmw_implementation_cmake: 7.3.1 (/opt/ros/jazzy/share/rmw_implementation_cmake/cmake)
[0.814s] -- Found rmw_fastrtps_cpp: 8.4.1 (/opt/ros/jazzy/share/rmw_fastrtps_cpp/cmake)
[1.012s] -- Using RMW implementation 'rmw_fastrtps_cpp' as default
[1.126s] -- Found std_msgs: 5.3.5 (/opt/ros/jazzy/share/std_msgs/cmake)
[1.175s] -- Found geometry_msgs: 5.3.5 (/opt/ros/jazzy/share/geometry_msgs/cmake)
[1.187s] -- Found ament_lint_auto: 0.17.1 (/opt/ros/jazzy/share/ament_lint_auto/cmake)
[1.391s] -- Added test 'cppcheck' to perform static code analysis on C / C++ code
[1.392s] -- Configured cppcheck include dirs: 
[1.392s] -- Configured cppcheck exclude dirs and/or files: 
[1.393s] -- Added test 'flake8' to check Python code syntax and style conventions
[1.394s] -- Configured 'flake8' exclude dirs and/or files: 
[1.396s] -- Added test 'lint_cmake' to check CMake code style
[1.398s] -- Added test 'pep257' to check Python code against some of the docstring style conventions in PEP 257
[1.398s] -- Added test 'uncrustify' to check C / C++ code style
[1.399s] -- Configured uncrustify additional arguments: 
[1.401s] -- Added test 'xmllint' to check XML markup files
[1.404s] -- Configuring done (1.3s)
[1.467s] -- Generating done (0.0s)
[1.473s] -- Build files have been written to: /home/tao-jazzy/ros2_ws/build/cpp_pubsub
[1.492s] Invoked command in '/home/tao-jazzy/ros2_ws/build/cpp_pubsub' returned '0': CMAKE_PREFIX_PATH=${CMAKE_PREFIX_PATH}:/opt/ros/jazzy DEBUGINFOD_URLS=https://debuginfod.ubuntu.com /usr/bin/cmake /home/tao-jazzy/ros2_ws/src/cpp_pubsub -DAMENT_CMAKE_SYMLINK_INSTALL=1 -DCMAKE_INSTALL_PREFIX=/home/tao-jazzy/ros2_ws/install/cpp_pubsub
[1.572s] Invoking command in '/home/tao-jazzy/ros2_ws/build/cpp_pubsub': CMAKE_PREFIX_PATH=${CMAKE_PREFIX_PATH}:/opt/ros/jazzy DEBUGINFOD_URLS=https://debuginfod.ubuntu.com /usr/bin/cmake --build /home/tao-jazzy/ros2_ws/build/cpp_pubsub -- -j4 -l4
[1.949s] [ 25%] [32m[1mLinking CXX executable talker[0m
[2.190s] [ 50%] Built target talker
[2.251s] [ 75%] [32m[1mLinking CXX executable listener[0m
[2.799s] [100%] Built target listener
[2.862s] Invoked command in '/home/tao-jazzy/ros2_ws/build/cpp_pubsub' returned '0': CMAKE_PREFIX_PATH=${CMAKE_PREFIX_PATH}:/opt/ros/jazzy DEBUGINFOD_URLS=https://debuginfod.ubuntu.com /usr/bin/cmake --build /home/tao-jazzy/ros2_ws/build/cpp_pubsub -- -j4 -l4
[3.033s] Invoking command in '/home/tao-jazzy/ros2_ws/build/cpp_pubsub': CMAKE_PREFIX_PATH=${CMAKE_PREFIX_PATH}:/opt/ros/jazzy DEBUGINFOD_URLS=https://debuginfod.ubuntu.com /usr/bin/cmake --install /home/tao-jazzy/ros2_ws/build/cpp_pubsub
[3.049s] -- Install configuration: ""
[3.050s] -- Execute custom install script
[3.050s] -- Symlinking: /home/tao-jazzy/ros2_ws/install/cpp_pubsub/lib/cpp_pubsub/talker
[3.064s] -- Symlinking: /home/tao-jazzy/ros2_ws/install/cpp_pubsub/lib/cpp_pubsub/listener
[3.082s] -- Symlinking: /home/tao-jazzy/ros2_ws/install/cpp_pubsub/share/ament_index/resource_index/package_run_dependencies/cpp_pubsub
[3.098s] -- Symlinking: /home/tao-jazzy/ros2_ws/install/cpp_pubsub/share/ament_index/resource_index/parent_prefix_path/cpp_pubsub
[3.117s] -- Symlinking: /home/tao-jazzy/ros2_ws/install/cpp_pubsub/share/cpp_pubsub/environment/ament_prefix_path.sh
[3.138s] -- Symlinking: /home/tao-jazzy/ros2_ws/install/cpp_pubsub/share/cpp_pubsub/environment/ament_prefix_path.dsv
[3.158s] -- Symlinking: /home/tao-jazzy/ros2_ws/install/cpp_pubsub/share/cpp_pubsub/environment/path.sh
[3.176s] -- Symlinking: /home/tao-jazzy/ros2_ws/install/cpp_pubsub/share/cpp_pubsub/environment/path.dsv
[3.196s] -- Symlinking: /home/tao-jazzy/ros2_ws/install/cpp_pubsub/share/cpp_pubsub/local_setup.bash
[3.215s] -- Symlinking: /home/tao-jazzy/ros2_ws/install/cpp_pubsub/share/cpp_pubsub/local_setup.sh
[3.237s] -- Symlinking: /home/tao-jazzy/ros2_ws/install/cpp_pubsub/share/cpp_pubsub/local_setup.zsh
[3.252s] -- Symlinking: /home/tao-jazzy/ros2_ws/install/cpp_pubsub/share/cpp_pubsub/local_setup.dsv
[3.269s] -- Symlinking: /home/tao-jazzy/ros2_ws/install/cpp_pubsub/share/cpp_pubsub/package.dsv
[3.283s] -- Symlinking: /home/tao-jazzy/ros2_ws/install/cpp_pubsub/share/ament_index/resource_index/packages/cpp_pubsub
[3.324s] -- Symlinking: /home/tao-jazzy/ros2_ws/install/cpp_pubsub/share/cpp_pubsub/cmake/cpp_pubsubConfig.cmake
[3.338s] -- Symlinking: /home/tao-jazzy/ros2_ws/install/cpp_pubsub/share/cpp_pubsub/cmake/cpp_pubsubConfig-version.cmake
[3.370s] -- Symlinking: /home/tao-jazzy/ros2_ws/install/cpp_pubsub/share/cpp_pubsub/package.xml
[3.389s] Invoked command in '/home/tao-jazzy/ros2_ws/build/cpp_pubsub' returned '0': CMAKE_PREFIX_PATH=${CMAKE_PREFIX_PATH}:/opt/ros/jazzy DEBUGINFOD_URLS=https://debuginfod.ubuntu.com /usr/bin/cmake --install /home/tao-jazzy/ros2_ws/build/cpp_pubsub
