[0.020s] Invoking command in '/home/tao-jazzy/ros2_ws/build/serial_motor_demo_msgs': CMAKE_PREFIX_PATH=${CMAKE_PREFIX_PATH}:/home/tao-jazzy/ros2_ws/install/py_pubsub:/opt/ros/jazzy DEBUGINFOD_URLS=https://debuginfod.ubuntu.com /usr/bin/cmake --build /home/tao-jazzy/ros2_ws/build/serial_motor_demo_msgs -- -j4 -l4
[0.157s] [  1%] Built target serial_motor_demo_msgs__rosidl_generator_type_description
[0.172s] [  1%] Built target ament_cmake_python_symlink_serial_motor_demo_msgs
[0.202s] [  3%] Built target serial_motor_demo_msgs__cpp
[0.206s] [ 24%] Built target serial_motor_demo_msgs__rosidl_generator_c
[0.257s] [ 33%] Built target serial_motor_demo_msgs__rosidl_typesupport_introspection_c
[0.263s] [ 42%] Built target serial_motor_demo_msgs__rosidl_typesupport_cpp
[0.272s] [ 51%] Built target serial_motor_demo_msgs__rosidl_typesupport_c
[0.304s] [ 61%] Built target serial_motor_demo_msgs__rosidl_typesupport_fastrtps_cpp
[0.310s] [ 70%] Built target serial_motor_demo_msgs__rosidl_typesupport_introspection_cpp
[0.316s] [ 79%] Built target serial_motor_demo_msgs__rosidl_typesupport_fastrtps_c
[0.365s] [ 79%] Built target serial_motor_demo_msgs
[0.399s] [ 81%] Built target serial_motor_demo_msgs__py
[0.454s] [ 88%] Built target serial_motor_demo_msgs__rosidl_generator_py
[0.488s] running egg_info
[0.493s] [ 92%] Built target serial_motor_demo_msgs_s__rosidl_typesupport_fastrtps_c
[0.502s] writing serial_motor_demo_msgs.egg-info/PKG-INFO
[0.503s] writing dependency_links to serial_motor_demo_msgs.egg-info/dependency_links.txt
[0.505s] writing top-level names to serial_motor_demo_msgs.egg-info/top_level.txt
[0.505s] [ 96%] Built target serial_motor_demo_msgs_s__rosidl_typesupport_introspection_c
[0.514s] [100%] Built target serial_motor_demo_msgs_s__rosidl_typesupport_c
[0.577s] reading manifest file 'serial_motor_demo_msgs.egg-info/SOURCES.txt'
[0.577s] writing manifest file 'serial_motor_demo_msgs.egg-info/SOURCES.txt'
[0.632s] [100%] Built target ament_cmake_python_build_serial_motor_demo_msgs_egg
[0.698s] Invoked command in '/home/tao-jazzy/ros2_ws/build/serial_motor_demo_msgs' returned '0': CMAKE_PREFIX_PATH=${CMAKE_PREFIX_PATH}:/home/tao-jazzy/ros2_ws/install/py_pubsub:/opt/ros/jazzy DEBUGINFOD_URLS=https://debuginfod.ubuntu.com /usr/bin/cmake --build /home/tao-jazzy/ros2_ws/build/serial_motor_demo_msgs -- -j4 -l4
[1.153s] Invoking command in '/home/tao-jazzy/ros2_ws/build/serial_motor_demo_msgs': CMAKE_PREFIX_PATH=${CMAKE_PREFIX_PATH}:/home/tao-jazzy/ros2_ws/install/py_pubsub:/opt/ros/jazzy DEBUGINFOD_URLS=https://debuginfod.ubuntu.com /usr/bin/cmake --install /home/tao-jazzy/ros2_ws/build/serial_motor_demo_msgs
[1.165s] -- Install configuration: ""
[1.166s] -- Execute custom install script
[1.166s] -- Up-to-date symlink: /home/tao-jazzy/ros2_ws/install/serial_motor_demo_msgs/share/ament_index/resource_index/rosidl_interfaces/serial_motor_demo_msgs
[1.166s] -- Up-to-date symlink: /home/tao-jazzy/ros2_ws/install/serial_motor_demo_msgs/share/serial_motor_demo_msgs/msg/MotorCommand.json
[1.167s] -- Up-to-date symlink: /home/tao-jazzy/ros2_ws/install/serial_motor_demo_msgs/share/serial_motor_demo_msgs/msg/MotorVels.json
[1.167s] -- Up-to-date symlink: /home/tao-jazzy/ros2_ws/install/serial_motor_demo_msgs/share/serial_motor_demo_msgs/msg/EncoderVals.json
[1.167s] -- Up-to-date symlink: /home/tao-jazzy/ros2_ws/install/serial_motor_demo_msgs/include/serial_motor_demo_msgs/serial_motor_demo_msgs/msg/detail/encoder_vals__functions.h
[1.167s] -- Up-to-date symlink: /home/tao-jazzy/ros2_ws/install/serial_motor_demo_msgs/include/serial_motor_demo_msgs/serial_motor_demo_msgs/msg/detail/encoder_vals__struct.h
[1.167s] -- Up-to-date symlink: /home/tao-jazzy/ros2_ws/install/serial_motor_demo_msgs/include/serial_motor_demo_msgs/serial_motor_demo_msgs/msg/detail/encoder_vals__type_support.h
[1.167s] -- Up-to-date symlink: /home/tao-jazzy/ros2_ws/install/serial_motor_demo_msgs/include/serial_motor_demo_msgs/serial_motor_demo_msgs/msg/detail/motor_command__functions.h
[1.168s] -- Up-to-date symlink: /home/tao-jazzy/ros2_ws/install/serial_motor_demo_msgs/include/serial_motor_demo_msgs/serial_motor_demo_msgs/msg/detail/motor_command__struct.h
[1.169s] -- Up-to-date symlink: /home/tao-jazzy/ros2_ws/install/serial_motor_demo_msgs/include/serial_motor_demo_msgs/serial_motor_demo_msgs/msg/detail/motor_command__type_support.h
[1.169s] -- Up-to-date symlink: /home/tao-jazzy/ros2_ws/install/serial_motor_demo_msgs/include/serial_motor_demo_msgs/serial_motor_demo_msgs/msg/detail/motor_vels__functions.h
[1.170s] -- Up-to-date symlink: /home/tao-jazzy/ros2_ws/install/serial_motor_demo_msgs/include/serial_motor_demo_msgs/serial_motor_demo_msgs/msg/detail/motor_vels__struct.h
[1.170s] -- Up-to-date symlink: /home/tao-jazzy/ros2_ws/install/serial_motor_demo_msgs/include/serial_motor_demo_msgs/serial_motor_demo_msgs/msg/detail/motor_vels__type_support.h
[1.170s] -- Up-to-date symlink: /home/tao-jazzy/ros2_ws/install/serial_motor_demo_msgs/include/serial_motor_demo_msgs/serial_motor_demo_msgs/msg/encoder_vals.h
[1.170s] -- Up-to-date symlink: /home/tao-jazzy/ros2_ws/install/serial_motor_demo_msgs/include/serial_motor_demo_msgs/serial_motor_demo_msgs/msg/motor_command.h
[1.170s] -- Up-to-date symlink: /home/tao-jazzy/ros2_ws/install/serial_motor_demo_msgs/include/serial_motor_demo_msgs/serial_motor_demo_msgs/msg/motor_vels.h
[1.171s] -- Up-to-date symlink: /home/tao-jazzy/ros2_ws/install/serial_motor_demo_msgs/include/serial_motor_demo_msgs/serial_motor_demo_msgs/msg/rosidl_generator_c__visibility_control.h
[1.171s] -- Up-to-date symlink: /home/tao-jazzy/ros2_ws/install/serial_motor_demo_msgs/share/serial_motor_demo_msgs/environment/library_path.sh
[1.171s] -- Up-to-date symlink: /home/tao-jazzy/ros2_ws/install/serial_motor_demo_msgs/share/serial_motor_demo_msgs/environment/library_path.dsv
[1.171s] -- Up-to-date symlink: /home/tao-jazzy/ros2_ws/install/serial_motor_demo_msgs/include/serial_motor_demo_msgs/serial_motor_demo_msgs/msg/detail/encoder_vals__rosidl_typesupport_fastrtps_c.h
[1.171s] -- Up-to-date symlink: /home/tao-jazzy/ros2_ws/install/serial_motor_demo_msgs/include/serial_motor_demo_msgs/serial_motor_demo_msgs/msg/detail/motor_command__rosidl_typesupport_fastrtps_c.h
[1.171s] -- Up-to-date symlink: /home/tao-jazzy/ros2_ws/install/serial_motor_demo_msgs/include/serial_motor_demo_msgs/serial_motor_demo_msgs/msg/detail/motor_vels__rosidl_typesupport_fastrtps_c.h
[1.171s] -- Up-to-date symlink: /home/tao-jazzy/ros2_ws/install/serial_motor_demo_msgs/include/serial_motor_demo_msgs/serial_motor_demo_msgs/msg/rosidl_typesupport_fastrtps_c__visibility_control.h
[1.171s] -- Up-to-date symlink: /home/tao-jazzy/ros2_ws/install/serial_motor_demo_msgs/include/serial_motor_demo_msgs/serial_motor_demo_msgs/msg/detail/encoder_vals__rosidl_typesupport_introspection_c.h
[1.171s] -- Up-to-date symlink: /home/tao-jazzy/ros2_ws/install/serial_motor_demo_msgs/include/serial_motor_demo_msgs/serial_motor_demo_msgs/msg/detail/motor_command__rosidl_typesupport_introspection_c.h
[1.171s] -- Up-to-date symlink: /home/tao-jazzy/ros2_ws/install/serial_motor_demo_msgs/include/serial_motor_demo_msgs/serial_motor_demo_msgs/msg/detail/motor_vels__rosidl_typesupport_introspection_c.h
[1.171s] -- Up-to-date symlink: /home/tao-jazzy/ros2_ws/install/serial_motor_demo_msgs/include/serial_motor_demo_msgs/serial_motor_demo_msgs/msg/rosidl_typesupport_introspection_c__visibility_control.h
[1.172s] -- Up-to-date symlink: /home/tao-jazzy/ros2_ws/install/serial_motor_demo_msgs/include/serial_motor_demo_msgs/serial_motor_demo_msgs/msg/detail/encoder_vals__builder.hpp
[1.172s] -- Up-to-date symlink: /home/tao-jazzy/ros2_ws/install/serial_motor_demo_msgs/include/serial_motor_demo_msgs/serial_motor_demo_msgs/msg/detail/encoder_vals__struct.hpp
[1.172s] -- Up-to-date symlink: /home/tao-jazzy/ros2_ws/install/serial_motor_demo_msgs/include/serial_motor_demo_msgs/serial_motor_demo_msgs/msg/detail/encoder_vals__traits.hpp
[1.172s] -- Up-to-date symlink: /home/tao-jazzy/ros2_ws/install/serial_motor_demo_msgs/include/serial_motor_demo_msgs/serial_motor_demo_msgs/msg/detail/encoder_vals__type_support.hpp
[1.172s] -- Up-to-date symlink: /home/tao-jazzy/ros2_ws/install/serial_motor_demo_msgs/include/serial_motor_demo_msgs/serial_motor_demo_msgs/msg/detail/motor_command__builder.hpp
[1.172s] -- Up-to-date symlink: /home/tao-jazzy/ros2_ws/install/serial_motor_demo_msgs/include/serial_motor_demo_msgs/serial_motor_demo_msgs/msg/detail/motor_command__struct.hpp
[1.173s] -- Up-to-date symlink: /home/tao-jazzy/ros2_ws/install/serial_motor_demo_msgs/include/serial_motor_demo_msgs/serial_motor_demo_msgs/msg/detail/motor_command__traits.hpp
[1.173s] -- Up-to-date symlink: /home/tao-jazzy/ros2_ws/install/serial_motor_demo_msgs/include/serial_motor_demo_msgs/serial_motor_demo_msgs/msg/detail/motor_command__type_support.hpp
[1.173s] -- Up-to-date symlink: /home/tao-jazzy/ros2_ws/install/serial_motor_demo_msgs/include/serial_motor_demo_msgs/serial_motor_demo_msgs/msg/detail/motor_vels__builder.hpp
[1.173s] -- Up-to-date symlink: /home/tao-jazzy/ros2_ws/install/serial_motor_demo_msgs/include/serial_motor_demo_msgs/serial_motor_demo_msgs/msg/detail/motor_vels__struct.hpp
[1.173s] -- Up-to-date symlink: /home/tao-jazzy/ros2_ws/install/serial_motor_demo_msgs/include/serial_motor_demo_msgs/serial_motor_demo_msgs/msg/detail/motor_vels__traits.hpp
[1.173s] -- Up-to-date symlink: /home/tao-jazzy/ros2_ws/install/serial_motor_demo_msgs/include/serial_motor_demo_msgs/serial_motor_demo_msgs/msg/detail/motor_vels__type_support.hpp
[1.174s] -- Up-to-date symlink: /home/tao-jazzy/ros2_ws/install/serial_motor_demo_msgs/include/serial_motor_demo_msgs/serial_motor_demo_msgs/msg/encoder_vals.hpp
[1.174s] -- Up-to-date symlink: /home/tao-jazzy/ros2_ws/install/serial_motor_demo_msgs/include/serial_motor_demo_msgs/serial_motor_demo_msgs/msg/motor_command.hpp
[1.174s] -- Up-to-date symlink: /home/tao-jazzy/ros2_ws/install/serial_motor_demo_msgs/include/serial_motor_demo_msgs/serial_motor_demo_msgs/msg/motor_vels.hpp
[1.174s] -- Up-to-date symlink: /home/tao-jazzy/ros2_ws/install/serial_motor_demo_msgs/include/serial_motor_demo_msgs/serial_motor_demo_msgs/msg/rosidl_generator_cpp__visibility_control.hpp
[1.174s] -- Up-to-date symlink: /home/tao-jazzy/ros2_ws/install/serial_motor_demo_msgs/include/serial_motor_demo_msgs/serial_motor_demo_msgs/msg/detail/encoder_vals__rosidl_typesupport_fastrtps_cpp.hpp
[1.174s] -- Up-to-date symlink: /home/tao-jazzy/ros2_ws/install/serial_motor_demo_msgs/include/serial_motor_demo_msgs/serial_motor_demo_msgs/msg/detail/motor_command__rosidl_typesupport_fastrtps_cpp.hpp
[1.174s] -- Up-to-date symlink: /home/tao-jazzy/ros2_ws/install/serial_motor_demo_msgs/include/serial_motor_demo_msgs/serial_motor_demo_msgs/msg/detail/motor_vels__rosidl_typesupport_fastrtps_cpp.hpp
[1.175s] -- Up-to-date symlink: /home/tao-jazzy/ros2_ws/install/serial_motor_demo_msgs/include/serial_motor_demo_msgs/serial_motor_demo_msgs/msg/rosidl_typesupport_fastrtps_cpp__visibility_control.h
[1.175s] -- Up-to-date symlink: /home/tao-jazzy/ros2_ws/install/serial_motor_demo_msgs/include/serial_motor_demo_msgs/serial_motor_demo_msgs/msg/detail/encoder_vals__rosidl_typesupport_introspection_cpp.hpp
[1.175s] -- Up-to-date symlink: /home/tao-jazzy/ros2_ws/install/serial_motor_demo_msgs/include/serial_motor_demo_msgs/serial_motor_demo_msgs/msg/detail/motor_command__rosidl_typesupport_introspection_cpp.hpp
[1.175s] -- Up-to-date symlink: /home/tao-jazzy/ros2_ws/install/serial_motor_demo_msgs/include/serial_motor_demo_msgs/serial_motor_demo_msgs/msg/detail/motor_vels__rosidl_typesupport_introspection_cpp.hpp
[1.175s] -- Up-to-date symlink: /home/tao-jazzy/ros2_ws/install/serial_motor_demo_msgs/share/serial_motor_demo_msgs/environment/pythonpath.sh
[1.175s] -- Up-to-date symlink: /home/tao-jazzy/ros2_ws/install/serial_motor_demo_msgs/share/serial_motor_demo_msgs/environment/pythonpath.dsv
[1.175s] -- Up-to-date symlink: /home/tao-jazzy/ros2_ws/install/serial_motor_demo_msgs/lib/python3.12/site-packages/serial_motor_demo_msgs-0.0.0-py3.12.egg-info/PKG-INFO
[1.175s] -- Up-to-date symlink: /home/tao-jazzy/ros2_ws/install/serial_motor_demo_msgs/lib/python3.12/site-packages/serial_motor_demo_msgs-0.0.0-py3.12.egg-info/SOURCES.txt
[1.175s] -- Up-to-date symlink: /home/tao-jazzy/ros2_ws/install/serial_motor_demo_msgs/lib/python3.12/site-packages/serial_motor_demo_msgs-0.0.0-py3.12.egg-info/dependency_links.txt
[1.176s] -- Up-to-date symlink: /home/tao-jazzy/ros2_ws/install/serial_motor_demo_msgs/lib/python3.12/site-packages/serial_motor_demo_msgs-0.0.0-py3.12.egg-info/top_level.txt
[1.176s] -- Up-to-date symlink: /home/tao-jazzy/ros2_ws/install/serial_motor_demo_msgs/lib/python3.12/site-packages/serial_motor_demo_msgs/__init__.py
[1.176s] -- Up-to-date symlink: /home/tao-jazzy/ros2_ws/install/serial_motor_demo_msgs/lib/python3.12/site-packages/serial_motor_demo_msgs/_serial_motor_demo_msgs_s.ep.rosidl_typesupport_c.c
[1.176s] -- Up-to-date symlink: /home/tao-jazzy/ros2_ws/install/serial_motor_demo_msgs/lib/python3.12/site-packages/serial_motor_demo_msgs/_serial_motor_demo_msgs_s.ep.rosidl_typesupport_fastrtps_c.c
[1.177s] -- Up-to-date symlink: /home/tao-jazzy/ros2_ws/install/serial_motor_demo_msgs/lib/python3.12/site-packages/serial_motor_demo_msgs/_serial_motor_demo_msgs_s.ep.rosidl_typesupport_introspection_c.c
[1.177s] -- Up-to-date symlink: /home/tao-jazzy/ros2_ws/install/serial_motor_demo_msgs/lib/python3.12/site-packages/serial_motor_demo_msgs/msg/__init__.py
[1.177s] -- Up-to-date symlink: /home/tao-jazzy/ros2_ws/install/serial_motor_demo_msgs/lib/python3.12/site-packages/serial_motor_demo_msgs/msg/_encoder_vals.py
[1.177s] -- Up-to-date symlink: /home/tao-jazzy/ros2_ws/install/serial_motor_demo_msgs/lib/python3.12/site-packages/serial_motor_demo_msgs/msg/_encoder_vals_s.c
[1.178s] -- Up-to-date symlink: /home/tao-jazzy/ros2_ws/install/serial_motor_demo_msgs/lib/python3.12/site-packages/serial_motor_demo_msgs/msg/_motor_command.py
[1.178s] -- Up-to-date symlink: /home/tao-jazzy/ros2_ws/install/serial_motor_demo_msgs/lib/python3.12/site-packages/serial_motor_demo_msgs/msg/_motor_command_s.c
[1.178s] -- Up-to-date symlink: /home/tao-jazzy/ros2_ws/install/serial_motor_demo_msgs/lib/python3.12/site-packages/serial_motor_demo_msgs/msg/_motor_vels.py
[1.178s] -- Up-to-date symlink: /home/tao-jazzy/ros2_ws/install/serial_motor_demo_msgs/lib/python3.12/site-packages/serial_motor_demo_msgs/msg/_motor_vels_s.c
[1.178s] -- Up-to-date symlink: /home/tao-jazzy/ros2_ws/install/serial_motor_demo_msgs/lib/python3.12/site-packages/serial_motor_demo_msgs/serial_motor_demo_msgs_s__rosidl_typesupport_c.so
[1.178s] -- Up-to-date symlink: /home/tao-jazzy/ros2_ws/install/serial_motor_demo_msgs/lib/python3.12/site-packages/serial_motor_demo_msgs/serial_motor_demo_msgs_s__rosidl_typesupport_fastrtps_c.so
[1.178s] -- Up-to-date symlink: /home/tao-jazzy/ros2_ws/install/serial_motor_demo_msgs/lib/python3.12/site-packages/serial_motor_demo_msgs/serial_motor_demo_msgs_s__rosidl_typesupport_introspection_c.so
[1.178s] -- Up-to-date symlink: /home/tao-jazzy/ros2_ws/install/serial_motor_demo_msgs/lib/python3.12/site-packages/serial_motor_demo_msgs/serial_motor_demo_msgs_s__rosidl_typesupport_fastrtps_c.so
[1.178s] -- Up-to-date symlink: /home/tao-jazzy/ros2_ws/install/serial_motor_demo_msgs/lib/python3.12/site-packages/serial_motor_demo_msgs/serial_motor_demo_msgs_s__rosidl_typesupport_introspection_c.so
[1.178s] -- Up-to-date symlink: /home/tao-jazzy/ros2_ws/install/serial_motor_demo_msgs/lib/python3.12/site-packages/serial_motor_demo_msgs/serial_motor_demo_msgs_s__rosidl_typesupport_c.so
[1.178s] -- Up-to-date symlink: /home/tao-jazzy/ros2_ws/install/serial_motor_demo_msgs/share/serial_motor_demo_msgs/msg/MotorCommand.idl
[1.178s] -- Up-to-date symlink: /home/tao-jazzy/ros2_ws/install/serial_motor_demo_msgs/share/serial_motor_demo_msgs/msg/MotorVels.idl
[1.178s] -- Up-to-date symlink: /home/tao-jazzy/ros2_ws/install/serial_motor_demo_msgs/share/serial_motor_demo_msgs/msg/EncoderVals.idl
[1.178s] -- Up-to-date symlink: /home/tao-jazzy/ros2_ws/install/serial_motor_demo_msgs/share/serial_motor_demo_msgs/msg/MotorCommand.msg
[1.178s] -- Up-to-date symlink: /home/tao-jazzy/ros2_ws/install/serial_motor_demo_msgs/share/serial_motor_demo_msgs/msg/MotorVels.msg
[1.178s] -- Up-to-date symlink: /home/tao-jazzy/ros2_ws/install/serial_motor_demo_msgs/share/serial_motor_demo_msgs/msg/EncoderVals.msg
[1.179s] -- Up-to-date symlink: /home/tao-jazzy/ros2_ws/install/serial_motor_demo_msgs/share/ament_index/resource_index/package_run_dependencies/serial_motor_demo_msgs
[1.179s] -- Up-to-date symlink: /home/tao-jazzy/ros2_ws/install/serial_motor_demo_msgs/share/ament_index/resource_index/parent_prefix_path/serial_motor_demo_msgs
[1.181s] -- Up-to-date symlink: /home/tao-jazzy/ros2_ws/install/serial_motor_demo_msgs/share/serial_motor_demo_msgs/environment/ament_prefix_path.sh
[1.181s] -- Up-to-date symlink: /home/tao-jazzy/ros2_ws/install/serial_motor_demo_msgs/share/serial_motor_demo_msgs/environment/ament_prefix_path.dsv
[1.181s] -- Up-to-date symlink: /home/tao-jazzy/ros2_ws/install/serial_motor_demo_msgs/share/serial_motor_demo_msgs/environment/path.sh
[1.181s] -- Up-to-date symlink: /home/tao-jazzy/ros2_ws/install/serial_motor_demo_msgs/share/serial_motor_demo_msgs/environment/path.dsv
[1.182s] -- Up-to-date symlink: /home/tao-jazzy/ros2_ws/install/serial_motor_demo_msgs/share/serial_motor_demo_msgs/local_setup.bash
[1.182s] -- Up-to-date symlink: /home/tao-jazzy/ros2_ws/install/serial_motor_demo_msgs/share/serial_motor_demo_msgs/local_setup.sh
[1.182s] -- Up-to-date symlink: /home/tao-jazzy/ros2_ws/install/serial_motor_demo_msgs/share/serial_motor_demo_msgs/local_setup.zsh
[1.182s] -- Up-to-date symlink: /home/tao-jazzy/ros2_ws/install/serial_motor_demo_msgs/share/serial_motor_demo_msgs/local_setup.dsv
[1.182s] -- Symlinking: /home/tao-jazzy/ros2_ws/install/serial_motor_demo_msgs/share/serial_motor_demo_msgs/package.dsv
[1.193s] -- Up-to-date symlink: /home/tao-jazzy/ros2_ws/install/serial_motor_demo_msgs/share/ament_index/resource_index/packages/serial_motor_demo_msgs
[1.193s] -- Up-to-date symlink: /home/tao-jazzy/ros2_ws/install/serial_motor_demo_msgs/share/serial_motor_demo_msgs/cmake/rosidl_cmake-extras.cmake
[1.193s] -- Up-to-date symlink: /home/tao-jazzy/ros2_ws/install/serial_motor_demo_msgs/share/serial_motor_demo_msgs/cmake/ament_cmake_export_include_directories-extras.cmake
[1.194s] -- Up-to-date symlink: /home/tao-jazzy/ros2_ws/install/serial_motor_demo_msgs/share/serial_motor_demo_msgs/cmake/ament_cmake_export_libraries-extras.cmake
[1.194s] -- Up-to-date symlink: /home/tao-jazzy/ros2_ws/install/serial_motor_demo_msgs/share/serial_motor_demo_msgs/cmake/ament_cmake_export_targets-extras.cmake
[1.194s] -- Up-to-date symlink: /home/tao-jazzy/ros2_ws/install/serial_motor_demo_msgs/share/serial_motor_demo_msgs/cmake/rosidl_cmake_export_typesupport_targets-extras.cmake
[1.194s] -- Up-to-date symlink: /home/tao-jazzy/ros2_ws/install/serial_motor_demo_msgs/share/serial_motor_demo_msgs/cmake/ament_cmake_export_dependencies-extras.cmake
[1.195s] -- Up-to-date symlink: /home/tao-jazzy/ros2_ws/install/serial_motor_demo_msgs/share/serial_motor_demo_msgs/cmake/rosidl_cmake_export_typesupport_libraries-extras.cmake
[1.195s] -- Up-to-date symlink: /home/tao-jazzy/ros2_ws/install/serial_motor_demo_msgs/share/serial_motor_demo_msgs/cmake/serial_motor_demo_msgsConfig.cmake
[1.195s] -- Up-to-date symlink: /home/tao-jazzy/ros2_ws/install/serial_motor_demo_msgs/share/serial_motor_demo_msgs/cmake/serial_motor_demo_msgsConfig-version.cmake
[1.195s] -- Up-to-date symlink: /home/tao-jazzy/ros2_ws/install/serial_motor_demo_msgs/share/serial_motor_demo_msgs/package.xml
[1.196s] -- Up-to-date: /home/tao-jazzy/ros2_ws/install/serial_motor_demo_msgs/lib/libserial_motor_demo_msgs__rosidl_generator_c.so
[1.196s] -- Up-to-date: /home/tao-jazzy/ros2_ws/install/serial_motor_demo_msgs/lib/libserial_motor_demo_msgs__rosidl_typesupport_fastrtps_c.so
[1.196s] -- Up-to-date: /home/tao-jazzy/ros2_ws/install/serial_motor_demo_msgs/lib/libserial_motor_demo_msgs__rosidl_typesupport_introspection_c.so
[1.197s] -- Up-to-date: /home/tao-jazzy/ros2_ws/install/serial_motor_demo_msgs/lib/libserial_motor_demo_msgs__rosidl_typesupport_c.so
[1.197s] -- Up-to-date: /home/tao-jazzy/ros2_ws/install/serial_motor_demo_msgs/lib/libserial_motor_demo_msgs__rosidl_typesupport_fastrtps_cpp.so
[1.198s] -- Up-to-date: /home/tao-jazzy/ros2_ws/install/serial_motor_demo_msgs/lib/libserial_motor_demo_msgs__rosidl_typesupport_introspection_cpp.so
[1.198s] -- Up-to-date: /home/tao-jazzy/ros2_ws/install/serial_motor_demo_msgs/lib/libserial_motor_demo_msgs__rosidl_typesupport_cpp.so
[1.237s] Listing '/home/tao-jazzy/ros2_ws/install/serial_motor_demo_msgs/lib/python3.12/site-packages/serial_motor_demo_msgs'...
[1.238s] Listing '/home/tao-jazzy/ros2_ws/install/serial_motor_demo_msgs/lib/python3.12/site-packages/serial_motor_demo_msgs/msg'...
[1.240s] -- Up-to-date: /home/tao-jazzy/ros2_ws/install/serial_motor_demo_msgs/lib/libserial_motor_demo_msgs__rosidl_generator_py.so
[1.242s] -- Up-to-date: /home/tao-jazzy/ros2_ws/install/serial_motor_demo_msgs/share/serial_motor_demo_msgs/cmake/export_serial_motor_demo_msgs__rosidl_generator_cExport.cmake
[1.242s] -- Up-to-date: /home/tao-jazzy/ros2_ws/install/serial_motor_demo_msgs/share/serial_motor_demo_msgs/cmake/export_serial_motor_demo_msgs__rosidl_generator_cExport-noconfig.cmake
[1.247s] -- Up-to-date: /home/tao-jazzy/ros2_ws/install/serial_motor_demo_msgs/share/serial_motor_demo_msgs/cmake/export_serial_motor_demo_msgs__rosidl_typesupport_fastrtps_cExport.cmake
[1.247s] -- Up-to-date: /home/tao-jazzy/ros2_ws/install/serial_motor_demo_msgs/share/serial_motor_demo_msgs/cmake/export_serial_motor_demo_msgs__rosidl_typesupport_fastrtps_cExport-noconfig.cmake
[1.247s] -- Up-to-date: /home/tao-jazzy/ros2_ws/install/serial_motor_demo_msgs/share/serial_motor_demo_msgs/cmake/serial_motor_demo_msgs__rosidl_typesupport_introspection_cExport.cmake
[1.247s] -- Up-to-date: /home/tao-jazzy/ros2_ws/install/serial_motor_demo_msgs/share/serial_motor_demo_msgs/cmake/serial_motor_demo_msgs__rosidl_typesupport_introspection_cExport-noconfig.cmake
[1.247s] -- Up-to-date: /home/tao-jazzy/ros2_ws/install/serial_motor_demo_msgs/share/serial_motor_demo_msgs/cmake/serial_motor_demo_msgs__rosidl_typesupport_cExport.cmake
[1.248s] -- Up-to-date: /home/tao-jazzy/ros2_ws/install/serial_motor_demo_msgs/share/serial_motor_demo_msgs/cmake/serial_motor_demo_msgs__rosidl_typesupport_cExport-noconfig.cmake
[1.248s] -- Up-to-date: /home/tao-jazzy/ros2_ws/install/serial_motor_demo_msgs/share/serial_motor_demo_msgs/cmake/export_serial_motor_demo_msgs__rosidl_generator_cppExport.cmake
[1.248s] -- Up-to-date: /home/tao-jazzy/ros2_ws/install/serial_motor_demo_msgs/share/serial_motor_demo_msgs/cmake/export_serial_motor_demo_msgs__rosidl_typesupport_fastrtps_cppExport.cmake
[1.248s] -- Up-to-date: /home/tao-jazzy/ros2_ws/install/serial_motor_demo_msgs/share/serial_motor_demo_msgs/cmake/export_serial_motor_demo_msgs__rosidl_typesupport_fastrtps_cppExport-noconfig.cmake
[1.248s] -- Up-to-date: /home/tao-jazzy/ros2_ws/install/serial_motor_demo_msgs/share/serial_motor_demo_msgs/cmake/serial_motor_demo_msgs__rosidl_typesupport_introspection_cppExport.cmake
[1.248s] -- Up-to-date: /home/tao-jazzy/ros2_ws/install/serial_motor_demo_msgs/share/serial_motor_demo_msgs/cmake/serial_motor_demo_msgs__rosidl_typesupport_introspection_cppExport-noconfig.cmake
[1.248s] -- Up-to-date: /home/tao-jazzy/ros2_ws/install/serial_motor_demo_msgs/share/serial_motor_demo_msgs/cmake/serial_motor_demo_msgs__rosidl_typesupport_cppExport.cmake
[1.248s] -- Up-to-date: /home/tao-jazzy/ros2_ws/install/serial_motor_demo_msgs/share/serial_motor_demo_msgs/cmake/serial_motor_demo_msgs__rosidl_typesupport_cppExport-noconfig.cmake
[1.249s] -- Up-to-date: /home/tao-jazzy/ros2_ws/install/serial_motor_demo_msgs/share/serial_motor_demo_msgs/cmake/export_serial_motor_demo_msgs__rosidl_generator_pyExport.cmake
[1.249s] -- Up-to-date: /home/tao-jazzy/ros2_ws/install/serial_motor_demo_msgs/share/serial_motor_demo_msgs/cmake/export_serial_motor_demo_msgs__rosidl_generator_pyExport-noconfig.cmake
[1.251s] Invoked command in '/home/tao-jazzy/ros2_ws/build/serial_motor_demo_msgs' returned '0': CMAKE_PREFIX_PATH=${CMAKE_PREFIX_PATH}:/home/tao-jazzy/ros2_ws/install/py_pubsub:/opt/ros/jazzy DEBUGINFOD_URLS=https://debuginfod.ubuntu.com /usr/bin/cmake --install /home/tao-jazzy/ros2_ws/build/serial_motor_demo_msgs
