[0.235s] DEBUG:colcon:Command line arguments: ['/usr/bin/colcon', 'list', '-p', '--base-paths', '/home/tao-jazzy/ros2_ws']
[0.235s] DEBUG:colcon:Parsed command line arguments: Namespace(log_base=None, log_level=None, verb_name='list', build_base='build', ignore_user_meta=False, metas=['./colcon.meta'], base_paths=['/home/tao-jazzy/ros2_ws'], packages_ignore=None, packages_ignore_regex=None, paths=None, packages_up_to=None, packages_up_to_regex=None, packages_above=None, packages_above_and_dependencies=None, packages_above_depth=None, packages_select_by_dep=None, packages_skip_by_dep=None, packages_skip_up_to=None, packages_select_build_failed=False, packages_skip_build_finished=False, packages_select_test_failures=False, packages_skip_test_passed=False, packages_select=None, packages_skip=None, packages_select_regex=None, packages_skip_regex=None, packages_start=None, packages_end=None, allow_overriding=[], topological_order=False, names_only=False, paths_only=True, topological_graph=False, topological_graph_dot=False, topological_graph_density=False, topological_graph_legend=False, topological_graph_dot_cluster=False, topological_graph_dot_include_skipped=False, mixin_files=None, mixin=None, verb_parser=<colcon_mixin.mixin.mixin_argument.MixinArgumentDecorator object at 0x7a809e891a00>, verb_extension=<colcon_package_information.verb.list.ListVerb object at 0x7a809e8908f0>, main=<bound method ListVerb.main of <colcon_package_information.verb.list.ListVerb object at 0x7a809e8908f0>>, mixin_verb=('list',))
[0.414s] Level 1:colcon.colcon_core.package_discovery:discover_packages(colcon_meta) check parameters
[0.414s] Level 1:colcon.colcon_core.package_discovery:discover_packages(recursive) check parameters
[0.414s] Level 1:colcon.colcon_core.package_discovery:discover_packages(ignore) check parameters
[0.415s] Level 1:colcon.colcon_core.package_discovery:discover_packages(path) check parameters
[0.415s] Level 1:colcon.colcon_core.package_discovery:discover_packages(recursive) discover
[0.415s] INFO:colcon.colcon_core.package_discovery:Crawling recursively for packages in '/home/tao-jazzy/ros2_ws'
[0.415s] Level 1:colcon.colcon_core.package_identification:_identify(/home/tao-jazzy/ros2_ws) by extensions ['ignore', 'ignore_ament_install']
[0.416s] Level 1:colcon.colcon_core.package_identification:_identify(/home/tao-jazzy/ros2_ws) by extension 'ignore'
[0.416s] Level 1:colcon.colcon_core.package_identification:_identify(/home/tao-jazzy/ros2_ws) by extension 'ignore_ament_install'
[0.416s] Level 1:colcon.colcon_core.package_identification:_identify(/home/tao-jazzy/ros2_ws) by extensions ['colcon_pkg']
[0.416s] Level 1:colcon.colcon_core.package_identification:_identify(/home/tao-jazzy/ros2_ws) by extension 'colcon_pkg'
[0.416s] Level 1:colcon.colcon_core.package_identification:_identify(/home/tao-jazzy/ros2_ws) by extensions ['colcon_meta']
[0.416s] Level 1:colcon.colcon_core.package_identification:_identify(/home/tao-jazzy/ros2_ws) by extension 'colcon_meta'
[0.416s] Level 1:colcon.colcon_core.package_identification:_identify(/home/tao-jazzy/ros2_ws) by extensions ['ros']
[0.416s] Level 1:colcon.colcon_core.package_identification:_identify(/home/tao-jazzy/ros2_ws) by extension 'ros'
[0.554s] Level 1:colcon.colcon_core.package_identification:_identify(/home/tao-jazzy/ros2_ws) by extensions ['cmake', 'python']
[0.554s] Level 1:colcon.colcon_core.package_identification:_identify(/home/tao-jazzy/ros2_ws) by extension 'cmake'
[0.554s] Level 1:colcon.colcon_core.package_identification:_identify(/home/tao-jazzy/ros2_ws) by extension 'python'
[0.555s] Level 1:colcon.colcon_core.package_identification:_identify(/home/tao-jazzy/ros2_ws) by extensions ['python_setup_py']
[0.555s] Level 1:colcon.colcon_core.package_identification:_identify(/home/tao-jazzy/ros2_ws) by extension 'python_setup_py'
[0.555s] Level 1:colcon.colcon_core.package_identification:_identify(/home/tao-jazzy/ros2_ws/build) by extensions ['ignore', 'ignore_ament_install']
[0.555s] Level 1:colcon.colcon_core.package_identification:_identify(/home/tao-jazzy/ros2_ws/build) by extension 'ignore'
[0.555s] Level 1:colcon.colcon_core.package_identification:_identify(/home/tao-jazzy/ros2_ws/build) ignored
[0.555s] Level 1:colcon.colcon_core.package_identification:_identify(/home/tao-jazzy/ros2_ws/install) by extensions ['ignore', 'ignore_ament_install']
[0.555s] Level 1:colcon.colcon_core.package_identification:_identify(/home/tao-jazzy/ros2_ws/install) by extension 'ignore'
[0.555s] Level 1:colcon.colcon_core.package_identification:_identify(/home/tao-jazzy/ros2_ws/install) ignored
[0.555s] Level 1:colcon.colcon_core.package_identification:_identify(/home/tao-jazzy/ros2_ws/log) by extensions ['ignore', 'ignore_ament_install']
[0.555s] Level 1:colcon.colcon_core.package_identification:_identify(/home/tao-jazzy/ros2_ws/log) by extension 'ignore'
[0.555s] Level 1:colcon.colcon_core.package_identification:_identify(/home/tao-jazzy/ros2_ws/log) ignored
[0.555s] Level 1:colcon.colcon_core.package_identification:_identify(/home/tao-jazzy/ros2_ws/src) by extensions ['ignore', 'ignore_ament_install']
[0.555s] Level 1:colcon.colcon_core.package_identification:_identify(/home/tao-jazzy/ros2_ws/src) by extension 'ignore'
[0.556s] Level 1:colcon.colcon_core.package_identification:_identify(/home/tao-jazzy/ros2_ws/src) by extension 'ignore_ament_install'
[0.556s] Level 1:colcon.colcon_core.package_identification:_identify(/home/tao-jazzy/ros2_ws/src) by extensions ['colcon_pkg']
[0.556s] Level 1:colcon.colcon_core.package_identification:_identify(/home/tao-jazzy/ros2_ws/src) by extension 'colcon_pkg'
[0.573s] Level 1:colcon.colcon_core.package_identification:_identify(/home/tao-jazzy/ros2_ws/src) by extensions ['colcon_meta']
[0.573s] Level 1:colcon.colcon_core.package_identification:_identify(/home/tao-jazzy/ros2_ws/src) by extension 'colcon_meta'
[0.573s] Level 1:colcon.colcon_core.package_identification:_identify(/home/tao-jazzy/ros2_ws/src) by extensions ['ros']
[0.573s] Level 1:colcon.colcon_core.package_identification:_identify(/home/tao-jazzy/ros2_ws/src) by extension 'ros'
[0.574s] Level 1:colcon.colcon_core.package_identification:_identify(/home/tao-jazzy/ros2_ws/src) by extensions ['cmake', 'python']
[0.583s] Level 1:colcon.colcon_core.package_identification:_identify(/home/tao-jazzy/ros2_ws/src) by extension 'cmake'
[0.583s] Level 1:colcon.colcon_core.package_identification:_identify(/home/tao-jazzy/ros2_ws/src) by extension 'python'
[0.583s] Level 1:colcon.colcon_core.package_identification:_identify(/home/tao-jazzy/ros2_ws/src) by extensions ['python_setup_py']
[0.583s] Level 1:colcon.colcon_core.package_identification:_identify(/home/tao-jazzy/ros2_ws/src) by extension 'python_setup_py'
[0.583s] Level 1:colcon.colcon_core.package_identification:_identify(/home/tao-jazzy/ros2_ws/src/cpp_pubsub) by extensions ['ignore', 'ignore_ament_install']
[0.583s] Level 1:colcon.colcon_core.package_identification:_identify(/home/tao-jazzy/ros2_ws/src/cpp_pubsub) by extension 'ignore'
[0.583s] Level 1:colcon.colcon_core.package_identification:_identify(/home/tao-jazzy/ros2_ws/src/cpp_pubsub) by extension 'ignore_ament_install'
[0.583s] Level 1:colcon.colcon_core.package_identification:_identify(/home/tao-jazzy/ros2_ws/src/cpp_pubsub) by extensions ['colcon_pkg']
[0.583s] Level 1:colcon.colcon_core.package_identification:_identify(/home/tao-jazzy/ros2_ws/src/cpp_pubsub) by extension 'colcon_pkg'
[0.583s] Level 1:colcon.colcon_core.package_identification:_identify(/home/tao-jazzy/ros2_ws/src/cpp_pubsub) by extensions ['colcon_meta']
[0.583s] Level 1:colcon.colcon_core.package_identification:_identify(/home/tao-jazzy/ros2_ws/src/cpp_pubsub) by extension 'colcon_meta'
[0.583s] Level 1:colcon.colcon_core.package_identification:_identify(/home/tao-jazzy/ros2_ws/src/cpp_pubsub) by extensions ['ros']
[0.583s] Level 1:colcon.colcon_core.package_identification:_identify(/home/tao-jazzy/ros2_ws/src/cpp_pubsub) by extension 'ros'
[0.602s] DEBUG:colcon.colcon_core.package_identification:Package '/home/tao-jazzy/ros2_ws/src/cpp_pubsub' with type 'ros.ament_cmake' and name 'cpp_pubsub'
[0.603s] Level 1:colcon.colcon_core.package_identification:_identify(/home/tao-jazzy/ros2_ws/src/py_pubsub) by extensions ['ignore', 'ignore_ament_install']
[0.603s] Level 1:colcon.colcon_core.package_identification:_identify(/home/tao-jazzy/ros2_ws/src/py_pubsub) by extension 'ignore'
[0.603s] Level 1:colcon.colcon_core.package_identification:_identify(/home/tao-jazzy/ros2_ws/src/py_pubsub) by extension 'ignore_ament_install'
[0.603s] Level 1:colcon.colcon_core.package_identification:_identify(/home/tao-jazzy/ros2_ws/src/py_pubsub) by extensions ['colcon_pkg']
[0.603s] Level 1:colcon.colcon_core.package_identification:_identify(/home/tao-jazzy/ros2_ws/src/py_pubsub) by extension 'colcon_pkg'
[0.603s] Level 1:colcon.colcon_core.package_identification:_identify(/home/tao-jazzy/ros2_ws/src/py_pubsub) by extensions ['colcon_meta']
[0.603s] Level 1:colcon.colcon_core.package_identification:_identify(/home/tao-jazzy/ros2_ws/src/py_pubsub) by extension 'colcon_meta'
[0.603s] Level 1:colcon.colcon_core.package_identification:_identify(/home/tao-jazzy/ros2_ws/src/py_pubsub) by extensions ['ros']
[0.603s] Level 1:colcon.colcon_core.package_identification:_identify(/home/tao-jazzy/ros2_ws/src/py_pubsub) by extension 'ros'
[0.604s] DEBUG:colcon.colcon_core.package_identification:Package '/home/tao-jazzy/ros2_ws/src/py_pubsub' with type 'ros.ament_python' and name 'py_pubsub'
[0.604s] Level 1:colcon.colcon_core.package_identification:_identify(/home/tao-jazzy/ros2_ws/src/robotBackEndtu_ros2_ws) by extensions ['ignore', 'ignore_ament_install']
[0.604s] Level 1:colcon.colcon_core.package_identification:_identify(/home/tao-jazzy/ros2_ws/src/robotBackEndtu_ros2_ws) by extension 'ignore'
[0.604s] Level 1:colcon.colcon_core.package_identification:_identify(/home/tao-jazzy/ros2_ws/src/robotBackEndtu_ros2_ws) by extension 'ignore_ament_install'
[0.604s] Level 1:colcon.colcon_core.package_identification:_identify(/home/tao-jazzy/ros2_ws/src/robotBackEndtu_ros2_ws) by extensions ['colcon_pkg']
[0.604s] Level 1:colcon.colcon_core.package_identification:_identify(/home/tao-jazzy/ros2_ws/src/robotBackEndtu_ros2_ws) by extension 'colcon_pkg'
[0.604s] Level 1:colcon.colcon_core.package_identification:_identify(/home/tao-jazzy/ros2_ws/src/robotBackEndtu_ros2_ws) by extensions ['colcon_meta']
[0.604s] Level 1:colcon.colcon_core.package_identification:_identify(/home/tao-jazzy/ros2_ws/src/robotBackEndtu_ros2_ws) by extension 'colcon_meta'
[0.604s] Level 1:colcon.colcon_core.package_identification:_identify(/home/tao-jazzy/ros2_ws/src/robotBackEndtu_ros2_ws) by extensions ['ros']
[0.604s] Level 1:colcon.colcon_core.package_identification:_identify(/home/tao-jazzy/ros2_ws/src/robotBackEndtu_ros2_ws) by extension 'ros'
[0.608s] Level 1:colcon.colcon_core.package_identification:_identify(/home/tao-jazzy/ros2_ws/src/robotBackEndtu_ros2_ws) by extensions ['cmake', 'python']
[0.608s] Level 1:colcon.colcon_core.package_identification:_identify(/home/tao-jazzy/ros2_ws/src/robotBackEndtu_ros2_ws) by extension 'cmake'
[0.608s] Level 1:colcon.colcon_core.package_identification:_identify(/home/tao-jazzy/ros2_ws/src/robotBackEndtu_ros2_ws) by extension 'python'
[0.609s] Level 1:colcon.colcon_core.package_identification:_identify(/home/tao-jazzy/ros2_ws/src/robotBackEndtu_ros2_ws) by extensions ['python_setup_py']
[0.609s] Level 1:colcon.colcon_core.package_identification:_identify(/home/tao-jazzy/ros2_ws/src/robotBackEndtu_ros2_ws) by extension 'python_setup_py'
[0.609s] Level 1:colcon.colcon_core.package_discovery:discover_packages(recursive) using defaults
