[3.611s] DEBUG:colcon:Command line arguments: ['/usr/bin/colcon', 'build']
[3.611s] DEBUG:colcon:Parsed command line arguments: Namespace(log_base=None, log_level=None, verb_name='build', build_base='build', install_base='install', merge_install=False, symlink_install=False, test_result_base=None, continue_on_error=False, executor='parallel', parallel_workers=4, event_handlers=None, ignore_user_meta=False, metas=['./colcon.meta'], base_paths=['.'], packages_ignore=None, packages_ignore_regex=None, paths=None, packages_up_to=None, packages_up_to_regex=None, packages_above=None, packages_above_and_dependencies=None, packages_above_depth=None, packages_select_by_dep=None, packages_skip_by_dep=None, packages_skip_up_to=None, packages_select_build_failed=False, packages_skip_build_finished=False, packages_select_test_failures=False, packages_skip_test_passed=False, packages_select=None, packages_skip=None, packages_select_regex=None, packages_skip_regex=None, packages_start=None, packages_end=None, allow_overriding=[], cmake_args=None, cmake_target=None, cmake_target_skip_unavailable=False, cmake_clean_cache=False, cmake_clean_first=False, cmake_force_configure=False, ament_cmake_args=None, catkin_cmake_args=None, catkin_skip_building_tests=False, mixin_files=None, mixin=None, verb_parser=<colcon_mixin.mixin.mixin_argument.MixinArgumentDecorator object at 0x7ef903784e00>, verb_extension=<colcon_core.verb.build.BuildVerb object at 0x7ef903877350>, main=<bound method BuildVerb.main of <colcon_core.verb.build.BuildVerb object at 0x7ef903877350>>, mixin_verb=('build',))
[3.761s] Level 1:colcon.colcon_core.package_discovery:discover_packages(colcon_meta) check parameters
[3.761s] Level 1:colcon.colcon_core.package_discovery:discover_packages(recursive) check parameters
[3.761s] Level 1:colcon.colcon_core.package_discovery:discover_packages(ignore) check parameters
[3.761s] Level 1:colcon.colcon_core.package_discovery:discover_packages(path) check parameters
[3.761s] Level 1:colcon.colcon_core.package_discovery:discover_packages(colcon_meta) discover
[3.761s] Level 1:colcon.colcon_core.package_discovery:discover_packages(recursive) discover
[3.761s] INFO:colcon.colcon_core.package_discovery:Crawling recursively for packages in '/home/tao-jazzy/ros2_ws'
[3.763s] Level 1:colcon.colcon_core.package_identification:_identify(.) by extensions ['ignore', 'ignore_ament_install']
[3.764s] Level 1:colcon.colcon_core.package_identification:_identify(.) by extension 'ignore'
[3.764s] Level 1:colcon.colcon_core.package_identification:_identify(.) by extension 'ignore_ament_install'
[3.764s] Level 1:colcon.colcon_core.package_identification:_identify(.) by extensions ['colcon_pkg']
[3.765s] Level 1:colcon.colcon_core.package_identification:_identify(.) by extension 'colcon_pkg'
[3.765s] Level 1:colcon.colcon_core.package_identification:_identify(.) by extensions ['colcon_meta']
[3.765s] Level 1:colcon.colcon_core.package_identification:_identify(.) by extension 'colcon_meta'
[3.765s] Level 1:colcon.colcon_core.package_identification:_identify(.) by extensions ['ros']
[3.765s] Level 1:colcon.colcon_core.package_identification:_identify(.) by extension 'ros'
[3.879s] Level 1:colcon.colcon_core.package_identification:_identify(.) by extensions ['cmake', 'python']
[3.879s] Level 1:colcon.colcon_core.package_identification:_identify(.) by extension 'cmake'
[3.879s] Level 1:colcon.colcon_core.package_identification:_identify(.) by extension 'python'
[3.880s] Level 1:colcon.colcon_core.package_identification:_identify(.) by extensions ['python_setup_py']
[3.880s] Level 1:colcon.colcon_core.package_identification:_identify(.) by extension 'python_setup_py'
[3.882s] Level 1:colcon.colcon_core.package_identification:_identify(build) by extensions ['ignore', 'ignore_ament_install']
[3.882s] Level 1:colcon.colcon_core.package_identification:_identify(build) by extension 'ignore'
[3.883s] Level 1:colcon.colcon_core.package_identification:_identify(build) ignored
[3.885s] Level 1:colcon.colcon_core.package_identification:_identify(install) by extensions ['ignore', 'ignore_ament_install']
[3.886s] Level 1:colcon.colcon_core.package_identification:_identify(install) by extension 'ignore'
[3.886s] Level 1:colcon.colcon_core.package_identification:_identify(install) ignored
[3.886s] Level 1:colcon.colcon_core.package_identification:_identify(log) by extensions ['ignore', 'ignore_ament_install']
[3.887s] Level 1:colcon.colcon_core.package_identification:_identify(log) by extension 'ignore'
[3.887s] Level 1:colcon.colcon_core.package_identification:_identify(log) ignored
[3.887s] Level 1:colcon.colcon_core.package_identification:_identify(src) by extensions ['ignore', 'ignore_ament_install']
[3.887s] Level 1:colcon.colcon_core.package_identification:_identify(src) by extension 'ignore'
[3.887s] Level 1:colcon.colcon_core.package_identification:_identify(src) by extension 'ignore_ament_install'
[3.887s] Level 1:colcon.colcon_core.package_identification:_identify(src) by extensions ['colcon_pkg']
[3.887s] Level 1:colcon.colcon_core.package_identification:_identify(src) by extension 'colcon_pkg'
[3.887s] Level 1:colcon.colcon_core.package_identification:_identify(src) by extensions ['colcon_meta']
[3.887s] Level 1:colcon.colcon_core.package_identification:_identify(src) by extension 'colcon_meta'
[3.887s] Level 1:colcon.colcon_core.package_identification:_identify(src) by extensions ['ros']
[3.887s] Level 1:colcon.colcon_core.package_identification:_identify(src) by extension 'ros'
[3.887s] Level 1:colcon.colcon_core.package_identification:_identify(src) by extensions ['cmake', 'python']
[3.887s] Level 1:colcon.colcon_core.package_identification:_identify(src) by extension 'cmake'
[3.887s] Level 1:colcon.colcon_core.package_identification:_identify(src) by extension 'python'
[3.887s] Level 1:colcon.colcon_core.package_identification:_identify(src) by extensions ['python_setup_py']
[3.887s] Level 1:colcon.colcon_core.package_identification:_identify(src) by extension 'python_setup_py'
[3.888s] Level 1:colcon.colcon_core.package_identification:_identify(src/cpp_pubsub) by extensions ['ignore', 'ignore_ament_install']
[3.888s] Level 1:colcon.colcon_core.package_identification:_identify(src/cpp_pubsub) by extension 'ignore'
[3.888s] Level 1:colcon.colcon_core.package_identification:_identify(src/cpp_pubsub) by extension 'ignore_ament_install'
[3.888s] Level 1:colcon.colcon_core.package_identification:_identify(src/cpp_pubsub) by extensions ['colcon_pkg']
[3.888s] Level 1:colcon.colcon_core.package_identification:_identify(src/cpp_pubsub) by extension 'colcon_pkg'
[3.888s] Level 1:colcon.colcon_core.package_identification:_identify(src/cpp_pubsub) by extensions ['colcon_meta']
[3.888s] Level 1:colcon.colcon_core.package_identification:_identify(src/cpp_pubsub) by extension 'colcon_meta'
[3.888s] Level 1:colcon.colcon_core.package_identification:_identify(src/cpp_pubsub) by extensions ['ros']
[3.888s] Level 1:colcon.colcon_core.package_identification:_identify(src/cpp_pubsub) by extension 'ros'
[3.901s] DEBUG:colcon.colcon_core.package_identification:Package 'src/cpp_pubsub' with type 'ros.ament_cmake' and name 'cpp_pubsub'
[3.903s] Level 1:colcon.colcon_core.package_identification:_identify(src/py_pubsub) by extensions ['ignore', 'ignore_ament_install']
[3.903s] Level 1:colcon.colcon_core.package_identification:_identify(src/py_pubsub) by extension 'ignore'
[3.903s] Level 1:colcon.colcon_core.package_identification:_identify(src/py_pubsub) by extension 'ignore_ament_install'
[3.904s] Level 1:colcon.colcon_core.package_identification:_identify(src/py_pubsub) by extensions ['colcon_pkg']
[3.904s] Level 1:colcon.colcon_core.package_identification:_identify(src/py_pubsub) by extension 'colcon_pkg'
[3.904s] Level 1:colcon.colcon_core.package_identification:_identify(src/py_pubsub) by extensions ['colcon_meta']
[3.904s] Level 1:colcon.colcon_core.package_identification:_identify(src/py_pubsub) by extension 'colcon_meta'
[3.904s] Level 1:colcon.colcon_core.package_identification:_identify(src/py_pubsub) by extensions ['ros']
[3.904s] Level 1:colcon.colcon_core.package_identification:_identify(src/py_pubsub) by extension 'ros'
[3.907s] DEBUG:colcon.colcon_core.package_identification:Package 'src/py_pubsub' with type 'ros.ament_python' and name 'py_pubsub'
[3.909s] Level 1:colcon.colcon_core.package_identification:_identify(src/robotBackEndtu_ros2_ws) by extensions ['ignore', 'ignore_ament_install']
[3.909s] Level 1:colcon.colcon_core.package_identification:_identify(src/robotBackEndtu_ros2_ws) by extension 'ignore'
[3.909s] Level 1:colcon.colcon_core.package_identification:_identify(src/robotBackEndtu_ros2_ws) by extension 'ignore_ament_install'
[3.910s] Level 1:colcon.colcon_core.package_identification:_identify(src/robotBackEndtu_ros2_ws) by extensions ['colcon_pkg']
[3.910s] Level 1:colcon.colcon_core.package_identification:_identify(src/robotBackEndtu_ros2_ws) by extension 'colcon_pkg'
[3.910s] Level 1:colcon.colcon_core.package_identification:_identify(src/robotBackEndtu_ros2_ws) by extensions ['colcon_meta']
[3.910s] Level 1:colcon.colcon_core.package_identification:_identify(src/robotBackEndtu_ros2_ws) by extension 'colcon_meta'
[3.910s] Level 1:colcon.colcon_core.package_identification:_identify(src/robotBackEndtu_ros2_ws) by extensions ['ros']
[3.910s] Level 1:colcon.colcon_core.package_identification:_identify(src/robotBackEndtu_ros2_ws) by extension 'ros'
[3.910s] Level 1:colcon.colcon_core.package_identification:_identify(src/robotBackEndtu_ros2_ws) by extensions ['cmake', 'python']
[3.910s] Level 1:colcon.colcon_core.package_identification:_identify(src/robotBackEndtu_ros2_ws) by extension 'cmake'
[3.911s] Level 1:colcon.colcon_core.package_identification:_identify(src/robotBackEndtu_ros2_ws) by extension 'python'
[3.911s] Level 1:colcon.colcon_core.package_identification:_identify(src/robotBackEndtu_ros2_ws) by extensions ['python_setup_py']
[3.911s] Level 1:colcon.colcon_core.package_identification:_identify(src/robotBackEndtu_ros2_ws) by extension 'python_setup_py'
[3.911s] Level 1:colcon.colcon_core.package_discovery:discover_packages(recursive) using defaults
[3.912s] Level 1:colcon.colcon_core.package_discovery:discover_packages(ignore) discover
[3.912s] Level 1:colcon.colcon_core.package_discovery:discover_packages(ignore) using defaults
[3.912s] Level 1:colcon.colcon_core.package_discovery:discover_packages(path) discover
[3.912s] Level 1:colcon.colcon_core.package_discovery:discover_packages(path) using defaults
[3.978s] Level 1:colcon.colcon_core.package_discovery:discover_packages(prefix_path) check parameters
[3.978s] Level 1:colcon.colcon_core.package_discovery:discover_packages(prefix_path) discover
[3.994s] DEBUG:colcon.colcon_installed_package_information.package_discovery:Found 285 installed packages in /opt/ros/jazzy
[3.995s] Level 1:colcon.colcon_core.package_discovery:discover_packages(prefix_path) using defaults
[4.242s] Level 5:colcon.colcon_core.verb:set package 'cpp_pubsub' build argument 'cmake_args' from command line to 'None'
[4.242s] Level 5:colcon.colcon_core.verb:set package 'cpp_pubsub' build argument 'cmake_target' from command line to 'None'
[4.242s] Level 5:colcon.colcon_core.verb:set package 'cpp_pubsub' build argument 'cmake_target_skip_unavailable' from command line to 'False'
[4.242s] Level 5:colcon.colcon_core.verb:set package 'cpp_pubsub' build argument 'cmake_clean_cache' from command line to 'False'
[4.242s] Level 5:colcon.colcon_core.verb:set package 'cpp_pubsub' build argument 'cmake_clean_first' from command line to 'False'
[4.242s] Level 5:colcon.colcon_core.verb:set package 'cpp_pubsub' build argument 'cmake_force_configure' from command line to 'False'
[4.243s] Level 5:colcon.colcon_core.verb:set package 'cpp_pubsub' build argument 'ament_cmake_args' from command line to 'None'
[4.243s] Level 5:colcon.colcon_core.verb:set package 'cpp_pubsub' build argument 'catkin_cmake_args' from command line to 'None'
[4.243s] Level 5:colcon.colcon_core.verb:set package 'cpp_pubsub' build argument 'catkin_skip_building_tests' from command line to 'False'
[4.243s] DEBUG:colcon.colcon_core.verb:Building package 'cpp_pubsub' with the following arguments: {'ament_cmake_args': None, 'build_base': '/home/tao-jazzy/ros2_ws/build/cpp_pubsub', 'catkin_cmake_args': None, 'catkin_skip_building_tests': False, 'cmake_args': None, 'cmake_clean_cache': False, 'cmake_clean_first': False, 'cmake_force_configure': False, 'cmake_target': None, 'cmake_target_skip_unavailable': False, 'install_base': '/home/tao-jazzy/ros2_ws/install/cpp_pubsub', 'merge_install': False, 'path': '/home/tao-jazzy/ros2_ws/src/cpp_pubsub', 'symlink_install': False, 'test_result_base': None}
[4.243s] Level 5:colcon.colcon_core.verb:set package 'py_pubsub' build argument 'cmake_args' from command line to 'None'
[4.243s] Level 5:colcon.colcon_core.verb:set package 'py_pubsub' build argument 'cmake_target' from command line to 'None'
[4.243s] Level 5:colcon.colcon_core.verb:set package 'py_pubsub' build argument 'cmake_target_skip_unavailable' from command line to 'False'
[4.243s] Level 5:colcon.colcon_core.verb:set package 'py_pubsub' build argument 'cmake_clean_cache' from command line to 'False'
[4.243s] Level 5:colcon.colcon_core.verb:set package 'py_pubsub' build argument 'cmake_clean_first' from command line to 'False'
[4.243s] Level 5:colcon.colcon_core.verb:set package 'py_pubsub' build argument 'cmake_force_configure' from command line to 'False'
[4.243s] Level 5:colcon.colcon_core.verb:set package 'py_pubsub' build argument 'ament_cmake_args' from command line to 'None'
[4.243s] Level 5:colcon.colcon_core.verb:set package 'py_pubsub' build argument 'catkin_cmake_args' from command line to 'None'
[4.243s] Level 5:colcon.colcon_core.verb:set package 'py_pubsub' build argument 'catkin_skip_building_tests' from command line to 'False'
[4.243s] DEBUG:colcon.colcon_core.verb:Building package 'py_pubsub' with the following arguments: {'ament_cmake_args': None, 'build_base': '/home/tao-jazzy/ros2_ws/build/py_pubsub', 'catkin_cmake_args': None, 'catkin_skip_building_tests': False, 'cmake_args': None, 'cmake_clean_cache': False, 'cmake_clean_first': False, 'cmake_force_configure': False, 'cmake_target': None, 'cmake_target_skip_unavailable': False, 'install_base': '/home/tao-jazzy/ros2_ws/install/py_pubsub', 'merge_install': False, 'path': '/home/tao-jazzy/ros2_ws/src/py_pubsub', 'symlink_install': False, 'test_result_base': None}
[4.243s] INFO:colcon.colcon_core.executor:Executing jobs using 'parallel' executor
[4.245s] DEBUG:colcon.colcon_parallel_executor.executor.parallel:run_until_complete
[4.245s] INFO:colcon.colcon_ros.task.ament_cmake.build:Building ROS package in '/home/tao-jazzy/ros2_ws/src/cpp_pubsub' with build type 'ament_cmake'
[4.245s] INFO:colcon.colcon_cmake.task.cmake.build:Building CMake package in '/home/tao-jazzy/ros2_ws/src/cpp_pubsub'
[4.261s] INFO:colcon.colcon_core.plugin_system:Skipping extension 'colcon_core.shell.bat': Not used on non-Windows systems
[4.261s] INFO:colcon.colcon_core.shell:Skip shell extension 'powershell' for command environment: Not usable outside of PowerShell
[4.261s] DEBUG:colcon.colcon_core.shell:Skip shell extension 'dsv' for command environment
[4.293s] INFO:colcon.colcon_ros.task.ament_python.build:Building ROS package in '/home/tao-jazzy/ros2_ws/src/py_pubsub' with build type 'ament_python'
[4.293s] Level 1:colcon.colcon_core.shell:create_environment_hook('py_pubsub', 'ament_prefix_path')
[4.293s] INFO:colcon.colcon_core.shell:Creating environment hook '/home/tao-jazzy/ros2_ws/install/py_pubsub/share/py_pubsub/hook/ament_prefix_path.ps1'
[4.301s] INFO:colcon.colcon_core.shell:Creating environment descriptor '/home/tao-jazzy/ros2_ws/install/py_pubsub/share/py_pubsub/hook/ament_prefix_path.dsv'
[4.310s] INFO:colcon.colcon_core.shell:Creating environment hook '/home/tao-jazzy/ros2_ws/install/py_pubsub/share/py_pubsub/hook/ament_prefix_path.sh'
[4.312s] INFO:colcon.colcon_core.shell:Skip shell extension 'powershell' for command environment: Not usable outside of PowerShell
[4.312s] DEBUG:colcon.colcon_core.shell:Skip shell extension 'dsv' for command environment
[4.327s] DEBUG:colcon.colcon_core.event_handler.log_command:Invoking command in '/home/tao-jazzy/ros2_ws/build/cpp_pubsub': CMAKE_PREFIX_PATH=${CMAKE_PREFIX_PATH}:/opt/ros/jazzy DEBUGINFOD_URLS=https://debuginfod.ubuntu.com /usr/bin/cmake /home/tao-jazzy/ros2_ws/src/cpp_pubsub -DCMAKE_INSTALL_PREFIX=/home/tao-jazzy/ros2_ws/install/cpp_pubsub
[4.932s] INFO:colcon.colcon_core.task.python.build:Building Python package in '/home/tao-jazzy/ros2_ws/src/py_pubsub'
[4.932s] INFO:colcon.colcon_core.shell:Skip shell extension 'powershell' for command environment: Not usable outside of PowerShell
[4.932s] DEBUG:colcon.colcon_core.shell:Skip shell extension 'dsv' for command environment
[8.151s] DEBUG:colcon.colcon_core.event_handler.log_command:Invoked command in '/home/tao-jazzy/ros2_ws/build/cpp_pubsub' returned '0': CMAKE_PREFIX_PATH=${CMAKE_PREFIX_PATH}:/opt/ros/jazzy DEBUGINFOD_URLS=https://debuginfod.ubuntu.com /usr/bin/cmake /home/tao-jazzy/ros2_ws/src/cpp_pubsub -DCMAKE_INSTALL_PREFIX=/home/tao-jazzy/ros2_ws/install/cpp_pubsub
[8.152s] DEBUG:colcon.colcon_core.event_handler.log_command:Invoking command in '/home/tao-jazzy/ros2_ws/build/cpp_pubsub': CMAKE_PREFIX_PATH=${CMAKE_PREFIX_PATH}:/opt/ros/jazzy DEBUGINFOD_URLS=https://debuginfod.ubuntu.com /usr/bin/cmake --build /home/tao-jazzy/ros2_ws/build/cpp_pubsub -- -j4 -l4
[8.588s] DEBUG:colcon.colcon_core.event_handler.log_command:Invoking command in '/home/tao-jazzy/ros2_ws/src/py_pubsub': DEBUGINFOD_URLS=https://debuginfod.ubuntu.com PYTHONPATH=/home/tao-jazzy/ros2_ws/build/py_pubsub/prefix_override:/usr/lib/python3/dist-packages/colcon_core/task/python/colcon_distutils_commands:/home/tao-jazzy/ros2_ws/install/py_pubsub/lib/python3.12/site-packages:${PYTHONPATH} /usr/bin/python3 -W ignore:setup.py install is deprecated setup.py egg_info --egg-base ../../build/py_pubsub build --build-base /home/tao-jazzy/ros2_ws/build/py_pubsub/build install --record /home/tao-jazzy/ros2_ws/build/py_pubsub/install.log --single-version-externally-managed install_data
[9.592s] DEBUG:colcon.colcon_core.event_handler.log_command:Invoked command in '/home/tao-jazzy/ros2_ws/src/py_pubsub' returned '0': DEBUGINFOD_URLS=https://debuginfod.ubuntu.com PYTHONPATH=/home/tao-jazzy/ros2_ws/build/py_pubsub/prefix_override:/usr/lib/python3/dist-packages/colcon_core/task/python/colcon_distutils_commands:/home/tao-jazzy/ros2_ws/install/py_pubsub/lib/python3.12/site-packages:${PYTHONPATH} /usr/bin/python3 -W ignore:setup.py install is deprecated setup.py egg_info --egg-base ../../build/py_pubsub build --build-base /home/tao-jazzy/ros2_ws/build/py_pubsub/build install --record /home/tao-jazzy/ros2_ws/build/py_pubsub/install.log --single-version-externally-managed install_data
[9.624s] Level 1:colcon.colcon_core.environment:checking '/home/tao-jazzy/ros2_ws/install/py_pubsub' for CMake module files
[9.628s] Level 1:colcon.colcon_core.environment:checking '/home/tao-jazzy/ros2_ws/install/py_pubsub' for CMake config files
[9.634s] Level 1:colcon.colcon_core.environment:checking '/home/tao-jazzy/ros2_ws/install/py_pubsub/lib'
[9.635s] Level 1:colcon.colcon_core.environment:checking '/home/tao-jazzy/ros2_ws/install/py_pubsub/bin'
[9.636s] Level 1:colcon.colcon_core.environment:checking '/home/tao-jazzy/ros2_ws/install/py_pubsub/lib/pkgconfig/py_pubsub.pc'
[9.636s] Level 1:colcon.colcon_core.environment:checking '/home/tao-jazzy/ros2_ws/install/py_pubsub/lib/python3.12/site-packages'
[9.637s] Level 1:colcon.colcon_core.shell:create_environment_hook('py_pubsub', 'pythonpath')
[9.637s] INFO:colcon.colcon_core.shell:Creating environment hook '/home/tao-jazzy/ros2_ws/install/py_pubsub/share/py_pubsub/hook/pythonpath.ps1'
[9.638s] INFO:colcon.colcon_core.shell:Creating environment descriptor '/home/tao-jazzy/ros2_ws/install/py_pubsub/share/py_pubsub/hook/pythonpath.dsv'
[9.638s] INFO:colcon.colcon_core.shell:Creating environment hook '/home/tao-jazzy/ros2_ws/install/py_pubsub/share/py_pubsub/hook/pythonpath.sh'
[9.642s] Level 1:colcon.colcon_core.environment:checking '/home/tao-jazzy/ros2_ws/install/py_pubsub/bin'
[9.642s] Level 1:colcon.colcon_core.environment:create_environment_scripts_only(py_pubsub)
[9.643s] INFO:colcon.colcon_core.shell:Creating package script '/home/tao-jazzy/ros2_ws/install/py_pubsub/share/py_pubsub/package.ps1'
[9.647s] INFO:colcon.colcon_core.shell:Creating package descriptor '/home/tao-jazzy/ros2_ws/install/py_pubsub/share/py_pubsub/package.dsv'
[9.650s] INFO:colcon.colcon_core.shell:Creating package script '/home/tao-jazzy/ros2_ws/install/py_pubsub/share/py_pubsub/package.sh'
[9.653s] INFO:colcon.colcon_core.shell:Creating package script '/home/tao-jazzy/ros2_ws/install/py_pubsub/share/py_pubsub/package.bash'
[9.656s] INFO:colcon.colcon_core.shell:Creating package script '/home/tao-jazzy/ros2_ws/install/py_pubsub/share/py_pubsub/package.zsh'
[9.659s] Level 1:colcon.colcon_core.environment:create_file_with_runtime_dependencies(/home/tao-jazzy/ros2_ws/install/py_pubsub/share/colcon-core/packages/py_pubsub)
[28.510s] DEBUG:colcon.colcon_core.event_handler.log_command:Invoked command in '/home/tao-jazzy/ros2_ws/build/cpp_pubsub' returned '0': CMAKE_PREFIX_PATH=${CMAKE_PREFIX_PATH}:/opt/ros/jazzy DEBUGINFOD_URLS=https://debuginfod.ubuntu.com /usr/bin/cmake --build /home/tao-jazzy/ros2_ws/build/cpp_pubsub -- -j4 -l4
[28.701s] DEBUG:colcon.colcon_core.event_handler.log_command:Invoking command in '/home/tao-jazzy/ros2_ws/build/cpp_pubsub': CMAKE_PREFIX_PATH=${CMAKE_PREFIX_PATH}:/opt/ros/jazzy DEBUGINFOD_URLS=https://debuginfod.ubuntu.com /usr/bin/cmake --install /home/tao-jazzy/ros2_ws/build/cpp_pubsub
[28.767s] Level 1:colcon.colcon_core.environment:create_environment_scripts_only(cpp_pubsub)
[28.768s] Level 1:colcon.colcon_core.environment:checking '/home/tao-jazzy/ros2_ws/install/cpp_pubsub' for CMake module files
[28.770s] Level 1:colcon.colcon_core.environment:checking '/home/tao-jazzy/ros2_ws/install/cpp_pubsub' for CMake config files
[28.770s] Level 1:colcon.colcon_core.shell:create_environment_hook('cpp_pubsub', 'cmake_prefix_path')
[28.771s] INFO:colcon.colcon_core.shell:Creating environment hook '/home/tao-jazzy/ros2_ws/install/cpp_pubsub/share/cpp_pubsub/hook/cmake_prefix_path.ps1'
[28.771s] INFO:colcon.colcon_core.shell:Creating environment descriptor '/home/tao-jazzy/ros2_ws/install/cpp_pubsub/share/cpp_pubsub/hook/cmake_prefix_path.dsv'
[28.775s] INFO:colcon.colcon_core.shell:Creating environment hook '/home/tao-jazzy/ros2_ws/install/cpp_pubsub/share/cpp_pubsub/hook/cmake_prefix_path.sh'
[28.776s] Level 1:colcon.colcon_core.environment:checking '/home/tao-jazzy/ros2_ws/install/cpp_pubsub/lib'
[28.777s] Level 1:colcon.colcon_core.environment:checking '/home/tao-jazzy/ros2_ws/install/cpp_pubsub/bin'
[28.777s] Level 1:colcon.colcon_core.environment:checking '/home/tao-jazzy/ros2_ws/install/cpp_pubsub/lib/pkgconfig/cpp_pubsub.pc'
[28.777s] Level 1:colcon.colcon_core.environment:checking '/home/tao-jazzy/ros2_ws/install/cpp_pubsub/lib/python3.12/site-packages'
[28.777s] Level 1:colcon.colcon_core.environment:checking '/home/tao-jazzy/ros2_ws/install/cpp_pubsub/bin'
[28.778s] INFO:colcon.colcon_core.shell:Creating package script '/home/tao-jazzy/ros2_ws/install/cpp_pubsub/share/cpp_pubsub/package.ps1'
[28.783s] DEBUG:colcon.colcon_core.event_handler.log_command:Invoked command in '/home/tao-jazzy/ros2_ws/build/cpp_pubsub' returned '0': CMAKE_PREFIX_PATH=${CMAKE_PREFIX_PATH}:/opt/ros/jazzy DEBUGINFOD_URLS=https://debuginfod.ubuntu.com /usr/bin/cmake --install /home/tao-jazzy/ros2_ws/build/cpp_pubsub
[28.784s] INFO:colcon.colcon_core.shell:Creating package descriptor '/home/tao-jazzy/ros2_ws/install/cpp_pubsub/share/cpp_pubsub/package.dsv'
[28.785s] INFO:colcon.colcon_core.shell:Creating package script '/home/tao-jazzy/ros2_ws/install/cpp_pubsub/share/cpp_pubsub/package.sh'
[28.785s] INFO:colcon.colcon_core.shell:Creating package script '/home/tao-jazzy/ros2_ws/install/cpp_pubsub/share/cpp_pubsub/package.bash'
[28.786s] INFO:colcon.colcon_core.shell:Creating package script '/home/tao-jazzy/ros2_ws/install/cpp_pubsub/share/cpp_pubsub/package.zsh'
[28.787s] Level 1:colcon.colcon_core.environment:create_file_with_runtime_dependencies(/home/tao-jazzy/ros2_ws/install/cpp_pubsub/share/colcon-core/packages/cpp_pubsub)
[28.883s] Level 1:colcon.colcon_core.environment:create_environment_scripts_only(cpp_pubsub)
[28.883s] Level 1:colcon.colcon_core.environment:checking '/home/tao-jazzy/ros2_ws/install/cpp_pubsub' for CMake module files
[28.884s] Level 1:colcon.colcon_core.environment:checking '/home/tao-jazzy/ros2_ws/install/cpp_pubsub' for CMake config files
[28.885s] Level 1:colcon.colcon_core.shell:create_environment_hook('cpp_pubsub', 'cmake_prefix_path')
[28.885s] INFO:colcon.colcon_core.shell:Creating environment hook '/home/tao-jazzy/ros2_ws/install/cpp_pubsub/share/cpp_pubsub/hook/cmake_prefix_path.ps1'
[28.886s] INFO:colcon.colcon_core.shell:Creating environment descriptor '/home/tao-jazzy/ros2_ws/install/cpp_pubsub/share/cpp_pubsub/hook/cmake_prefix_path.dsv'
[28.887s] INFO:colcon.colcon_core.shell:Creating environment hook '/home/tao-jazzy/ros2_ws/install/cpp_pubsub/share/cpp_pubsub/hook/cmake_prefix_path.sh'
[28.888s] Level 1:colcon.colcon_core.environment:checking '/home/tao-jazzy/ros2_ws/install/cpp_pubsub/lib'
[28.888s] Level 1:colcon.colcon_core.environment:checking '/home/tao-jazzy/ros2_ws/install/cpp_pubsub/bin'
[28.888s] Level 1:colcon.colcon_core.environment:checking '/home/tao-jazzy/ros2_ws/install/cpp_pubsub/lib/pkgconfig/cpp_pubsub.pc'
[28.889s] Level 1:colcon.colcon_core.environment:checking '/home/tao-jazzy/ros2_ws/install/cpp_pubsub/lib/python3.12/site-packages'
[28.889s] Level 1:colcon.colcon_core.environment:checking '/home/tao-jazzy/ros2_ws/install/cpp_pubsub/bin'
[28.890s] INFO:colcon.colcon_core.shell:Creating package script '/home/tao-jazzy/ros2_ws/install/cpp_pubsub/share/cpp_pubsub/package.ps1'
[28.891s] INFO:colcon.colcon_core.shell:Creating package descriptor '/home/tao-jazzy/ros2_ws/install/cpp_pubsub/share/cpp_pubsub/package.dsv'
[28.891s] INFO:colcon.colcon_core.shell:Creating package script '/home/tao-jazzy/ros2_ws/install/cpp_pubsub/share/cpp_pubsub/package.sh'
[28.892s] INFO:colcon.colcon_core.shell:Creating package script '/home/tao-jazzy/ros2_ws/install/cpp_pubsub/share/cpp_pubsub/package.bash'
[28.895s] INFO:colcon.colcon_core.shell:Creating package script '/home/tao-jazzy/ros2_ws/install/cpp_pubsub/share/cpp_pubsub/package.zsh'
[28.896s] Level 1:colcon.colcon_core.environment:create_file_with_runtime_dependencies(/home/tao-jazzy/ros2_ws/install/cpp_pubsub/share/colcon-core/packages/cpp_pubsub)
[28.898s] DEBUG:colcon.colcon_parallel_executor.executor.parallel:closing loop
[28.899s] DEBUG:colcon.colcon_parallel_executor.executor.parallel:loop closed
[28.899s] DEBUG:colcon.colcon_parallel_executor.executor.parallel:run_until_complete finished with '0'
[28.900s] DEBUG:colcon.colcon_core.event_reactor:joining thread
[28.940s] INFO:colcon.colcon_core.plugin_system:Skipping extension 'colcon_notification.desktop_notification.terminal_notifier': Not used on non-Darwin systems
[28.940s] INFO:colcon.colcon_core.plugin_system:Skipping extension 'colcon_notification.desktop_notification.win32': Not used on non-Windows systems
[28.941s] INFO:colcon.colcon_notification.desktop_notification:Sending desktop notification using 'notify2'
[29.010s] DEBUG:colcon.colcon_core.event_reactor:joined thread
[29.011s] INFO:colcon.colcon_core.shell:Creating prefix script '/home/tao-jazzy/ros2_ws/install/local_setup.ps1'
[29.019s] INFO:colcon.colcon_core.shell:Creating prefix util module '/home/tao-jazzy/ros2_ws/install/_local_setup_util_ps1.py'
[29.023s] INFO:colcon.colcon_core.shell:Creating prefix chain script '/home/tao-jazzy/ros2_ws/install/setup.ps1'
[29.026s] INFO:colcon.colcon_core.shell:Creating prefix script '/home/tao-jazzy/ros2_ws/install/local_setup.sh'
[29.029s] INFO:colcon.colcon_core.shell:Creating prefix util module '/home/tao-jazzy/ros2_ws/install/_local_setup_util_sh.py'
[29.030s] INFO:colcon.colcon_core.shell:Creating prefix chain script '/home/tao-jazzy/ros2_ws/install/setup.sh'
[29.033s] INFO:colcon.colcon_core.shell:Creating prefix script '/home/tao-jazzy/ros2_ws/install/local_setup.bash'
[29.037s] INFO:colcon.colcon_core.shell:Creating prefix chain script '/home/tao-jazzy/ros2_ws/install/setup.bash'
[29.040s] INFO:colcon.colcon_core.shell:Creating prefix script '/home/tao-jazzy/ros2_ws/install/local_setup.zsh'
[29.042s] INFO:colcon.colcon_core.shell:Creating prefix chain script '/home/tao-jazzy/ros2_ws/install/setup.zsh'
