[0.019s] Invoking command in '/home/tao-jazzy/ros2_ws/build/serial_motor_demo_msgs': CMAKE_PREFIX_PATH=${CMAKE_PREFIX_PATH}:/home/tao-jazzy/ros2_ws/install/py_pubsub:/opt/ros/jazzy DEBUGINFOD_URLS=https://debuginfod.ubuntu.com /usr/bin/cmake --build /home/tao-jazzy/ros2_ws/build/serial_motor_demo_msgs -- -j4 -l4
[0.101s] [  1%] Built target serial_motor_demo_msgs__rosidl_generator_type_description
[0.112s] [  1%] Built target ament_cmake_python_symlink_serial_motor_demo_msgs
[0.132s] [  3%] Built target serial_motor_demo_msgs__cpp
[0.140s] [ 24%] Built target serial_motor_demo_msgs__rosidl_generator_c
[0.283s] [ 33%] Built target serial_motor_demo_msgs__rosidl_typesupport_cpp
[0.313s] [ 42%] Built target serial_motor_demo_msgs__rosidl_typesupport_introspection_c
[0.351s] [ 51%] Built target serial_motor_demo_msgs__rosidl_typesupport_c
[0.376s] [ 61%] Built target serial_motor_demo_msgs__rosidl_typesupport_fastrtps_cpp
[0.399s] [ 70%] Built target serial_motor_demo_msgs__rosidl_typesupport_introspection_cpp
[0.444s] [ 79%] Built target serial_motor_demo_msgs__rosidl_typesupport_fastrtps_c
[0.504s] [ 79%] Built target serial_motor_demo_msgs
[0.561s] [ 81%] Built target serial_motor_demo_msgs__py
[0.635s] [ 88%] Built target serial_motor_demo_msgs__rosidl_generator_py
[0.646s] running egg_info
[0.721s] [ 92%] Built target serial_motor_demo_msgs_s__rosidl_typesupport_c
[0.722s] writing serial_motor_demo_msgs.egg-info/PKG-INFO
[0.722s] writing dependency_links to serial_motor_demo_msgs.egg-info/dependency_links.txt
[0.724s] [ 96%] Built target serial_motor_demo_msgs_s__rosidl_typesupport_fastrtps_c
[0.724s] writing top-level names to serial_motor_demo_msgs.egg-info/top_level.txt
[0.768s] [100%] Built target serial_motor_demo_msgs_s__rosidl_typesupport_introspection_c
[0.779s] reading manifest file 'serial_motor_demo_msgs.egg-info/SOURCES.txt'
[0.780s] writing manifest file 'serial_motor_demo_msgs.egg-info/SOURCES.txt'
[0.820s] [100%] Built target ament_cmake_python_build_serial_motor_demo_msgs_egg
[0.856s] Invoked command in '/home/tao-jazzy/ros2_ws/build/serial_motor_demo_msgs' returned '0': CMAKE_PREFIX_PATH=${CMAKE_PREFIX_PATH}:/home/tao-jazzy/ros2_ws/install/py_pubsub:/opt/ros/jazzy DEBUGINFOD_URLS=https://debuginfod.ubuntu.com /usr/bin/cmake --build /home/tao-jazzy/ros2_ws/build/serial_motor_demo_msgs -- -j4 -l4
[1.360s] Invoking command in '/home/tao-jazzy/ros2_ws/build/serial_motor_demo_msgs': CMAKE_PREFIX_PATH=${CMAKE_PREFIX_PATH}:/home/tao-jazzy/ros2_ws/install/py_pubsub:/opt/ros/jazzy DEBUGINFOD_URLS=https://debuginfod.ubuntu.com /usr/bin/cmake --install /home/tao-jazzy/ros2_ws/build/serial_motor_demo_msgs
[1.377s] -- Install configuration: ""
[1.377s] -- Execute custom install script
[1.378s] -- Up-to-date symlink: /home/tao-jazzy/ros2_ws/install/serial_motor_demo_msgs/share/ament_index/resource_index/rosidl_interfaces/serial_motor_demo_msgs
[1.378s] -- Up-to-date symlink: /home/tao-jazzy/ros2_ws/install/serial_motor_demo_msgs/share/serial_motor_demo_msgs/msg/MotorCommand.json
[1.378s] -- Up-to-date symlink: /home/tao-jazzy/ros2_ws/install/serial_motor_demo_msgs/share/serial_motor_demo_msgs/msg/MotorVels.json
[1.379s] -- Up-to-date symlink: /home/tao-jazzy/ros2_ws/install/serial_motor_demo_msgs/share/serial_motor_demo_msgs/msg/EncoderVals.json
[1.380s] -- Up-to-date symlink: /home/tao-jazzy/ros2_ws/install/serial_motor_demo_msgs/include/serial_motor_demo_msgs/serial_motor_demo_msgs/msg/detail/encoder_vals__functions.h
[1.382s] -- Up-to-date symlink: /home/tao-jazzy/ros2_ws/install/serial_motor_demo_msgs/include/serial_motor_demo_msgs/serial_motor_demo_msgs/msg/detail/encoder_vals__struct.h
[1.382s] -- Up-to-date symlink: /home/tao-jazzy/ros2_ws/install/serial_motor_demo_msgs/include/serial_motor_demo_msgs/serial_motor_demo_msgs/msg/detail/encoder_vals__type_support.h
[1.383s] -- Up-to-date symlink: /home/tao-jazzy/ros2_ws/install/serial_motor_demo_msgs/include/serial_motor_demo_msgs/serial_motor_demo_msgs/msg/detail/motor_command__functions.h
[1.383s] -- Up-to-date symlink: /home/tao-jazzy/ros2_ws/install/serial_motor_demo_msgs/include/serial_motor_demo_msgs/serial_motor_demo_msgs/msg/detail/motor_command__struct.h
[1.383s] -- Up-to-date symlink: /home/tao-jazzy/ros2_ws/install/serial_motor_demo_msgs/include/serial_motor_demo_msgs/serial_motor_demo_msgs/msg/detail/motor_command__type_support.h
[1.383s] -- Up-to-date symlink: /home/tao-jazzy/ros2_ws/install/serial_motor_demo_msgs/include/serial_motor_demo_msgs/serial_motor_demo_msgs/msg/detail/motor_vels__functions.h
[1.384s] -- Up-to-date symlink: /home/tao-jazzy/ros2_ws/install/serial_motor_demo_msgs/include/serial_motor_demo_msgs/serial_motor_demo_msgs/msg/detail/motor_vels__struct.h
[1.384s] -- Up-to-date symlink: /home/tao-jazzy/ros2_ws/install/serial_motor_demo_msgs/include/serial_motor_demo_msgs/serial_motor_demo_msgs/msg/detail/motor_vels__type_support.h
[1.384s] -- Up-to-date symlink: /home/tao-jazzy/ros2_ws/install/serial_motor_demo_msgs/include/serial_motor_demo_msgs/serial_motor_demo_msgs/msg/encoder_vals.h
[1.384s] -- Up-to-date symlink: /home/tao-jazzy/ros2_ws/install/serial_motor_demo_msgs/include/serial_motor_demo_msgs/serial_motor_demo_msgs/msg/motor_command.h
[1.384s] -- Up-to-date symlink: /home/tao-jazzy/ros2_ws/install/serial_motor_demo_msgs/include/serial_motor_demo_msgs/serial_motor_demo_msgs/msg/motor_vels.h
[1.384s] -- Up-to-date symlink: /home/tao-jazzy/ros2_ws/install/serial_motor_demo_msgs/include/serial_motor_demo_msgs/serial_motor_demo_msgs/msg/rosidl_generator_c__visibility_control.h
[1.384s] -- Up-to-date symlink: /home/tao-jazzy/ros2_ws/install/serial_motor_demo_msgs/share/serial_motor_demo_msgs/environment/library_path.sh
[1.384s] -- Up-to-date symlink: /home/tao-jazzy/ros2_ws/install/serial_motor_demo_msgs/share/serial_motor_demo_msgs/environment/library_path.dsv
[1.385s] -- Up-to-date symlink: /home/tao-jazzy/ros2_ws/install/serial_motor_demo_msgs/include/serial_motor_demo_msgs/serial_motor_demo_msgs/msg/detail/encoder_vals__rosidl_typesupport_fastrtps_c.h
[1.388s] -- Up-to-date symlink: /home/tao-jazzy/ros2_ws/install/serial_motor_demo_msgs/include/serial_motor_demo_msgs/serial_motor_demo_msgs/msg/detail/motor_command__rosidl_typesupport_fastrtps_c.h
[1.388s] -- Up-to-date symlink: /home/tao-jazzy/ros2_ws/install/serial_motor_demo_msgs/include/serial_motor_demo_msgs/serial_motor_demo_msgs/msg/detail/motor_vels__rosidl_typesupport_fastrtps_c.h
[1.388s] -- Up-to-date symlink: /home/tao-jazzy/ros2_ws/install/serial_motor_demo_msgs/include/serial_motor_demo_msgs/serial_motor_demo_msgs/msg/rosidl_typesupport_fastrtps_c__visibility_control.h
[1.388s] -- Up-to-date symlink: /home/tao-jazzy/ros2_ws/install/serial_motor_demo_msgs/include/serial_motor_demo_msgs/serial_motor_demo_msgs/msg/detail/encoder_vals__rosidl_typesupport_introspection_c.h
[1.388s] -- Up-to-date symlink: /home/tao-jazzy/ros2_ws/install/serial_motor_demo_msgs/include/serial_motor_demo_msgs/serial_motor_demo_msgs/msg/detail/motor_command__rosidl_typesupport_introspection_c.h
[1.388s] -- Up-to-date symlink: /home/tao-jazzy/ros2_ws/install/serial_motor_demo_msgs/include/serial_motor_demo_msgs/serial_motor_demo_msgs/msg/detail/motor_vels__rosidl_typesupport_introspection_c.h
[1.389s] -- Up-to-date symlink: /home/tao-jazzy/ros2_ws/install/serial_motor_demo_msgs/include/serial_motor_demo_msgs/serial_motor_demo_msgs/msg/rosidl_typesupport_introspection_c__visibility_control.h
[1.389s] -- Up-to-date symlink: /home/tao-jazzy/ros2_ws/install/serial_motor_demo_msgs/include/serial_motor_demo_msgs/serial_motor_demo_msgs/msg/detail/encoder_vals__builder.hpp
[1.389s] -- Up-to-date symlink: /home/tao-jazzy/ros2_ws/install/serial_motor_demo_msgs/include/serial_motor_demo_msgs/serial_motor_demo_msgs/msg/detail/encoder_vals__struct.hpp
[1.389s] -- Up-to-date symlink: /home/tao-jazzy/ros2_ws/install/serial_motor_demo_msgs/include/serial_motor_demo_msgs/serial_motor_demo_msgs/msg/detail/encoder_vals__traits.hpp
[1.389s] -- Up-to-date symlink: /home/tao-jazzy/ros2_ws/install/serial_motor_demo_msgs/include/serial_motor_demo_msgs/serial_motor_demo_msgs/msg/detail/encoder_vals__type_support.hpp
[1.389s] -- Up-to-date symlink: /home/tao-jazzy/ros2_ws/install/serial_motor_demo_msgs/include/serial_motor_demo_msgs/serial_motor_demo_msgs/msg/detail/motor_command__builder.hpp
[1.389s] -- Up-to-date symlink: /home/tao-jazzy/ros2_ws/install/serial_motor_demo_msgs/include/serial_motor_demo_msgs/serial_motor_demo_msgs/msg/detail/motor_command__struct.hpp
[1.389s] -- Up-to-date symlink: /home/tao-jazzy/ros2_ws/install/serial_motor_demo_msgs/include/serial_motor_demo_msgs/serial_motor_demo_msgs/msg/detail/motor_command__traits.hpp
[1.389s] -- Up-to-date symlink: /home/tao-jazzy/ros2_ws/install/serial_motor_demo_msgs/include/serial_motor_demo_msgs/serial_motor_demo_msgs/msg/detail/motor_command__type_support.hpp
[1.389s] -- Up-to-date symlink: /home/tao-jazzy/ros2_ws/install/serial_motor_demo_msgs/include/serial_motor_demo_msgs/serial_motor_demo_msgs/msg/detail/motor_vels__builder.hpp
[1.389s] -- Up-to-date symlink: /home/tao-jazzy/ros2_ws/install/serial_motor_demo_msgs/include/serial_motor_demo_msgs/serial_motor_demo_msgs/msg/detail/motor_vels__struct.hpp
[1.389s] -- Up-to-date symlink: /home/tao-jazzy/ros2_ws/install/serial_motor_demo_msgs/include/serial_motor_demo_msgs/serial_motor_demo_msgs/msg/detail/motor_vels__traits.hpp
[1.389s] -- Up-to-date symlink: /home/tao-jazzy/ros2_ws/install/serial_motor_demo_msgs/include/serial_motor_demo_msgs/serial_motor_demo_msgs/msg/detail/motor_vels__type_support.hpp
[1.389s] -- Up-to-date symlink: /home/tao-jazzy/ros2_ws/install/serial_motor_demo_msgs/include/serial_motor_demo_msgs/serial_motor_demo_msgs/msg/encoder_vals.hpp
[1.390s] -- Up-to-date symlink: /home/tao-jazzy/ros2_ws/install/serial_motor_demo_msgs/include/serial_motor_demo_msgs/serial_motor_demo_msgs/msg/motor_command.hpp
[1.390s] -- Up-to-date symlink: /home/tao-jazzy/ros2_ws/install/serial_motor_demo_msgs/include/serial_motor_demo_msgs/serial_motor_demo_msgs/msg/motor_vels.hpp
[1.390s] -- Up-to-date symlink: /home/tao-jazzy/ros2_ws/install/serial_motor_demo_msgs/include/serial_motor_demo_msgs/serial_motor_demo_msgs/msg/rosidl_generator_cpp__visibility_control.hpp
[1.391s] -- Up-to-date symlink: /home/tao-jazzy/ros2_ws/install/serial_motor_demo_msgs/include/serial_motor_demo_msgs/serial_motor_demo_msgs/msg/detail/encoder_vals__rosidl_typesupport_fastrtps_cpp.hpp
[1.391s] -- Up-to-date symlink: /home/tao-jazzy/ros2_ws/install/serial_motor_demo_msgs/include/serial_motor_demo_msgs/serial_motor_demo_msgs/msg/detail/motor_command__rosidl_typesupport_fastrtps_cpp.hpp
[1.391s] -- Up-to-date symlink: /home/tao-jazzy/ros2_ws/install/serial_motor_demo_msgs/include/serial_motor_demo_msgs/serial_motor_demo_msgs/msg/detail/motor_vels__rosidl_typesupport_fastrtps_cpp.hpp
[1.391s] -- Up-to-date symlink: /home/tao-jazzy/ros2_ws/install/serial_motor_demo_msgs/include/serial_motor_demo_msgs/serial_motor_demo_msgs/msg/rosidl_typesupport_fastrtps_cpp__visibility_control.h
[1.392s] -- Up-to-date symlink: /home/tao-jazzy/ros2_ws/install/serial_motor_demo_msgs/include/serial_motor_demo_msgs/serial_motor_demo_msgs/msg/detail/encoder_vals__rosidl_typesupport_introspection_cpp.hpp
[1.392s] -- Up-to-date symlink: /home/tao-jazzy/ros2_ws/install/serial_motor_demo_msgs/include/serial_motor_demo_msgs/serial_motor_demo_msgs/msg/detail/motor_command__rosidl_typesupport_introspection_cpp.hpp
[1.393s] -- Up-to-date symlink: /home/tao-jazzy/ros2_ws/install/serial_motor_demo_msgs/include/serial_motor_demo_msgs/serial_motor_demo_msgs/msg/detail/motor_vels__rosidl_typesupport_introspection_cpp.hpp
[1.393s] -- Up-to-date symlink: /home/tao-jazzy/ros2_ws/install/serial_motor_demo_msgs/share/serial_motor_demo_msgs/environment/pythonpath.sh
[1.395s] -- Up-to-date symlink: /home/tao-jazzy/ros2_ws/install/serial_motor_demo_msgs/share/serial_motor_demo_msgs/environment/pythonpath.dsv
[1.395s] -- Up-to-date symlink: /home/tao-jazzy/ros2_ws/install/serial_motor_demo_msgs/lib/python3.12/site-packages/serial_motor_demo_msgs-0.0.0-py3.12.egg-info/PKG-INFO
[1.395s] -- Up-to-date symlink: /home/tao-jazzy/ros2_ws/install/serial_motor_demo_msgs/lib/python3.12/site-packages/serial_motor_demo_msgs-0.0.0-py3.12.egg-info/SOURCES.txt
[1.395s] -- Up-to-date symlink: /home/tao-jazzy/ros2_ws/install/serial_motor_demo_msgs/lib/python3.12/site-packages/serial_motor_demo_msgs-0.0.0-py3.12.egg-info/dependency_links.txt
[1.395s] -- Up-to-date symlink: /home/tao-jazzy/ros2_ws/install/serial_motor_demo_msgs/lib/python3.12/site-packages/serial_motor_demo_msgs-0.0.0-py3.12.egg-info/top_level.txt
[1.395s] -- Up-to-date symlink: /home/tao-jazzy/ros2_ws/install/serial_motor_demo_msgs/lib/python3.12/site-packages/serial_motor_demo_msgs/__init__.py
[1.395s] -- Up-to-date symlink: /home/tao-jazzy/ros2_ws/install/serial_motor_demo_msgs/lib/python3.12/site-packages/serial_motor_demo_msgs/_serial_motor_demo_msgs_s.ep.rosidl_typesupport_c.c
[1.396s] -- Up-to-date symlink: /home/tao-jazzy/ros2_ws/install/serial_motor_demo_msgs/lib/python3.12/site-packages/serial_motor_demo_msgs/_serial_motor_demo_msgs_s.ep.rosidl_typesupport_fastrtps_c.c
[1.396s] -- Up-to-date symlink: /home/tao-jazzy/ros2_ws/install/serial_motor_demo_msgs/lib/python3.12/site-packages/serial_motor_demo_msgs/_serial_motor_demo_msgs_s.ep.rosidl_typesupport_introspection_c.c
[1.396s] -- Up-to-date symlink: /home/tao-jazzy/ros2_ws/install/serial_motor_demo_msgs/lib/python3.12/site-packages/serial_motor_demo_msgs/msg/__init__.py
[1.396s] -- Up-to-date symlink: /home/tao-jazzy/ros2_ws/install/serial_motor_demo_msgs/lib/python3.12/site-packages/serial_motor_demo_msgs/msg/_encoder_vals.py
[1.396s] -- Up-to-date symlink: /home/tao-jazzy/ros2_ws/install/serial_motor_demo_msgs/lib/python3.12/site-packages/serial_motor_demo_msgs/msg/_encoder_vals_s.c
[1.396s] -- Up-to-date symlink: /home/tao-jazzy/ros2_ws/install/serial_motor_demo_msgs/lib/python3.12/site-packages/serial_motor_demo_msgs/msg/_motor_command.py
[1.396s] -- Up-to-date symlink: /home/tao-jazzy/ros2_ws/install/serial_motor_demo_msgs/lib/python3.12/site-packages/serial_motor_demo_msgs/msg/_motor_command_s.c
[1.396s] -- Up-to-date symlink: /home/tao-jazzy/ros2_ws/install/serial_motor_demo_msgs/lib/python3.12/site-packages/serial_motor_demo_msgs/msg/_motor_vels.py
[1.396s] -- Up-to-date symlink: /home/tao-jazzy/ros2_ws/install/serial_motor_demo_msgs/lib/python3.12/site-packages/serial_motor_demo_msgs/msg/_motor_vels_s.c
[1.396s] -- Up-to-date symlink: /home/tao-jazzy/ros2_ws/install/serial_motor_demo_msgs/lib/python3.12/site-packages/serial_motor_demo_msgs/serial_motor_demo_msgs_s__rosidl_typesupport_c.so
[1.396s] -- Up-to-date symlink: /home/tao-jazzy/ros2_ws/install/serial_motor_demo_msgs/lib/python3.12/site-packages/serial_motor_demo_msgs/serial_motor_demo_msgs_s__rosidl_typesupport_fastrtps_c.so
[1.396s] -- Up-to-date symlink: /home/tao-jazzy/ros2_ws/install/serial_motor_demo_msgs/lib/python3.12/site-packages/serial_motor_demo_msgs/serial_motor_demo_msgs_s__rosidl_typesupport_introspection_c.so
[1.397s] -- Up-to-date symlink: /home/tao-jazzy/ros2_ws/install/serial_motor_demo_msgs/lib/python3.12/site-packages/serial_motor_demo_msgs/serial_motor_demo_msgs_s__rosidl_typesupport_fastrtps_c.so
[1.397s] -- Up-to-date symlink: /home/tao-jazzy/ros2_ws/install/serial_motor_demo_msgs/lib/python3.12/site-packages/serial_motor_demo_msgs/serial_motor_demo_msgs_s__rosidl_typesupport_introspection_c.so
[1.397s] -- Up-to-date symlink: /home/tao-jazzy/ros2_ws/install/serial_motor_demo_msgs/lib/python3.12/site-packages/serial_motor_demo_msgs/serial_motor_demo_msgs_s__rosidl_typesupport_c.so
[1.400s] -- Up-to-date symlink: /home/tao-jazzy/ros2_ws/install/serial_motor_demo_msgs/share/serial_motor_demo_msgs/msg/MotorCommand.idl
[1.401s] -- Up-to-date symlink: /home/tao-jazzy/ros2_ws/install/serial_motor_demo_msgs/share/serial_motor_demo_msgs/msg/MotorVels.idl
[1.401s] -- Up-to-date symlink: /home/tao-jazzy/ros2_ws/install/serial_motor_demo_msgs/share/serial_motor_demo_msgs/msg/EncoderVals.idl
[1.401s] -- Up-to-date symlink: /home/tao-jazzy/ros2_ws/install/serial_motor_demo_msgs/share/serial_motor_demo_msgs/msg/MotorCommand.msg
[1.401s] -- Up-to-date symlink: /home/tao-jazzy/ros2_ws/install/serial_motor_demo_msgs/share/serial_motor_demo_msgs/msg/MotorVels.msg
[1.402s] -- Up-to-date symlink: /home/tao-jazzy/ros2_ws/install/serial_motor_demo_msgs/share/serial_motor_demo_msgs/msg/EncoderVals.msg
[1.402s] -- Up-to-date symlink: /home/tao-jazzy/ros2_ws/install/serial_motor_demo_msgs/share/ament_index/resource_index/package_run_dependencies/serial_motor_demo_msgs
[1.402s] -- Up-to-date symlink: /home/tao-jazzy/ros2_ws/install/serial_motor_demo_msgs/share/ament_index/resource_index/parent_prefix_path/serial_motor_demo_msgs
[1.403s] -- Up-to-date symlink: /home/tao-jazzy/ros2_ws/install/serial_motor_demo_msgs/share/serial_motor_demo_msgs/environment/ament_prefix_path.sh
[1.403s] -- Up-to-date symlink: /home/tao-jazzy/ros2_ws/install/serial_motor_demo_msgs/share/serial_motor_demo_msgs/environment/ament_prefix_path.dsv
[1.404s] -- Up-to-date symlink: /home/tao-jazzy/ros2_ws/install/serial_motor_demo_msgs/share/serial_motor_demo_msgs/environment/path.sh
[1.404s] -- Up-to-date symlink: /home/tao-jazzy/ros2_ws/install/serial_motor_demo_msgs/share/serial_motor_demo_msgs/environment/path.dsv
[1.404s] -- Up-to-date symlink: /home/tao-jazzy/ros2_ws/install/serial_motor_demo_msgs/share/serial_motor_demo_msgs/local_setup.bash
[1.405s] -- Up-to-date symlink: /home/tao-jazzy/ros2_ws/install/serial_motor_demo_msgs/share/serial_motor_demo_msgs/local_setup.sh
[1.405s] -- Up-to-date symlink: /home/tao-jazzy/ros2_ws/install/serial_motor_demo_msgs/share/serial_motor_demo_msgs/local_setup.zsh
[1.405s] -- Up-to-date symlink: /home/tao-jazzy/ros2_ws/install/serial_motor_demo_msgs/share/serial_motor_demo_msgs/local_setup.dsv
[1.406s] -- Symlinking: /home/tao-jazzy/ros2_ws/install/serial_motor_demo_msgs/share/serial_motor_demo_msgs/package.dsv
[1.437s] -- Up-to-date symlink: /home/tao-jazzy/ros2_ws/install/serial_motor_demo_msgs/share/ament_index/resource_index/packages/serial_motor_demo_msgs
[1.437s] -- Up-to-date symlink: /home/tao-jazzy/ros2_ws/install/serial_motor_demo_msgs/share/serial_motor_demo_msgs/cmake/rosidl_cmake-extras.cmake
[1.438s] -- Up-to-date symlink: /home/tao-jazzy/ros2_ws/install/serial_motor_demo_msgs/share/serial_motor_demo_msgs/cmake/ament_cmake_export_include_directories-extras.cmake
[1.438s] -- Up-to-date symlink: /home/tao-jazzy/ros2_ws/install/serial_motor_demo_msgs/share/serial_motor_demo_msgs/cmake/ament_cmake_export_libraries-extras.cmake
[1.438s] -- Up-to-date symlink: /home/tao-jazzy/ros2_ws/install/serial_motor_demo_msgs/share/serial_motor_demo_msgs/cmake/ament_cmake_export_targets-extras.cmake
[1.438s] -- Up-to-date symlink: /home/tao-jazzy/ros2_ws/install/serial_motor_demo_msgs/share/serial_motor_demo_msgs/cmake/rosidl_cmake_export_typesupport_targets-extras.cmake
[1.438s] -- Up-to-date symlink: /home/tao-jazzy/ros2_ws/install/serial_motor_demo_msgs/share/serial_motor_demo_msgs/cmake/ament_cmake_export_dependencies-extras.cmake
[1.438s] -- Up-to-date symlink: /home/tao-jazzy/ros2_ws/install/serial_motor_demo_msgs/share/serial_motor_demo_msgs/cmake/rosidl_cmake_export_typesupport_libraries-extras.cmake
[1.439s] -- Up-to-date symlink: /home/tao-jazzy/ros2_ws/install/serial_motor_demo_msgs/share/serial_motor_demo_msgs/cmake/serial_motor_demo_msgsConfig.cmake
[1.439s] -- Up-to-date symlink: /home/tao-jazzy/ros2_ws/install/serial_motor_demo_msgs/share/serial_motor_demo_msgs/cmake/serial_motor_demo_msgsConfig-version.cmake
[1.439s] -- Up-to-date symlink: /home/tao-jazzy/ros2_ws/install/serial_motor_demo_msgs/share/serial_motor_demo_msgs/package.xml
[1.442s] -- Up-to-date: /home/tao-jazzy/ros2_ws/install/serial_motor_demo_msgs/lib/libserial_motor_demo_msgs__rosidl_generator_c.so
[1.442s] -- Up-to-date: /home/tao-jazzy/ros2_ws/install/serial_motor_demo_msgs/lib/libserial_motor_demo_msgs__rosidl_typesupport_fastrtps_c.so
[1.442s] -- Up-to-date: /home/tao-jazzy/ros2_ws/install/serial_motor_demo_msgs/lib/libserial_motor_demo_msgs__rosidl_typesupport_introspection_c.so
[1.442s] -- Up-to-date: /home/tao-jazzy/ros2_ws/install/serial_motor_demo_msgs/lib/libserial_motor_demo_msgs__rosidl_typesupport_c.so
[1.442s] -- Up-to-date: /home/tao-jazzy/ros2_ws/install/serial_motor_demo_msgs/lib/libserial_motor_demo_msgs__rosidl_typesupport_fastrtps_cpp.so
[1.442s] -- Up-to-date: /home/tao-jazzy/ros2_ws/install/serial_motor_demo_msgs/lib/libserial_motor_demo_msgs__rosidl_typesupport_introspection_cpp.so
[1.442s] -- Up-to-date: /home/tao-jazzy/ros2_ws/install/serial_motor_demo_msgs/lib/libserial_motor_demo_msgs__rosidl_typesupport_cpp.so
[1.502s] Listing '/home/tao-jazzy/ros2_ws/install/serial_motor_demo_msgs/lib/python3.12/site-packages/serial_motor_demo_msgs'...
[1.502s] Listing '/home/tao-jazzy/ros2_ws/install/serial_motor_demo_msgs/lib/python3.12/site-packages/serial_motor_demo_msgs/msg'...
[1.514s] -- Up-to-date: /home/tao-jazzy/ros2_ws/install/serial_motor_demo_msgs/lib/libserial_motor_demo_msgs__rosidl_generator_py.so
[1.515s] -- Up-to-date: /home/tao-jazzy/ros2_ws/install/serial_motor_demo_msgs/share/serial_motor_demo_msgs/cmake/export_serial_motor_demo_msgs__rosidl_generator_cExport.cmake
[1.515s] -- Up-to-date: /home/tao-jazzy/ros2_ws/install/serial_motor_demo_msgs/share/serial_motor_demo_msgs/cmake/export_serial_motor_demo_msgs__rosidl_generator_cExport-noconfig.cmake
[1.516s] -- Up-to-date: /home/tao-jazzy/ros2_ws/install/serial_motor_demo_msgs/share/serial_motor_demo_msgs/cmake/export_serial_motor_demo_msgs__rosidl_typesupport_fastrtps_cExport.cmake
[1.516s] -- Up-to-date: /home/tao-jazzy/ros2_ws/install/serial_motor_demo_msgs/share/serial_motor_demo_msgs/cmake/export_serial_motor_demo_msgs__rosidl_typesupport_fastrtps_cExport-noconfig.cmake
[1.516s] -- Up-to-date: /home/tao-jazzy/ros2_ws/install/serial_motor_demo_msgs/share/serial_motor_demo_msgs/cmake/serial_motor_demo_msgs__rosidl_typesupport_introspection_cExport.cmake
[1.517s] -- Up-to-date: /home/tao-jazzy/ros2_ws/install/serial_motor_demo_msgs/share/serial_motor_demo_msgs/cmake/serial_motor_demo_msgs__rosidl_typesupport_introspection_cExport-noconfig.cmake
[1.517s] -- Up-to-date: /home/tao-jazzy/ros2_ws/install/serial_motor_demo_msgs/share/serial_motor_demo_msgs/cmake/serial_motor_demo_msgs__rosidl_typesupport_cExport.cmake
[1.517s] -- Up-to-date: /home/tao-jazzy/ros2_ws/install/serial_motor_demo_msgs/share/serial_motor_demo_msgs/cmake/serial_motor_demo_msgs__rosidl_typesupport_cExport-noconfig.cmake
[1.521s] -- Up-to-date: /home/tao-jazzy/ros2_ws/install/serial_motor_demo_msgs/share/serial_motor_demo_msgs/cmake/export_serial_motor_demo_msgs__rosidl_generator_cppExport.cmake
[1.521s] -- Up-to-date: /home/tao-jazzy/ros2_ws/install/serial_motor_demo_msgs/share/serial_motor_demo_msgs/cmake/export_serial_motor_demo_msgs__rosidl_typesupport_fastrtps_cppExport.cmake
[1.533s] -- Up-to-date: /home/tao-jazzy/ros2_ws/install/serial_motor_demo_msgs/share/serial_motor_demo_msgs/cmake/export_serial_motor_demo_msgs__rosidl_typesupport_fastrtps_cppExport-noconfig.cmake
[1.534s] -- Up-to-date: /home/tao-jazzy/ros2_ws/install/serial_motor_demo_msgs/share/serial_motor_demo_msgs/cmake/serial_motor_demo_msgs__rosidl_typesupport_introspection_cppExport.cmake
[1.534s] -- Up-to-date: /home/tao-jazzy/ros2_ws/install/serial_motor_demo_msgs/share/serial_motor_demo_msgs/cmake/serial_motor_demo_msgs__rosidl_typesupport_introspection_cppExport-noconfig.cmake
[1.534s] -- Up-to-date: /home/tao-jazzy/ros2_ws/install/serial_motor_demo_msgs/share/serial_motor_demo_msgs/cmake/serial_motor_demo_msgs__rosidl_typesupport_cppExport.cmake
[1.534s] -- Up-to-date: /home/tao-jazzy/ros2_ws/install/serial_motor_demo_msgs/share/serial_motor_demo_msgs/cmake/serial_motor_demo_msgs__rosidl_typesupport_cppExport-noconfig.cmake
[1.534s] -- Up-to-date: /home/tao-jazzy/ros2_ws/install/serial_motor_demo_msgs/share/serial_motor_demo_msgs/cmake/export_serial_motor_demo_msgs__rosidl_generator_pyExport.cmake
[1.534s] -- Up-to-date: /home/tao-jazzy/ros2_ws/install/serial_motor_demo_msgs/share/serial_motor_demo_msgs/cmake/export_serial_motor_demo_msgs__rosidl_generator_pyExport-noconfig.cmake
[1.534s] Invoked command in '/home/tao-jazzy/ros2_ws/build/serial_motor_demo_msgs' returned '0': CMAKE_PREFIX_PATH=${CMAKE_PREFIX_PATH}:/home/tao-jazzy/ros2_ws/install/py_pubsub:/opt/ros/jazzy DEBUGINFOD_URLS=https://debuginfod.ubuntu.com /usr/bin/cmake --install /home/tao-jazzy/ros2_ws/build/serial_motor_demo_msgs
